00:22:47 [INFO] mysql: [MySQL] 创建连接池...
00:22:47 [INFO] mysql: [MySQL] 连接池就绪，表结构已检查
00:22:47 [INFO] migrate: [迁移] scan_results.json 不存在，跳过
00:22:47 [INFO] migrate: [迁移] backtest_results.json 不存在，跳过
00:22:47 [INFO] migrate: [迁移] schedule_config: enabled=True
00:22:47 [INFO] migrate: [迁移] 全部完成
00:22:47 [INFO] web_app: [App] MySQL 就绪，已恢复扫描数据
00:22:47 [INFO] web_app: [App] 调度器已启动
00:22:47 [INFO] web_app: [调度器] 启动
00:28:46 [INFO] mysql: [MySQL] 创建连接池...
00:28:46 [INFO] mysql: [MySQL] 连接池就绪，表结构已检查
00:28:46 [INFO] migrate: [迁移] scan_results.json 不存在，跳过
00:28:46 [INFO] migrate: [迁移] backtest_results.json 不存在，跳过
00:28:46 [INFO] migrate: [迁移] schedule_config: enabled=True
00:28:46 [INFO] migrate: [迁移] 全部完成
00:28:46 [INFO] web_app: [App] MySQL 就绪，已恢复扫描数据
00:28:46 [INFO] web_app: [App] 调度器已启动
00:28:46 [INFO] web_app: [调度器] 启动
00:29:28 [INFO] bt_dao: [bt_dao] 回测结果已入库 id=65 strategy=major_capital_accumulation
00:33:04 [INFO] bt_dao: [bt_dao] 回测结果已入库 id=66 strategy=major_capital_accumulation
14:41:56 [INFO] bt_dao: [bt_dao] 回测结果已入库 id=67 strategy=major_capital_accumulation
14:44:18 [INFO] bt_dao: [bt_dao] 回测结果已入库 id=68 strategy=major_capital_accumulation
14:58:02 [INFO] mysql: [MySQL] 连接池已关闭
14:58:02 [INFO] web_app: [App] 调度器+连接池已停止
14:58:03 [INFO] mysql: [MySQL] 创建连接池...
14:58:03 [INFO] mysql: [MySQL] 连接池就绪，表结构已检查
14:58:03 [INFO] migrate: [迁移] scan_results.json 不存在，跳过
14:58:03 [INFO] migrate: [迁移] backtest_results.json 不存在，跳过
14:58:03 [INFO] migrate: [迁移] schedule_config: enabled=True
14:58:03 [INFO] migrate: [迁移] 全部完成
14:58:03 [INFO] web_app: [App] MySQL 就绪，已恢复扫描数据
14:58:03 [INFO] web_app: [App] 调度器已启动
14:58:03 [INFO] web_app: [调度器] 启动
15:35:03 [INFO] web_app: [调度器] 触发主力拉升选股 15:35
15:35:03 [DEBUG] sched_dao: [sched_dao] 配置已更新: {'last_run': '2026-04-07 15:35', 'last_status': 'running'}
15:35:03 [INFO] daily_scan: [日扫描] 开始 定时 主力建仓选股 @ 2026-04-07 15:35
15:35:04 [INFO] screener: [选股][东方财富] 获取 112 只，开始客户端过滤...
15:35:04 [INFO] screener: [选股][东方财富] 客户端过滤后: 112 只
15:35:04 [INFO] screener: [选股] 筛选完成: 112只股票，已缓存到 screen_79bb577e.json
15:35:04 [INFO] daily_scan: [日扫描] 初筛候选股 112 只
15:35:05 [DEBUG] bt_data: [数据] 601233 akshare失败: ('Connection aborted.', RemoteDisconnected('Remote end closed connection without response'))
15:35:05 [DEBUG] bt_data: [数据] 002155 akshare失败: ('Connection aborted.', RemoteDisconnected('Remote end closed connection without response'))
15:35:05 [DEBUG] bt_data: [数据] 002015 akshare失败: ('Connection aborted.', RemoteDisconnected('Remote end closed connection without response'))
15:35:05 [DEBUG] bt_data: [数据] 600392 akshare失败: ('Connection aborted.', RemoteDisconnected('Remote end closed connection without response'))
15:35:05 [DEBUG] bt_data: [数据] 600711 akshare失败: ('Connection aborted.', RemoteDisconnected('Remote end closed connection without response'))
15:35:05 [DEBUG] bt_data: [数据] 000688 akshare失败: ('Connection aborted.', RemoteDisconnected('Remote end closed connection without response'))
15:35:05 [DEBUG] bt_data: [数据] 600195 akshare失败: ('Connection aborted.', RemoteDisconnected('Remote end closed connection without response'))
15:35:05 [DEBUG] bt_data: [数据] 600867 akshare失败: ('Connection aborted.', RemoteDisconnected('Remote end closed connection without response'))
15:35:05 [INFO] bt_data: [数据] 002015 腾讯财经加载77条qfq日线
15:35:05 [INFO] bt_data: [数据] 002015 加载77条日线 (2025-12-08~2026-04-07)
15:35:05 [DEBUG] strategies: [主力建仓] 002015 验证通过 | 验证通过 | 来源: AKShare
15:35:05 [INFO] bt_data: [数据] 002155 腾讯财经加载67条qfq日线
15:35:05 [INFO] bt_data: [数据] 002155 加载67条日线 (2025-12-08~2026-04-07)
15:35:05 [DEBUG] strategies: [主力建仓] 002155 验证通过 | 验证通过 | 来源: AKShare
15:35:05 [INFO] bt_data: [数据] 000688 腾讯财经加载77条qfq日线
15:35:05 [INFO] bt_data: [数据] 000688 加载77条日线 (2025-12-08~2026-04-07)
15:35:05 [DEBUG] strategies: [主力建仓] 000688 验证通过 | 验证通过 | 来源: AKShare
15:35:05 [INFO] bt_data: [数据] 600711 腾讯财经加载77条qfq日线
15:35:05 [INFO] bt_data: [数据] 600711 加载77条日线 (2025-12-08~2026-04-07)
15:35:05 [DEBUG] strategies: [主力建仓] 600711 验证通过 | 验证通过 | 来源: AKShare
15:35:05 [INFO] bt_data: [数据] 600867 腾讯财经加载77条qfq日线
15:35:05 [INFO] bt_data: [数据] 600867 加载77条日线 (2025-12-08~2026-04-07)
15:35:05 [DEBUG] strategies: [主力建仓] 600867 验证通过 | 验证通过 | 来源: AKShare
15:35:05 [INFO] bt_data: [数据] 600195 腾讯财经加载77条qfq日线
15:35:05 [INFO] bt_data: [数据] 600195 加载77条日线 (2025-12-08~2026-04-07)
15:35:05 [DEBUG] strategies: [主力建仓] 600195 验证通过 | 验证通过 | 来源: AKShare
15:35:05 [INFO] bt_data: [数据] 600392 腾讯财经加载77条qfq日线
15:35:05 [INFO] bt_data: [数据] 600392 加载77条日线 (2025-12-08~2026-04-07)
15:35:05 [DEBUG] strategies: [主力建仓] 600392 验证通过 | 验证通过 | 来源: AKShare
15:35:05 [INFO] bt_data: [数据] 601233 腾讯财经加载77条qfq日线
15:35:05 [INFO] bt_data: [数据] 601233 加载77条日线 (2025-12-08~2026-04-07)
15:35:05 [DEBUG] strategies: [主力建仓] 601233 验证通过 | 验证通过 | 来源: AKShare
15:35:05 [DEBUG] bt_data: [数据] 603876 akshare失败: ('Connection aborted.', RemoteDisconnected('Remote end closed connection without response'))
15:35:05 [DEBUG] bt_data: [数据] 002340 akshare失败: ('Connection aborted.', RemoteDisconnected('Remote end closed connection without response'))
15:35:05 [DEBUG] bt_data: [数据] 600595 akshare失败: ('Connection aborted.', RemoteDisconnected('Remote end closed connection without response'))
15:35:05 [DEBUG] bt_data: [数据] 300251 akshare失败: ('Connection aborted.', RemoteDisconnected('Remote end closed connection without response'))
15:35:05 [DEBUG] bt_data: [数据] 300035 akshare失败: ('Connection aborted.', RemoteDisconnected('Remote end closed connection without response'))
15:35:05 [DEBUG] bt_data: [数据] 603358 akshare失败: ('Connection aborted.', RemoteDisconnected('Remote end closed connection without response'))
15:35:05 [DEBUG] bt_data: [数据] 001696 akshare失败: ('Connection aborted.', RemoteDisconnected('Remote end closed connection without response'))
15:35:05 [DEBUG] bt_data: [数据] 002497 akshare失败: ('Connection aborted.', RemoteDisconnected('Remote end closed connection without response'))
15:35:06 [INFO] bt_data: [数据] 002340 腾讯财经加载77条qfq日线
15:35:06 [INFO] bt_data: [数据] 002340 加载77条日线 (2025-12-08~2026-04-07)
15:35:06 [DEBUG] strategies: [主力建仓] 002340 验证通过 | 验证通过 | 来源: AKShare
15:35:06 [INFO] bt_data: [数据] 600595 腾讯财经加载77条qfq日线
15:35:06 [INFO] bt_data: [数据] 600595 加载77条日线 (2025-12-08~2026-04-07)
15:35:06 [DEBUG] strategies: [主力建仓] 600595 验证通过 | 验证通过 | 来源: AKShare
15:35:06 [INFO] bt_data: [数据] 603876 腾讯财经加载77条qfq日线
15:35:06 [INFO] bt_data: [数据] 603876 加载77条日线 (2025-12-08~2026-04-07)
15:35:06 [DEBUG] strategies: [主力建仓] 603876 验证通过 | 验证通过 | 来源: AKShare
15:35:06 [INFO] bt_data: [数据] 300035 腾讯财经加载77条qfq日线
15:35:06 [INFO] bt_data: [数据] 300035 加载77条日线 (2025-12-08~2026-04-07)
15:35:06 [DEBUG] strategies: [主力建仓] 300035 验证通过 | 验证通过 | 来源: AKShare
15:35:06 [INFO] bt_data: [数据] 300251 腾讯财经加载77条qfq日线
15:35:06 [INFO] bt_data: [数据] 300251 加载77条日线 (2025-12-08~2026-04-07)
15:35:06 [DEBUG] strategies: [主力建仓] 300251 验证通过 | 验证通过 | 来源: AKShare
15:35:06 [INFO] bt_data: [数据] 603358 腾讯财经加载77条qfq日线
15:35:06 [INFO] bt_data: [数据] 603358 加载77条日线 (2025-12-08~2026-04-07)
15:35:06 [DEBUG] strategies: [主力建仓] 603358 验证通过 | 验证通过 | 来源: AKShare
15:35:06 [INFO] bt_data: [数据] 001696 腾讯财经加载77条qfq日线
15:35:06 [INFO] bt_data: [数据] 001696 加载77条日线 (2025-12-08~2026-04-07)
15:35:06 [DEBUG] strategies: [主力建仓] 001696 验证通过 | 验证通过 | 来源: AKShare
15:35:06 [INFO] bt_data: [数据] 002497 腾讯财经加载77条qfq日线
15:35:06 [INFO] bt_data: [数据] 002497 加载77条日线 (2025-12-08~2026-04-07)
15:35:06 [DEBUG] strategies: [主力建仓] 002497 验证通过 | 验证通过 | 来源: AKShare
15:35:06 [DEBUG] bt_data: [数据] 600143 akshare失败: ('Connection aborted.', RemoteDisconnected('Remote end closed connection without response'))
15:35:06 [DEBUG] bt_data: [数据] 002402 akshare失败: ('Connection aborted.', RemoteDisconnected('Remote end closed connection without response'))
15:35:06 [DEBUG] bt_data: [数据] 002734 akshare失败: ('Connection aborted.', RemoteDisconnected('Remote end closed connection without response'))
15:35:06 [DEBUG] bt_data: [数据] 600389 akshare失败: ('Connection aborted.', RemoteDisconnected('Remote end closed connection without response'))
15:35:06 [DEBUG] bt_data: [数据] 002396 akshare失败: ('Connection aborted.', RemoteDisconnected('Remote end closed connection without response'))
15:35:06 [DEBUG] bt_data: [数据] 600497 akshare失败: ('Connection aborted.', RemoteDisconnected('Remote end closed connection without response'))
15:35:06 [DEBUG] bt_data: [数据] 600685 akshare失败: ('Connection aborted.', RemoteDisconnected('Remote end closed connection without response'))
15:35:06 [DEBUG] bt_data: [数据] 002440 akshare失败: ('Connection aborted.', RemoteDisconnected('Remote end closed connection without response'))
15:35:06 [INFO] bt_data: [数据] 600143 腾讯财经加载77条qfq日线
15:35:06 [INFO] bt_data: [数据] 600143 加载77条日线 (2025-12-08~2026-04-07)
15:35:06 [DEBUG] strategies: [主力建仓] 600143 验证通过 | 验证通过 | 来源: AKShare
15:35:06 [INFO] bt_data: [数据] 002402 腾讯财经加载77条qfq日线
15:35:06 [INFO] bt_data: [数据] 002402 加载77条日线 (2025-12-08~2026-04-07)
15:35:06 [DEBUG] strategies: [主力建仓] 002402 验证通过 | 验证通过 | 来源: AKShare
15:35:06 [INFO] bt_data: [数据] 002734 腾讯财经加载77条qfq日线
15:35:06 [INFO] bt_data: [数据] 002734 加载77条日线 (2025-12-08~2026-04-07)
15:35:06 [DEBUG] strategies: [主力建仓] 002734 验证通过 | 验证通过 | 来源: AKShare
15:35:06 [INFO] bt_data: [数据] 600389 腾讯财经加载77条qfq日线
15:35:06 [INFO] bt_data: [数据] 600389 加载77条日线 (2025-12-08~2026-04-07)
15:35:06 [DEBUG] strategies: [主力建仓] 600389 验证通过 | 验证通过 | 来源: AKShare
15:35:06 [INFO] bt_data: [数据] 600497 腾讯财经加载77条qfq日线
15:35:06 [INFO] bt_data: [数据] 600497 加载77条日线 (2025-12-08~2026-04-07)
15:35:06 [DEBUG] strategies: [主力建仓] 600497 验证通过 | 验证通过 | 来源: AKShare
15:35:06 [INFO] bt_data: [数据] 600685 腾讯财经加载77条qfq日线
15:35:06 [INFO] bt_data: [数据] 600685 加载77条日线 (2025-12-08~2026-04-07)
15:35:06 [DEBUG] strategies: [主力建仓] 600685 验证通过 | 验证通过 | 来源: AKShare
15:35:06 [INFO] bt_data: [数据] 002440 腾讯财经加载77条qfq日线
15:35:06 [INFO] bt_data: [数据] 002440 加载77条日线 (2025-12-08~2026-04-07)
15:35:06 [DEBUG] strategies: [主力建仓] 002440 验证通过 | 验证通过 | 来源: AKShare
15:35:06 [INFO] bt_data: [数据] 002396 腾讯财经加载77条qfq日线
15:35:06 [INFO] bt_data: [数据] 002396 加载77条日线 (2025-12-08~2026-04-07)
15:35:06 [DEBUG] strategies: [主力建仓] 002396 验证通过 | 验证通过 | 来源: AKShare
15:35:06 [DEBUG] bt_data: [数据] 002203 akshare失败: ('Connection aborted.', RemoteDisconnected('Remote end closed connection without response'))
15:35:06 [DEBUG] bt_data: [数据] 002545 akshare失败: ('Connection aborted.', RemoteDisconnected('Remote end closed connection without response'))
15:35:06 [DEBUG] bt_data: [数据] 300409 akshare失败: ('Connection aborted.', RemoteDisconnected('Remote end closed connection without response'))
15:35:06 [DEBUG] bt_data: [数据] 002755 akshare失败: ('Connection aborted.', RemoteDisconnected('Remote end closed connection without response'))
15:35:06 [DEBUG] bt_data: [数据] 002553 akshare失败: ('Connection aborted.', RemoteDisconnected('Remote end closed connection without response'))
15:35:06 [DEBUG] bt_data: [数据] 300790 akshare失败: ('Connection aborted.', RemoteDisconnected('Remote end closed connection without response'))
15:35:06 [DEBUG] bt_data: [数据] 300201 akshare失败: ('Connection aborted.', RemoteDisconnected('Remote end closed connection without response'))
15:35:06 [DEBUG] bt_data: [数据] 688772 akshare失败: ('Connection aborted.', RemoteDisconnected('Remote end closed connection without response'))
15:35:06 [INFO] bt_data: [数据] 002545 腾讯财经加载77条qfq日线
15:35:06 [INFO] bt_data: [数据] 002545 加载77条日线 (2025-12-08~2026-04-07)
15:35:06 [DEBUG] strategies: [主力建仓] 002545 验证通过 | 验证通过 | 来源: AKShare
15:35:06 [INFO] bt_data: [数据] 002203 腾讯财经加载77条qfq日线
15:35:06 [INFO] bt_data: [数据] 002203 加载77条日线 (2025-12-08~2026-04-07)
15:35:06 [DEBUG] strategies: [主力建仓] 002203 验证通过 | 验证通过 | 来源: AKShare
15:35:06 [INFO] bt_data: [数据] 300409 腾讯财经加载77条qfq日线
15:35:06 [INFO] bt_data: [数据] 300409 加载77条日线 (2025-12-08~2026-04-07)
15:35:06 [DEBUG] strategies: [主力建仓] 300409 验证通过 | 验证通过 | 来源: AKShare
15:35:06 [INFO] bt_data: [数据] 002755 腾讯财经加载77条qfq日线
15:35:06 [INFO] bt_data: [数据] 002755 加载77条日线 (2025-12-08~2026-04-07)
15:35:06 [DEBUG] strategies: [主力建仓] 002755 验证通过 | 验证通过 | 来源: AKShare
15:35:06 [INFO] bt_data: [数据] 300790 腾讯财经加载77条qfq日线
15:35:06 [INFO] bt_data: [数据] 300790 加载77条日线 (2025-12-08~2026-04-07)
15:35:06 [DEBUG] strategies: [主力建仓] 300790 验证通过 | 验证通过 | 来源: AKShare
15:35:06 [INFO] bt_data: [数据] 002553 腾讯财经加载77条qfq日线
15:35:06 [INFO] bt_data: [数据] 002553 加载77条日线 (2025-12-08~2026-04-07)
15:35:06 [DEBUG] strategies: [主力建仓] 002553 验证通过 | 验证通过 | 来源: AKShare
15:35:06 [INFO] bt_data: [数据] 300201 腾讯财经加载77条qfq日线
15:35:06 [INFO] bt_data: [数据] 300201 加载77条日线 (2025-12-08~2026-04-07)
15:35:06 [DEBUG] strategies: [主力建仓] 300201 验证通过 | 验证通过 | 来源: AKShare
15:35:06 [INFO] bt_data: [数据] 688772 腾讯财经加载77条qfq日线
15:35:06 [INFO] bt_data: [数据] 688772 加载77条日线 (2025-12-08~2026-04-07)
15:35:06 [DEBUG] strategies: [主力建仓] 688772 验证通过 | 验证通过 | 来源: AKShare
15:35:06 [DEBUG] bt_data: [数据] 600166 akshare失败: ('Connection aborted.', RemoteDisconnected('Remote end closed connection without response'))
15:35:06 [DEBUG] bt_data: [数据] 301235 akshare失败: ('Connection aborted.', RemoteDisconnected('Remote end closed connection without response'))
15:35:06 [DEBUG] bt_data: [数据] 300772 akshare失败: ('Connection aborted.', RemoteDisconnected('Remote end closed connection without response'))
15:35:06 [DEBUG] bt_data: [数据] 603612 akshare失败: ('Connection aborted.', RemoteDisconnected('Remote end closed connection without response'))
15:35:06 [DEBUG] bt_data: [数据] 002170 akshare失败: ('Connection aborted.', RemoteDisconnected('Remote end closed connection without response'))
15:35:06 [DEBUG] bt_data: [数据] 300681 akshare失败: ('Connection aborted.', RemoteDisconnected('Remote end closed connection without response'))
15:35:06 [DEBUG] bt_data: [数据] 300602 akshare失败: ('Connection aborted.', RemoteDisconnected('Remote end closed connection without response'))
15:35:06 [DEBUG] bt_data: [数据] 601069 akshare失败: ('Connection aborted.', RemoteDisconnected('Remote end closed connection without response'))
15:35:06 [INFO] bt_data: [数据] 300772 腾讯财经加载77条qfq日线
15:35:06 [INFO] bt_data: [数据] 300772 加载77条日线 (2025-12-08~2026-04-07)
15:35:06 [DEBUG] strategies: [主力建仓] 300772 验证通过 | 验证通过 | 来源: AKShare
15:35:06 [INFO] bt_data: [数据] 301235 腾讯财经加载77条qfq日线
15:35:06 [INFO] bt_data: [数据] 301235 加载77条日线 (2025-12-08~2026-04-07)
15:35:06 [DEBUG] strategies: [主力建仓] 301235 验证通过 | 验证通过 | 来源: AKShare
15:35:06 [INFO] bt_data: [数据] 600166 腾讯财经加载77条qfq日线
15:35:06 [INFO] bt_data: [数据] 600166 加载77条日线 (2025-12-08~2026-04-07)
15:35:06 [DEBUG] strategies: [主力建仓] 600166 验证通过 | 验证通过 | 来源: AKShare
15:35:06 [INFO] bt_data: [数据] 603612 腾讯财经加载77条qfq日线
15:35:06 [INFO] bt_data: [数据] 603612 加载77条日线 (2025-12-08~2026-04-07)
15:35:06 [DEBUG] strategies: [主力建仓] 603612 验证通过 | 验证通过 | 来源: AKShare
15:35:06 [INFO] bt_data: [数据] 002170 腾讯财经加载77条qfq日线
15:35:06 [INFO] bt_data: [数据] 002170 加载77条日线 (2025-12-08~2026-04-07)
15:35:06 [DEBUG] strategies: [主力建仓] 002170 验证通过 | 验证通过 | 来源: AKShare
15:35:06 [INFO] bt_data: [数据] 300602 腾讯财经加载77条qfq日线
15:35:06 [INFO] bt_data: [数据] 300602 加载77条日线 (2025-12-08~2026-04-07)
15:35:06 [DEBUG] strategies: [主力建仓] 300602 验证通过 | 验证通过 | 来源: AKShare
15:35:06 [INFO] bt_data: [数据] 300681 腾讯财经加载77条qfq日线
15:35:06 [INFO] bt_data: [数据] 300681 加载77条日线 (2025-12-08~2026-04-07)
15:35:06 [DEBUG] strategies: [主力建仓] 300681 验证通过 | 验证通过 | 来源: AKShare
15:35:06 [DEBUG] bt_data: [数据] 002237 akshare失败: ('Connection aborted.', RemoteDisconnected('Remote end closed connection without response'))
15:35:06 [INFO] bt_data: [数据] 601069 腾讯财经加载77条qfq日线
15:35:06 [INFO] bt_data: [数据] 601069 加载77条日线 (2025-12-08~2026-04-07)
15:35:06 [DEBUG] strategies: [主力建仓] 601069 验证通过 | 验证通过 | 来源: AKShare
15:35:06 [DEBUG] bt_data: [数据] 601162 akshare失败: ('Connection aborted.', RemoteDisconnected('Remote end closed connection without response'))
15:35:06 [DEBUG] bt_data: [数据] 002637 akshare失败: ('Connection aborted.', RemoteDisconnected('Remote end closed connection without response'))
15:35:06 [DEBUG] bt_data: [数据] 003010 akshare失败: ('Connection aborted.', RemoteDisconnected('Remote end closed connection without response'))
15:35:06 [DEBUG] bt_data: [数据] 688136 akshare失败: ('Connection aborted.', RemoteDisconnected('Remote end closed connection without response'))
15:35:06 [DEBUG] bt_data: [数据] 002824 akshare失败: ('Connection aborted.', RemoteDisconnected('Remote end closed connection without response'))
15:35:06 [DEBUG] bt_data: [数据] 600686 akshare失败: ('Connection aborted.', RemoteDisconnected('Remote end closed connection without response'))
15:35:06 [INFO] bt_data: [数据] 002237 腾讯财经加载77条qfq日线
15:35:06 [INFO] bt_data: [数据] 002237 加载77条日线 (2025-12-08~2026-04-07)
15:35:06 [DEBUG] strategies: [主力建仓] 002237 验证通过 | 验证通过 | 来源: AKShare
15:35:06 [DEBUG] bt_data: [数据] 002250 akshare失败: ('Connection aborted.', RemoteDisconnected('Remote end closed connection without response'))
15:35:06 [INFO] bt_data: [数据] 601162 腾讯财经加载77条qfq日线
15:35:06 [INFO] bt_data: [数据] 601162 加载77条日线 (2025-12-08~2026-04-07)
15:35:06 [DEBUG] strategies: [主力建仓] 601162 验证通过 | 验证通过 | 来源: AKShare
15:35:06 [INFO] bt_data: [数据] 002637 腾讯财经加载77条qfq日线
15:35:06 [INFO] bt_data: [数据] 002637 加载77条日线 (2025-12-08~2026-04-07)
15:35:06 [DEBUG] strategies: [主力建仓] 002637 验证通过 | 验证通过 | 来源: AKShare
15:35:06 [INFO] bt_data: [数据] 003010 腾讯财经加载77条qfq日线
15:35:06 [INFO] bt_data: [数据] 003010 加载77条日线 (2025-12-08~2026-04-07)
15:35:06 [DEBUG] strategies: [主力建仓] 003010 验证通过 | 验证通过 | 来源: AKShare
15:35:06 [INFO] bt_data: [数据] 688136 腾讯财经加载77条qfq日线
15:35:06 [INFO] bt_data: [数据] 688136 加载77条日线 (2025-12-08~2026-04-07)
15:35:06 [DEBUG] strategies: [主力建仓] 688136 验证通过 | 验证通过 | 来源: AKShare
15:35:07 [INFO] bt_data: [数据] 002824 腾讯财经加载77条qfq日线
15:35:07 [INFO] bt_data: [数据] 002824 加载77条日线 (2025-12-08~2026-04-07)
15:35:07 [DEBUG] strategies: [主力建仓] 002824 验证通过 | 验证通过 | 来源: AKShare
15:35:07 [INFO] bt_data: [数据] 600686 腾讯财经加载77条qfq日线
15:35:07 [INFO] bt_data: [数据] 600686 加载77条日线 (2025-12-08~2026-04-07)
15:35:07 [DEBUG] strategies: [主力建仓] 600686 验证通过 | 验证通过 | 来源: AKShare
15:35:07 [DEBUG] bt_data: [数据] 688006 akshare失败: ('Connection aborted.', RemoteDisconnected('Remote end closed connection without response'))
15:35:07 [INFO] bt_data: [数据] 002250 腾讯财经加载77条qfq日线
15:35:07 [INFO] bt_data: [数据] 002250 加载77条日线 (2025-12-08~2026-04-07)
15:35:07 [DEBUG] strategies: [主力建仓] 002250 验证通过 | 验证通过 | 来源: AKShare
15:35:07 [DEBUG] bt_data: [数据] 603890 akshare失败: ('Connection aborted.', RemoteDisconnected('Remote end closed connection without response'))
15:35:07 [DEBUG] bt_data: [数据] 002688 akshare失败: ('Connection aborted.', RemoteDisconnected('Remote end closed connection without response'))
15:35:07 [DEBUG] bt_data: [数据] 000876 akshare失败: ('Connection aborted.', RemoteDisconnected('Remote end closed connection without response'))
15:35:07 [DEBUG] bt_data: [数据] 603162 akshare失败: ('Connection aborted.', RemoteDisconnected('Remote end closed connection without response'))
15:35:07 [DEBUG] bt_data: [数据] 301607 akshare失败: ('Connection aborted.', RemoteDisconnected('Remote end closed connection without response'))
15:35:07 [DEBUG] bt_data: [数据] 300041 akshare失败: ('Connection aborted.', RemoteDisconnected('Remote end closed connection without response'))
15:35:07 [INFO] bt_data: [数据] 688006 腾讯财经加载77条qfq日线
15:35:07 [INFO] bt_data: [数据] 688006 加载77条日线 (2025-12-08~2026-04-07)
15:35:07 [DEBUG] strategies: [主力建仓] 688006 验证通过 | 验证通过 | 来源: AKShare
15:35:07 [INFO] bt_data: [数据] 603890 腾讯财经加载77条qfq日线
15:35:07 [INFO] bt_data: [数据] 603890 加载77条日线 (2025-12-08~2026-04-07)
15:35:07 [DEBUG] strategies: [主力建仓] 603890 验证通过 | 验证通过 | 来源: AKShare
15:35:07 [DEBUG] bt_data: [数据] 002448 akshare失败: ('Connection aborted.', RemoteDisconnected('Remote end closed connection without response'))
15:35:07 [INFO] bt_data: [数据] 000876 腾讯财经加载77条qfq日线
15:35:07 [INFO] bt_data: [数据] 000876 加载77条日线 (2025-12-08~2026-04-07)
15:35:07 [DEBUG] strategies: [主力建仓] 000876 验证通过 | 验证通过 | 来源: AKShare
15:35:07 [INFO] bt_data: [数据] 603162 腾讯财经加载77条qfq日线
15:35:07 [INFO] bt_data: [数据] 603162 加载77条日线 (2025-12-08~2026-04-07)
15:35:07 [DEBUG] strategies: [主力建仓] 603162 验证通过 | 验证通过 | 来源: AKShare
15:35:07 [INFO] bt_data: [数据] 002688 腾讯财经加载77条qfq日线
15:35:07 [INFO] bt_data: [数据] 002688 加载77条日线 (2025-12-08~2026-04-07)
15:35:07 [DEBUG] strategies: [主力建仓] 002688 验证通过 | 验证通过 | 来源: AKShare
15:35:07 [INFO] bt_data: [数据] 300041 腾讯财经加载77条qfq日线
15:35:07 [INFO] bt_data: [数据] 300041 加载77条日线 (2025-12-08~2026-04-07)
15:35:07 [DEBUG] strategies: [主力建仓] 300041 验证通过 | 验证通过 | 来源: AKShare
15:35:07 [INFO] bt_data: [数据] 301607 腾讯财经加载77条qfq日线
15:35:07 [INFO] bt_data: [数据] 301607 加载77条日线 (2025-12-08~2026-04-07)
15:35:07 [DEBUG] strategies: [主力建仓] 301607 验证通过 | 验证通过 | 来源: AKShare
15:35:07 [DEBUG] bt_data: [数据] 600429 akshare失败: ('Connection aborted.', RemoteDisconnected('Remote end closed connection without response'))
15:35:07 [INFO] bt_data: [数据] 002448 腾讯财经加载77条qfq日线
15:35:07 [INFO] bt_data: [数据] 002448 加载77条日线 (2025-12-08~2026-04-07)
15:35:07 [DEBUG] strategies: [主力建仓] 002448 验证通过 | 验证通过 | 来源: AKShare
15:35:07 [DEBUG] bt_data: [数据] 000600 akshare失败: ('Connection aborted.', RemoteDisconnected('Remote end closed connection without response'))
15:35:07 [DEBUG] bt_data: [数据] 601636 akshare失败: ('Connection aborted.', RemoteDisconnected('Remote end closed connection without response'))
15:35:07 [DEBUG] bt_data: [数据] 003002 akshare失败: ('Connection aborted.', RemoteDisconnected('Remote end closed connection without response'))
15:35:07 [DEBUG] bt_data: [数据] 300967 akshare失败: ('Connection aborted.', RemoteDisconnected('Remote end closed connection without response'))
15:35:07 [DEBUG] bt_data: [数据] 002171 akshare失败: ('Connection aborted.', RemoteDisconnected('Remote end closed connection without response'))
15:35:07 [DEBUG] bt_data: [数据] 002928 akshare失败: ('Connection aborted.', RemoteDisconnected('Remote end closed connection without response'))
15:35:07 [INFO] bt_data: [数据] 300967 腾讯财经加载77条qfq日线
15:35:07 [INFO] bt_data: [数据] 300967 加载77条日线 (2025-12-08~2026-04-07)
15:35:07 [DEBUG] strategies: [主力建仓] 300967 验证通过 | 验证通过 | 来源: AKShare
15:35:07 [DEBUG] bt_data: [数据] 603628 akshare失败: ('Connection aborted.', RemoteDisconnected('Remote end closed connection without response'))
15:35:07 [INFO] bt_data: [数据] 000600 腾讯财经加载77条qfq日线
15:35:07 [INFO] bt_data: [数据] 000600 加载77条日线 (2025-12-08~2026-04-07)
15:35:07 [DEBUG] strategies: [主力建仓] 000600 验证通过 | 验证通过 | 来源: AKShare
15:35:07 [INFO] bt_data: [数据] 003002 腾讯财经加载77条qfq日线
15:35:07 [INFO] bt_data: [数据] 003002 加载77条日线 (2025-12-08~2026-04-07)
15:35:07 [DEBUG] strategies: [主力建仓] 003002 验证通过 | 验证通过 | 来源: AKShare
15:35:07 [INFO] bt_data: [数据] 600429 腾讯财经加载77条qfq日线
15:35:07 [INFO] bt_data: [数据] 600429 加载77条日线 (2025-12-08~2026-04-07)
15:35:07 [DEBUG] strategies: [主力建仓] 600429 验证通过 | 验证通过 | 来源: AKShare
15:35:07 [INFO] bt_data: [数据] 601636 腾讯财经加载77条qfq日线
15:35:07 [INFO] bt_data: [数据] 601636 加载77条日线 (2025-12-08~2026-04-07)
15:35:07 [DEBUG] strategies: [主力建仓] 601636 验证通过 | 验证通过 | 来源: AKShare
15:35:07 [INFO] bt_data: [数据] 002171 腾讯财经加载77条qfq日线
15:35:07 [INFO] bt_data: [数据] 002171 加载77条日线 (2025-12-08~2026-04-07)
15:35:07 [DEBUG] strategies: [主力建仓] 002171 验证通过 | 验证通过 | 来源: AKShare
15:35:07 [DEBUG] bt_data: [数据] 688639 akshare失败: ('Connection aborted.', RemoteDisconnected('Remote end closed connection without response'))
15:35:07 [DEBUG] bt_data: [数据] 301078 akshare失败: ('Connection aborted.', RemoteDisconnected('Remote end closed connection without response'))
15:35:07 [DEBUG] bt_data: [数据] 603997 akshare失败: ('Connection aborted.', RemoteDisconnected('Remote end closed connection without response'))
15:35:07 [INFO] bt_data: [数据] 002928 腾讯财经加载77条qfq日线
15:35:07 [INFO] bt_data: [数据] 002928 加载77条日线 (2025-12-08~2026-04-07)
15:35:07 [DEBUG] strategies: [主力建仓] 002928 验证通过 | 验证通过 | 来源: AKShare
15:35:07 [DEBUG] bt_data: [数据] 000803 akshare失败: ('Connection aborted.', RemoteDisconnected('Remote end closed connection without response'))
15:35:07 [INFO] bt_data: [数据] 603628 腾讯财经加载77条qfq日线
15:35:07 [INFO] bt_data: [数据] 603628 加载77条日线 (2025-12-08~2026-04-07)
15:35:07 [DEBUG] strategies: [主力建仓] 603628 验证通过 | 验证通过 | 来源: AKShare
15:35:07 [DEBUG] bt_data: [数据] 300132 akshare失败: ('Connection aborted.', RemoteDisconnected('Remote end closed connection without response'))
15:35:07 [DEBUG] bt_data: [数据] 600251 akshare失败: ('Connection aborted.', RemoteDisconnected('Remote end closed connection without response'))
15:35:07 [DEBUG] bt_data: [数据] 300644 akshare失败: ('Connection aborted.', RemoteDisconnected('Remote end closed connection without response'))
15:35:07 [INFO] bt_data: [数据] 603997 腾讯财经加载77条qfq日线
15:35:07 [INFO] bt_data: [数据] 603997 加载77条日线 (2025-12-08~2026-04-07)
15:35:07 [DEBUG] strategies: [主力建仓] 603997 验证通过 | 验证通过 | 来源: AKShare
15:35:07 [INFO] bt_data: [数据] 688639 腾讯财经加载77条qfq日线
15:35:07 [INFO] bt_data: [数据] 688639 加载77条日线 (2025-12-08~2026-04-07)
15:35:07 [DEBUG] strategies: [主力建仓] 688639 验证通过 | 验证通过 | 来源: AKShare
15:35:07 [INFO] bt_data: [数据] 301078 腾讯财经加载77条qfq日线
15:35:07 [INFO] bt_data: [数据] 301078 加载77条日线 (2025-12-08~2026-04-07)
15:35:07 [DEBUG] strategies: [主力建仓] 301078 验证通过 | 验证通过 | 来源: AKShare
15:35:07 [DEBUG] bt_data: [数据] 688117 akshare失败: ('Connection aborted.', RemoteDisconnected('Remote end closed connection without response'))
15:35:07 [INFO] bt_data: [数据] 000803 腾讯财经加载77条qfq日线
15:35:07 [INFO] bt_data: [数据] 000803 加载77条日线 (2025-12-08~2026-04-07)
15:35:07 [DEBUG] strategies: [主力建仓] 000803 验证通过 | 验证通过 | 来源: AKShare
15:35:07 [INFO] bt_data: [数据] 300132 腾讯财经加载77条qfq日线
15:35:07 [INFO] bt_data: [数据] 300132 加载77条日线 (2025-12-08~2026-04-07)
15:35:07 [DEBUG] strategies: [主力建仓] 300132 验证通过 | 验证通过 | 来源: AKShare
15:35:07 [DEBUG] bt_data: [数据] 002010 akshare失败: ('Connection aborted.', RemoteDisconnected('Remote end closed connection without response'))
15:35:07 [DEBUG] bt_data: [数据] 301220 akshare失败: ('Connection aborted.', RemoteDisconnected('Remote end closed connection without response'))
15:35:07 [INFO] bt_data: [数据] 600251 腾讯财经加载77条qfq日线
15:35:07 [INFO] bt_data: [数据] 600251 加载77条日线 (2025-12-08~2026-04-07)
15:35:07 [DEBUG] strategies: [主力建仓] 600251 验证通过 | 验证通过 | 来源: AKShare
15:35:07 [DEBUG] bt_data: [数据] 002511 akshare失败: ('Connection aborted.', RemoteDisconnected('Remote end closed connection without response'))
15:35:07 [DEBUG] bt_data: [数据] 003011 akshare失败: ('Connection aborted.', RemoteDisconnected('Remote end closed connection without response'))
15:35:08 [INFO] bt_data: [数据] 688117 腾讯财经加载77条qfq日线
15:35:08 [INFO] bt_data: [数据] 688117 加载77条日线 (2025-12-08~2026-04-07)
15:35:08 [DEBUG] strategies: [主力建仓] 688117 验证通过 | 验证通过 | 来源: AKShare
15:35:08 [INFO] bt_data: [数据] 300644 腾讯财经加载77条qfq日线
15:35:08 [INFO] bt_data: [数据] 300644 加载77条日线 (2025-12-08~2026-04-07)
15:35:08 [DEBUG] strategies: [主力建仓] 300644 验证通过 | 验证通过 | 来源: AKShare
15:35:08 [DEBUG] bt_data: [数据] 000935 akshare失败: ('Connection aborted.', RemoteDisconnected('Remote end closed connection without response'))
15:35:08 [INFO] bt_data: [数据] 002010 腾讯财经加载77条qfq日线
15:35:08 [INFO] bt_data: [数据] 002010 加载77条日线 (2025-12-08~2026-04-07)
15:35:08 [DEBUG] strategies: [主力建仓] 002010 验证通过 | 验证通过 | 来源: AKShare
15:35:08 [INFO] bt_data: [数据] 301220 腾讯财经加载77条qfq日线
15:35:08 [INFO] bt_data: [数据] 301220 加载77条日线 (2025-12-08~2026-04-07)
15:35:08 [DEBUG] strategies: [主力建仓] 301220 验证通过 | 验证通过 | 来源: AKShare
15:35:08 [INFO] bt_data: [数据] 003011 腾讯财经加载77条qfq日线
15:35:08 [INFO] bt_data: [数据] 003011 加载77条日线 (2025-12-08~2026-04-07)
15:35:08 [DEBUG] strategies: [主力建仓] 003011 验证通过 | 验证通过 | 来源: AKShare
15:35:08 [INFO] bt_data: [数据] 002511 腾讯财经加载77条qfq日线
15:35:08 [INFO] bt_data: [数据] 002511 加载77条日线 (2025-12-08~2026-04-07)
15:35:08 [DEBUG] strategies: [主力建仓] 002511 验证通过 | 验证通过 | 来源: AKShare
15:35:08 [DEBUG] bt_data: [数据] 002006 akshare失败: ('Connection aborted.', RemoteDisconnected('Remote end closed connection without response'))
15:35:08 [INFO] bt_data: [数据] 000935 腾讯财经加载77条qfq日线
15:35:08 [INFO] bt_data: [数据] 000935 加载77条日线 (2025-12-08~2026-04-07)
15:35:08 [DEBUG] strategies: [主力建仓] 000935 验证通过 | 验证通过 | 来源: AKShare
15:35:08 [DEBUG] bt_data: [数据] 300702 akshare失败: ('Connection aborted.', RemoteDisconnected('Remote end closed connection without response'))
15:35:08 [DEBUG] bt_data: [数据] 300611 akshare失败: ('Connection aborted.', RemoteDisconnected('Remote end closed connection without response'))
15:35:08 [DEBUG] bt_data: [数据] 003017 akshare失败: ('Connection aborted.', RemoteDisconnected('Remote end closed connection without response'))
15:35:08 [DEBUG] bt_data: [数据] 002225 akshare失败: ('Connection aborted.', RemoteDisconnected('Remote end closed connection without response'))
15:35:08 [DEBUG] bt_data: [数据] 600983 akshare失败: ('Connection aborted.', RemoteDisconnected('Remote end closed connection without response'))
15:35:08 [INFO] bt_data: [数据] 002006 腾讯财经加载77条qfq日线
15:35:08 [INFO] bt_data: [数据] 002006 加载77条日线 (2025-12-08~2026-04-07)
15:35:08 [DEBUG] strategies: [主力建仓] 002006 验证通过 | 验证通过 | 来源: AKShare
15:35:08 [DEBUG] bt_data: [数据] 300473 akshare失败: ('Connection aborted.', RemoteDisconnected('Remote end closed connection without response'))
15:35:08 [INFO] bt_data: [数据] 300702 腾讯财经加载77条qfq日线
15:35:08 [INFO] bt_data: [数据] 300702 加载77条日线 (2025-12-08~2026-04-07)
15:35:08 [DEBUG] strategies: [主力建仓] 300702 验证通过 | 验证通过 | 来源: AKShare
15:35:08 [DEBUG] bt_data: [数据] 002209 akshare失败: ('Connection aborted.', RemoteDisconnected('Remote end closed connection without response'))
15:35:08 [INFO] bt_data: [数据] 300611 腾讯财经加载77条qfq日线
15:35:08 [INFO] bt_data: [数据] 300611 加载77条日线 (2025-12-08~2026-04-07)
15:35:08 [DEBUG] strategies: [主力建仓] 300611 验证通过 | 验证通过 | 来源: AKShare
15:35:08 [INFO] bt_data: [数据] 003017 腾讯财经加载77条qfq日线
15:35:08 [INFO] bt_data: [数据] 003017 加载77条日线 (2025-12-08~2026-04-07)
15:35:08 [DEBUG] strategies: [主力建仓] 003017 验证通过 | 验证通过 | 来源: AKShare
15:35:08 [DEBUG] bt_data: [数据] 603566 akshare失败: ('Connection aborted.', RemoteDisconnected('Remote end closed connection without response'))
15:35:08 [INFO] bt_data: [数据] 002225 腾讯财经加载77条qfq日线
15:35:08 [INFO] bt_data: [数据] 002225 加载77条日线 (2025-12-08~2026-04-07)
15:35:08 [DEBUG] strategies: [主力建仓] 002225 验证通过 | 验证通过 | 来源: AKShare
15:35:08 [INFO] bt_data: [数据] 600983 腾讯财经加载76条qfq日线
15:35:08 [INFO] bt_data: [数据] 600983 加载76条日线 (2025-12-08~2026-04-07)
15:35:08 [DEBUG] strategies: [主力建仓] 600983 验证通过 | 验证通过 | 来源: AKShare
15:35:08 [INFO] bt_data: [数据] 300473 腾讯财经加载77条qfq日线
15:35:08 [INFO] bt_data: [数据] 300473 加载77条日线 (2025-12-08~2026-04-07)
15:35:08 [DEBUG] strategies: [主力建仓] 300473 验证通过 | 验证通过 | 来源: AKShare
15:35:08 [DEBUG] bt_data: [数据] 001288 akshare失败: ('Connection aborted.', RemoteDisconnected('Remote end closed connection without response'))
15:35:08 [DEBUG] bt_data: [数据] 301161 akshare失败: ('Connection aborted.', RemoteDisconnected('Remote end closed connection without response'))
15:35:08 [INFO] bt_data: [数据] 002209 腾讯财经加载77条qfq日线
15:35:08 [INFO] bt_data: [数据] 002209 加载77条日线 (2025-12-08~2026-04-07)
15:35:08 [DEBUG] strategies: [主力建仓] 002209 验证通过 | 验证通过 | 来源: AKShare
15:35:08 [DEBUG] bt_data: [数据] 600576 akshare失败: ('Connection aborted.', RemoteDisconnected('Remote end closed connection without response'))
15:35:08 [DEBUG] bt_data: [数据] 603151 akshare失败: ('Connection aborted.', RemoteDisconnected('Remote end closed connection without response'))
15:35:08 [DEBUG] bt_data: [数据] 603081 akshare失败: ('Connection aborted.', RemoteDisconnected('Remote end closed connection without response'))
15:35:08 [INFO] bt_data: [数据] 603566 腾讯财经加载77条qfq日线
15:35:08 [INFO] bt_data: [数据] 603566 加载77条日线 (2025-12-08~2026-04-07)
15:35:08 [DEBUG] strategies: [主力建仓] 603566 验证通过 | 验证通过 | 来源: AKShare
15:35:08 [INFO] bt_data: [数据] 001288 腾讯财经加载77条qfq日线
15:35:08 [INFO] bt_data: [数据] 001288 加载77条日线 (2025-12-08~2026-04-07)
15:35:08 [DEBUG] strategies: [主力建仓] 001288 验证通过 | 验证通过 | 来源: AKShare
15:35:08 [INFO] bt_data: [数据] 301161 腾讯财经加载77条qfq日线
15:35:08 [INFO] bt_data: [数据] 301161 加载77条日线 (2025-12-08~2026-04-07)
15:35:08 [DEBUG] strategies: [主力建仓] 301161 验证通过 | 验证通过 | 来源: AKShare
15:35:08 [DEBUG] bt_data: [数据] 603969 akshare失败: ('Connection aborted.', RemoteDisconnected('Remote end closed connection without response'))
15:35:08 [DEBUG] bt_data: [数据] 688410 akshare失败: ('Connection aborted.', RemoteDisconnected('Remote end closed connection without response'))
15:35:08 [INFO] bt_data: [数据] 600576 腾讯财经加载77条qfq日线
15:35:08 [INFO] bt_data: [数据] 600576 加载77条日线 (2025-12-08~2026-04-07)
15:35:08 [DEBUG] strategies: [主力建仓] 600576 验证通过 | 验证通过 | 来源: AKShare
15:35:08 [INFO] bt_data: [数据] 603151 腾讯财经加载77条qfq日线
15:35:08 [INFO] bt_data: [数据] 603151 加载77条日线 (2025-12-08~2026-04-07)
15:35:08 [DEBUG] strategies: [主力建仓] 603151 验证通过 | 验证通过 | 来源: AKShare
15:35:08 [INFO] bt_data: [数据] 603081 腾讯财经加载77条qfq日线
15:35:08 [INFO] bt_data: [数据] 603081 加载77条日线 (2025-12-08~2026-04-07)
15:35:08 [DEBUG] strategies: [主力建仓] 603081 验证通过 | 验证通过 | 来源: AKShare
15:35:08 [DEBUG] bt_data: [数据] 605189 akshare失败: ('Connection aborted.', RemoteDisconnected('Remote end closed connection without response'))
15:35:08 [DEBUG] bt_data: [数据] 000576 akshare失败: ('Connection aborted.', RemoteDisconnected('Remote end closed connection without response'))
15:35:08 [INFO] bt_data: [数据] 688410 腾讯财经加载77条qfq日线
15:35:08 [INFO] bt_data: [数据] 688410 加载77条日线 (2025-12-08~2026-04-07)
15:35:08 [DEBUG] strategies: [主力建仓] 688410 验证通过 | 验证通过 | 来源: AKShare
15:35:08 [DEBUG] bt_data: [数据] 300940 akshare失败: ('Connection aborted.', RemoteDisconnected('Remote end closed connection without response'))
15:35:08 [INFO] bt_data: [数据] 603969 腾讯财经加载77条qfq日线
15:35:08 [INFO] bt_data: [数据] 603969 加载77条日线 (2025-12-08~2026-04-07)
15:35:08 [DEBUG] strategies: [主力建仓] 603969 验证通过 | 验证通过 | 来源: AKShare
15:35:08 [DEBUG] bt_data: [数据] 688557 akshare失败: ('Connection aborted.', RemoteDisconnected('Remote end closed connection without response'))
15:35:08 [DEBUG] bt_data: [数据] 001228 akshare失败: ('Connection aborted.', RemoteDisconnected('Remote end closed connection without response'))
15:35:08 [DEBUG] bt_data: [数据] 688269 akshare失败: ('Connection aborted.', RemoteDisconnected('Remote end closed connection without response'))
15:35:08 [INFO] bt_data: [数据] 605189 腾讯财经加载77条qfq日线
15:35:08 [INFO] bt_data: [数据] 605189 加载77条日线 (2025-12-08~2026-04-07)
15:35:08 [DEBUG] strategies: [主力建仓] 605189 验证通过 | 验证通过 | 来源: AKShare
15:35:08 [DEBUG] bt_data: [数据] 301283 akshare失败: ('Connection aborted.', RemoteDisconnected('Remote end closed connection without response'))
15:35:08 [DEBUG] bt_data: [数据] 688379 akshare失败: ('Connection aborted.', RemoteDisconnected('Remote end closed connection without response'))
15:35:08 [INFO] bt_data: [数据] 300940 腾讯财经加载77条qfq日线
15:35:08 [INFO] bt_data: [数据] 300940 加载77条日线 (2025-12-08~2026-04-07)
15:35:08 [DEBUG] strategies: [主力建仓] 300940 验证通过 | 验证通过 | 来源: AKShare
15:35:08 [INFO] bt_data: [数据] 000576 腾讯财经加载77条qfq日线
15:35:08 [INFO] bt_data: [数据] 000576 加载77条日线 (2025-12-08~2026-04-07)
15:35:08 [DEBUG] strategies: [主力建仓] 000576 验证通过 | 验证通过 | 来源: AKShare
15:35:08 [INFO] bt_data: [数据] 001228 腾讯财经加载77条qfq日线
15:35:08 [INFO] bt_data: [数据] 001228 加载77条日线 (2025-12-08~2026-04-07)
15:35:08 [DEBUG] strategies: [主力建仓] 001228 验证通过 | 验证通过 | 来源: AKShare
15:35:08 [INFO] bt_data: [数据] 688557 腾讯财经加载77条qfq日线
15:35:08 [INFO] bt_data: [数据] 688557 加载77条日线 (2025-12-08~2026-04-07)
15:35:08 [DEBUG] strategies: [主力建仓] 688557 验证通过 | 验证通过 | 来源: AKShare
15:35:08 [INFO] bt_data: [数据] 688269 腾讯财经加载77条qfq日线
15:35:08 [INFO] bt_data: [数据] 688269 加载77条日线 (2025-12-08~2026-04-07)
15:35:08 [DEBUG] strategies: [主力建仓] 688269 验证通过 | 验证通过 | 来源: AKShare
15:35:08 [DEBUG] bt_data: [数据] 601968 akshare失败: ('Connection aborted.', RemoteDisconnected('Remote end closed connection without response'))
15:35:08 [INFO] bt_data: [数据] 301283 腾讯财经加载77条qfq日线
15:35:08 [INFO] bt_data: [数据] 301283 加载77条日线 (2025-12-08~2026-04-07)
15:35:08 [DEBUG] strategies: [主力建仓] 301283 验证通过 | 验证通过 | 来源: AKShare
15:35:08 [INFO] bt_data: [数据] 688379 腾讯财经加载77条qfq日线
15:35:08 [INFO] bt_data: [数据] 688379 加载77条日线 (2025-12-08~2026-04-07)
15:35:08 [DEBUG] strategies: [主力建仓] 688379 验证通过 | 验证通过 | 来源: AKShare
15:35:08 [DEBUG] bt_data: [数据] 603506 akshare失败: ('Connection aborted.', RemoteDisconnected('Remote end closed connection without response'))
15:35:08 [DEBUG] bt_data: [数据] 301381 akshare失败: ('Connection aborted.', RemoteDisconnected('Remote end closed connection without response'))
15:35:08 [DEBUG] bt_data: [数据] 603313 akshare失败: ('Connection aborted.', RemoteDisconnected('Remote end closed connection without response'))
15:35:08 [DEBUG] bt_data: [数据] 688600 akshare失败: ('Connection aborted.', RemoteDisconnected('Remote end closed connection without response'))
15:35:08 [DEBUG] bt_data: [数据] 688162 akshare失败: ('Connection aborted.', RemoteDisconnected('Remote end closed connection without response'))
15:35:08 [INFO] bt_data: [数据] 601968 腾讯财经加载77条qfq日线
15:35:08 [INFO] bt_data: [数据] 601968 加载77条日线 (2025-12-08~2026-04-07)
15:35:08 [DEBUG] strategies: [主力建仓] 601968 验证通过 | 验证通过 | 来源: AKShare
15:35:08 [INFO] bt_data: [数据] 603506 腾讯财经加载77条qfq日线
15:35:08 [INFO] bt_data: [数据] 603506 加载77条日线 (2025-12-08~2026-04-07)
15:35:08 [DEBUG] strategies: [主力建仓] 603506 验证通过 | 验证通过 | 来源: AKShare
15:35:09 [DEBUG] bt_data: [数据] 301356 akshare失败: ('Connection aborted.', RemoteDisconnected('Remote end closed connection without response'))
15:35:09 [DEBUG] bt_data: [数据] 603101 akshare失败: ('Connection aborted.', RemoteDisconnected('Remote end closed connection without response'))
15:35:09 [INFO] bt_data: [数据] 301381 腾讯财经加载77条qfq日线
15:35:09 [INFO] bt_data: [数据] 301381 加载77条日线 (2025-12-08~2026-04-07)
15:35:09 [DEBUG] strategies: [主力建仓] 301381 验证通过 | 验证通过 | 来源: AKShare
15:35:09 [INFO] bt_data: [数据] 603313 腾讯财经加载77条qfq日线
15:35:09 [INFO] bt_data: [数据] 603313 加载77条日线 (2025-12-08~2026-04-07)
15:35:09 [DEBUG] strategies: [主力建仓] 603313 验证通过 | 验证通过 | 来源: AKShare
15:35:09 [INFO] bt_data: [数据] 688600 腾讯财经加载77条qfq日线
15:35:09 [INFO] bt_data: [数据] 688600 加载77条日线 (2025-12-08~2026-04-07)
15:35:09 [DEBUG] strategies: [主力建仓] 688600 验证通过 | 验证通过 | 来源: AKShare
15:35:09 [INFO] bt_data: [数据] 688162 腾讯财经加载77条qfq日线
15:35:09 [INFO] bt_data: [数据] 688162 加载77条日线 (2025-12-08~2026-04-07)
15:35:09 [DEBUG] strategies: [主力建仓] 688162 验证通过 | 验证通过 | 来源: AKShare
15:35:09 [DEBUG] bt_data: [数据] 688501 akshare失败: ('Connection aborted.', RemoteDisconnected('Remote end closed connection without response'))
15:35:09 [DEBUG] bt_data: [数据] 301446 akshare失败: ('Connection aborted.', RemoteDisconnected('Remote end closed connection without response'))
15:35:09 [INFO] bt_data: [数据] 603101 腾讯财经加载77条qfq日线
15:35:09 [INFO] bt_data: [数据] 603101 加载77条日线 (2025-12-08~2026-04-07)
15:35:09 [DEBUG] strategies: [主力建仓] 603101 验证通过 | 验证通过 | 来源: AKShare
15:35:09 [INFO] bt_data: [数据] 301356 腾讯财经加载77条qfq日线
15:35:09 [INFO] bt_data: [数据] 301356 加载77条日线 (2025-12-08~2026-04-07)
15:35:09 [DEBUG] strategies: [主力建仓] 301356 验证通过 | 验证通过 | 来源: AKShare
15:35:09 [DEBUG] bt_data: [数据] 688665 akshare失败: ('Connection aborted.', RemoteDisconnected('Remote end closed connection without response'))
15:35:09 [INFO] bt_data: [数据] 688501 腾讯财经加载77条qfq日线
15:35:09 [INFO] bt_data: [数据] 688501 加载77条日线 (2025-12-08~2026-04-07)
15:35:09 [DEBUG] strategies: [主力建仓] 688501 验证通过 | 验证通过 | 来源: AKShare
15:35:09 [INFO] bt_data: [数据] 301446 腾讯财经加载77条qfq日线
15:35:09 [INFO] bt_data: [数据] 301446 加载77条日线 (2025-12-08~2026-04-07)
15:35:09 [DEBUG] strategies: [主力建仓] 301446 验证通过 | 验证通过 | 来源: AKShare
15:35:09 [INFO] bt_data: [数据] 688665 腾讯财经加载77条qfq日线
15:35:09 [INFO] bt_data: [数据] 688665 加载77条日线 (2025-12-08~2026-04-07)
15:35:09 [DEBUG] strategies: [主力建仓] 688665 验证通过 | 验证通过 | 来源: AKShare
15:35:09 [INFO] daily_scan: [日扫描] 命中 BUY=0 WATCH=34
15:35:09 [INFO] daily_scan:   WATCH 002340 格林美 信号日=2026-04-03
15:35:09 [INFO] daily_scan:   WATCH 688772 珠海冠宇 信号日=2026-04-03
15:35:09 [INFO] daily_scan:   WATCH 300681 英搏尔 信号日=2026-04-03
15:35:09 [INFO] daily_scan:   WATCH 600429 三元股份 信号日=2026-04-03
15:35:09 [INFO] daily_scan:   WATCH 301078 孩子王 信号日=2026-04-03
15:35:09 [INFO] push: [企业微信] 失败: {'errcode': 40058, 'errmsg': 'markdown.content exceed max length 4096. invalid Request Parameter, hint: [1775547309499301948611503], from ip: 223.73.189.31, more info at https://open.work.weixin.qq.com/devtool/query?e=40058'}
15:35:09 [INFO] push: [推送] 完成 0/1 渠道成功
15:35:09 [INFO] daily_scan: [日扫描] 推送完成: 0/1 渠道成功
15:35:09 [INFO] daily_scan: [日扫描] 合并结果: 新增/更新=34 保留旧标的=16 总计=50
15:35:09 [INFO] scan_dao: [scan_dao] major_capital_accumulation 写入 50 条扫描结果
15:35:09 [INFO] daily_scan: [日扫描] Web 状态已更新并持久化 | BUY=0 WATCH=34
15:35:09 [DEBUG] sched_dao: [sched_dao] 配置已更新: {'last_status': '完成 | 34只信号'}
16:33:39 [INFO] mysql: [MySQL] 连接池已关闭
16:33:39 [INFO] web_app: [App] 调度器+连接池已停止
16:33:41 [INFO] mysql: [MySQL] 创建连接池...
16:33:41 [INFO] mysql: [MySQL] 连接池就绪，表结构已检查
16:33:41 [INFO] migrate: [迁移] scan_results.json 不存在，跳过
16:33:41 [INFO] migrate: [迁移] backtest_results.json 不存在，跳过
16:33:41 [INFO] migrate: [迁移] schedule_config: enabled=True
16:33:41 [INFO] migrate: [迁移] 全部完成
16:33:41 [INFO] web_app: [App] MySQL 就绪，已恢复扫描数据
16:33:41 [INFO] web_app: [App] 调度器已启动
16:33:41 [INFO] web_app: [调度器] 启动
16:42:39 [INFO] mysql: [MySQL] 连接池已关闭
16:42:39 [INFO] web_app: [App] 调度器+连接池已停止
16:42:41 [INFO] mysql: [MySQL] 创建连接池...
16:42:41 [INFO] mysql: [MySQL] 连接池就绪，表结构已检查
16:42:41 [INFO] migrate: [迁移] scan_results.json 不存在，跳过
16:42:41 [INFO] migrate: [迁移] backtest_results.json 不存在，跳过
16:42:41 [INFO] migrate: [迁移] schedule_config: enabled=True
16:42:41 [INFO] migrate: [迁移] 全部完成
16:42:41 [INFO] web_app: [App] MySQL 就绪，已恢复扫描数据
16:42:41 [INFO] web_app: [App] 调度器已启动
16:42:41 [INFO] web_app: [调度器] 启动
17:03:03 [INFO] mysql: [MySQL] 连接池已关闭
17:03:03 [INFO] web_app: [App] 调度器+连接池已停止
17:03:05 [INFO] mysql: [MySQL] 创建连接池...
17:03:05 [INFO] mysql: [MySQL] 连接池就绪，表结构已检查
17:03:05 [INFO] migrate: [迁移] scan_results.json 不存在，跳过
17:03:05 [INFO] migrate: [迁移] backtest_results.json 不存在，跳过
17:03:05 [INFO] migrate: [迁移] schedule_config: enabled=True
17:03:05 [INFO] migrate: [迁移] 全部完成
17:03:05 [INFO] web_app: [App] MySQL 就绪，已恢复扫描数据
17:03:05 [INFO] web_app: [App] 调度器已启动
17:03:05 [INFO] web_app: [调度器] 启动
17:04:42 [INFO] daily_scan: [日扫描] 开始 手动 主力建仓选股 @ 2026-04-07 17:04 | 数据截止=2026-04-07
17:04:42 [INFO] screener: [选股] 使用缓存结果 (112只, 2026-04-07T15:35:04.291113, screen_79bb577e.json)
17:04:42 [INFO] daily_scan: [日扫描] 初筛候选股 112 只
17:04:42 [INFO] bt_data: [数据] 002015 使用本地缓存 002015_2025-12-08_2026-04-07_qfq.json
17:04:42 [DEBUG] strategies: [主力建仓] 002015 验证通过 | 验证通过 | 来源: AKShare
17:04:42 [INFO] bt_data: [数据] 600392 使用本地缓存 600392_2025-12-08_2026-04-07_qfq.json
17:04:42 [DEBUG] strategies: [主力建仓] 600392 验证通过 | 验证通过 | 来源: AKShare
17:04:42 [INFO] bt_data: [数据] 600711 使用本地缓存 600711_2025-12-08_2026-04-07_qfq.json
17:04:42 [DEBUG] strategies: [主力建仓] 600711 验证通过 | 验证通过 | 来源: AKShare
17:04:42 [INFO] bt_data: [数据] 600867 使用本地缓存 600867_2025-12-08_2026-04-07_qfq.json
17:04:42 [DEBUG] strategies: [主力建仓] 600867 验证通过 | 验证通过 | 来源: AKShare
17:04:42 [INFO] bt_data: [数据] 002155 使用本地缓存 002155_2025-12-08_2026-04-07_qfq.json
17:04:42 [DEBUG] strategies: [主力建仓] 002155 验证通过 | 验证通过 | 来源: AKShare
17:04:42 [INFO] bt_data: [数据] 601233 使用本地缓存 601233_2025-12-08_2026-04-07_qfq.json
17:04:42 [DEBUG] strategies: [主力建仓] 601233 验证通过 | 验证通过 | 来源: AKShare
17:04:42 [INFO] bt_data: [数据] 600195 使用本地缓存 600195_2025-12-08_2026-04-07_qfq.json
17:04:42 [DEBUG] strategies: [主力建仓] 600195 验证通过 | 验证通过 | 来源: AKShare
17:04:42 [INFO] bt_data: [数据] 000688 使用本地缓存 000688_2025-12-08_2026-04-07_qfq.json
17:04:42 [DEBUG] strategies: [主力建仓] 000688 验证通过 | 验证通过 | 来源: AKShare
17:04:42 [INFO] bt_data: [数据] 002340 使用本地缓存 002340_2025-12-08_2026-04-07_qfq.json
17:04:42 [DEBUG] strategies: [主力建仓] 002340 验证通过 | 验证通过 | 来源: AKShare
17:04:42 [INFO] bt_data: [数据] 603876 使用本地缓存 603876_2025-12-08_2026-04-07_qfq.json
17:04:42 [DEBUG] strategies: [主力建仓] 603876 验证通过 | 验证通过 | 来源: AKShare
17:04:42 [INFO] bt_data: [数据] 600595 使用本地缓存 600595_2025-12-08_2026-04-07_qfq.json
17:04:42 [DEBUG] strategies: [主力建仓] 600595 验证通过 | 验证通过 | 来源: AKShare
17:04:42 [INFO] bt_data: [数据] 300251 使用本地缓存 300251_2025-12-08_2026-04-07_qfq.json
17:04:42 [DEBUG] strategies: [主力建仓] 300251 验证通过 | 验证通过 | 来源: AKShare
17:04:42 [INFO] bt_data: [数据] 300035 使用本地缓存 300035_2025-12-08_2026-04-07_qfq.json
17:04:42 [DEBUG] strategies: [主力建仓] 300035 验证通过 | 验证通过 | 来源: AKShare
17:04:42 [INFO] bt_data: [数据] 603358 使用本地缓存 603358_2025-12-08_2026-04-07_qfq.json
17:04:42 [DEBUG] strategies: [主力建仓] 603358 验证通过 | 验证通过 | 来源: AKShare
17:04:42 [INFO] bt_data: [数据] 001696 使用本地缓存 001696_2025-12-08_2026-04-07_qfq.json
17:04:42 [DEBUG] strategies: [主力建仓] 001696 验证通过 | 验证通过 | 来源: AKShare
17:04:42 [INFO] bt_data: [数据] 002497 使用本地缓存 002497_2025-12-08_2026-04-07_qfq.json
17:04:42 [DEBUG] strategies: [主力建仓] 002497 验证通过 | 验证通过 | 来源: AKShare
17:04:42 [INFO] bt_data: [数据] 600143 使用本地缓存 600143_2025-12-08_2026-04-07_qfq.json
17:04:42 [DEBUG] strategies: [主力建仓] 600143 验证通过 | 验证通过 | 来源: AKShare
17:04:42 [INFO] bt_data: [数据] 002734 使用本地缓存 002734_2025-12-08_2026-04-07_qfq.json
17:04:42 [DEBUG] strategies: [主力建仓] 002734 验证通过 | 验证通过 | 来源: AKShare
17:04:42 [INFO] bt_data: [数据] 002402 使用本地缓存 002402_2025-12-08_2026-04-07_qfq.json
17:04:42 [DEBUG] strategies: [主力建仓] 002402 验证通过 | 验证通过 | 来源: AKShare
17:04:42 [INFO] bt_data: [数据] 600389 使用本地缓存 600389_2025-12-08_2026-04-07_qfq.json
17:04:42 [DEBUG] strategies: [主力建仓] 600389 验证通过 | 验证通过 | 来源: AKShare
17:04:42 [INFO] bt_data: [数据] 600497 使用本地缓存 600497_2025-12-08_2026-04-07_qfq.json
17:04:42 [DEBUG] strategies: [主力建仓] 600497 验证通过 | 验证通过 | 来源: AKShare
17:04:42 [INFO] bt_data: [数据] 600685 使用本地缓存 600685_2025-12-08_2026-04-07_qfq.json
17:04:42 [DEBUG] strategies: [主力建仓] 600685 验证通过 | 验证通过 | 来源: AKShare
17:04:42 [INFO] bt_data: [数据] 002396 使用本地缓存 002396_2025-12-08_2026-04-07_qfq.json
17:04:42 [DEBUG] strategies: [主力建仓] 002396 验证通过 | 验证通过 | 来源: AKShare
17:04:42 [INFO] bt_data: [数据] 002440 使用本地缓存 002440_2025-12-08_2026-04-07_qfq.json
17:04:42 [DEBUG] strategies: [主力建仓] 002440 验证通过 | 验证通过 | 来源: AKShare
17:04:42 [INFO] bt_data: [数据] 002203 使用本地缓存 002203_2025-12-08_2026-04-07_qfq.json
17:04:42 [DEBUG] strategies: [主力建仓] 002203 验证通过 | 验证通过 | 来源: AKShare
17:04:42 [INFO] bt_data: [数据] 002545 使用本地缓存 002545_2025-12-08_2026-04-07_qfq.json
17:04:42 [DEBUG] strategies: [主力建仓] 002545 验证通过 | 验证通过 | 来源: AKShare
17:04:42 [INFO] bt_data: [数据] 300409 使用本地缓存 300409_2025-12-08_2026-04-07_qfq.json
17:04:42 [DEBUG] strategies: [主力建仓] 300409 验证通过 | 验证通过 | 来源: AKShare
17:04:42 [INFO] bt_data: [数据] 002755 使用本地缓存 002755_2025-12-08_2026-04-07_qfq.json
17:04:42 [DEBUG] strategies: [主力建仓] 002755 验证通过 | 验证通过 | 来源: AKShare
17:04:42 [INFO] bt_data: [数据] 300790 使用本地缓存 300790_2025-12-08_2026-04-07_qfq.json
17:04:42 [DEBUG] strategies: [主力建仓] 300790 验证通过 | 验证通过 | 来源: AKShare
17:04:42 [INFO] bt_data: [数据] 002553 使用本地缓存 002553_2025-12-08_2026-04-07_qfq.json
17:04:42 [DEBUG] strategies: [主力建仓] 002553 验证通过 | 验证通过 | 来源: AKShare
17:04:42 [INFO] bt_data: [数据] 300201 使用本地缓存 300201_2025-12-08_2026-04-07_qfq.json
17:04:42 [DEBUG] strategies: [主力建仓] 300201 验证通过 | 验证通过 | 来源: AKShare
17:04:42 [INFO] bt_data: [数据] 688772 使用本地缓存 688772_2025-12-08_2026-04-07_qfq.json
17:04:42 [DEBUG] strategies: [主力建仓] 688772 验证通过 | 验证通过 | 来源: AKShare
17:04:42 [INFO] bt_data: [数据] 600166 使用本地缓存 600166_2025-12-08_2026-04-07_qfq.json
17:04:42 [DEBUG] strategies: [主力建仓] 600166 验证通过 | 验证通过 | 来源: AKShare
17:04:42 [INFO] bt_data: [数据] 301235 使用本地缓存 301235_2025-12-08_2026-04-07_qfq.json
17:04:42 [DEBUG] strategies: [主力建仓] 301235 验证通过 | 验证通过 | 来源: AKShare
17:04:42 [INFO] bt_data: [数据] 300772 使用本地缓存 300772_2025-12-08_2026-04-07_qfq.json
17:04:42 [DEBUG] strategies: [主力建仓] 300772 验证通过 | 验证通过 | 来源: AKShare
17:04:42 [INFO] bt_data: [数据] 603612 使用本地缓存 603612_2025-12-08_2026-04-07_qfq.json
17:04:42 [DEBUG] strategies: [主力建仓] 603612 验证通过 | 验证通过 | 来源: AKShare
17:04:42 [INFO] bt_data: [数据] 002170 使用本地缓存 002170_2025-12-08_2026-04-07_qfq.json
17:04:42 [DEBUG] strategies: [主力建仓] 002170 验证通过 | 验证通过 | 来源: AKShare
17:04:42 [INFO] bt_data: [数据] 300681 使用本地缓存 300681_2025-12-08_2026-04-07_qfq.json
17:04:42 [DEBUG] strategies: [主力建仓] 300681 验证通过 | 验证通过 | 来源: AKShare
17:04:42 [INFO] bt_data: [数据] 601069 使用本地缓存 601069_2025-12-08_2026-04-07_qfq.json
17:04:42 [DEBUG] strategies: [主力建仓] 601069 验证通过 | 验证通过 | 来源: AKShare
17:04:42 [INFO] bt_data: [数据] 300602 使用本地缓存 300602_2025-12-08_2026-04-07_qfq.json
17:04:42 [DEBUG] strategies: [主力建仓] 300602 验证通过 | 验证通过 | 来源: AKShare
17:04:42 [INFO] bt_data: [数据] 601162 使用本地缓存 601162_2025-12-08_2026-04-07_qfq.json
17:04:42 [DEBUG] strategies: [主力建仓] 601162 验证通过 | 验证通过 | 来源: AKShare
17:04:42 [INFO] bt_data: [数据] 002237 使用本地缓存 002237_2025-12-08_2026-04-07_qfq.json
17:04:42 [DEBUG] strategies: [主力建仓] 002237 验证通过 | 验证通过 | 来源: AKShare
17:04:42 [INFO] bt_data: [数据] 002637 使用本地缓存 002637_2025-12-08_2026-04-07_qfq.json
17:04:42 [DEBUG] strategies: [主力建仓] 002637 验证通过 | 验证通过 | 来源: AKShare
17:04:42 [INFO] bt_data: [数据] 003010 使用本地缓存 003010_2025-12-08_2026-04-07_qfq.json
17:04:42 [DEBUG] strategies: [主力建仓] 003010 验证通过 | 验证通过 | 来源: AKShare
17:04:42 [INFO] bt_data: [数据] 688136 使用本地缓存 688136_2025-12-08_2026-04-07_qfq.json
17:04:42 [DEBUG] strategies: [主力建仓] 688136 验证通过 | 验证通过 | 来源: AKShare
17:04:42 [INFO] bt_data: [数据] 002824 使用本地缓存 002824_2025-12-08_2026-04-07_qfq.json
17:04:42 [DEBUG] strategies: [主力建仓] 002824 验证通过 | 验证通过 | 来源: AKShare
17:04:42 [INFO] bt_data: [数据] 002250 使用本地缓存 002250_2025-12-08_2026-04-07_qfq.json
17:04:42 [DEBUG] strategies: [主力建仓] 002250 验证通过 | 验证通过 | 来源: AKShare
17:04:42 [INFO] bt_data: [数据] 600686 使用本地缓存 600686_2025-12-08_2026-04-07_qfq.json
17:04:42 [DEBUG] strategies: [主力建仓] 600686 验证通过 | 验证通过 | 来源: AKShare
17:04:42 [INFO] bt_data: [数据] 688006 使用本地缓存 688006_2025-12-08_2026-04-07_qfq.json
17:04:42 [DEBUG] strategies: [主力建仓] 688006 验证通过 | 验证通过 | 来源: AKShare
17:04:42 [INFO] bt_data: [数据] 603890 使用本地缓存 603890_2025-12-08_2026-04-07_qfq.json
17:04:42 [DEBUG] strategies: [主力建仓] 603890 验证通过 | 验证通过 | 来源: AKShare
17:04:42 [INFO] bt_data: [数据] 000876 使用本地缓存 000876_2025-12-08_2026-04-07_qfq.json
17:04:42 [DEBUG] strategies: [主力建仓] 000876 验证通过 | 验证通过 | 来源: AKShare
17:04:42 [INFO] bt_data: [数据] 002688 使用本地缓存 002688_2025-12-08_2026-04-07_qfq.json
17:04:42 [DEBUG] strategies: [主力建仓] 002688 验证通过 | 验证通过 | 来源: AKShare
17:04:42 [INFO] bt_data: [数据] 603162 使用本地缓存 603162_2025-12-08_2026-04-07_qfq.json
17:04:42 [DEBUG] strategies: [主力建仓] 603162 验证通过 | 验证通过 | 来源: AKShare
17:04:42 [INFO] bt_data: [数据] 300041 使用本地缓存 300041_2025-12-08_2026-04-07_qfq.json
17:04:42 [DEBUG] strategies: [主力建仓] 300041 验证通过 | 验证通过 | 来源: AKShare
17:04:42 [INFO] bt_data: [数据] 301607 使用本地缓存 301607_2025-12-08_2026-04-07_qfq.json
17:04:42 [DEBUG] strategies: [主力建仓] 301607 验证通过 | 验证通过 | 来源: AKShare
17:04:42 [INFO] bt_data: [数据] 002448 使用本地缓存 002448_2025-12-08_2026-04-07_qfq.json
17:04:42 [DEBUG] strategies: [主力建仓] 002448 验证通过 | 验证通过 | 来源: AKShare
17:04:42 [INFO] bt_data: [数据] 600429 使用本地缓存 600429_2025-12-08_2026-04-07_qfq.json
17:04:42 [DEBUG] strategies: [主力建仓] 600429 验证通过 | 验证通过 | 来源: AKShare
17:04:42 [INFO] bt_data: [数据] 601636 使用本地缓存 601636_2025-12-08_2026-04-07_qfq.json
17:04:42 [DEBUG] strategies: [主力建仓] 601636 验证通过 | 验证通过 | 来源: AKShare
17:04:42 [INFO] bt_data: [数据] 000600 使用本地缓存 000600_2025-12-08_2026-04-07_qfq.json
17:04:42 [DEBUG] strategies: [主力建仓] 000600 验证通过 | 验证通过 | 来源: AKShare
17:04:42 [INFO] bt_data: [数据] 300967 使用本地缓存 300967_2025-12-08_2026-04-07_qfq.json
17:04:42 [DEBUG] strategies: [主力建仓] 300967 验证通过 | 验证通过 | 来源: AKShare
17:04:42 [INFO] bt_data: [数据] 003002 使用本地缓存 003002_2025-12-08_2026-04-07_qfq.json
17:04:42 [DEBUG] strategies: [主力建仓] 003002 验证通过 | 验证通过 | 来源: AKShare
17:04:42 [INFO] bt_data: [数据] 002171 使用本地缓存 002171_2025-12-08_2026-04-07_qfq.json
17:04:42 [DEBUG] strategies: [主力建仓] 002171 验证通过 | 验证通过 | 来源: AKShare
17:04:42 [INFO] bt_data: [数据] 603628 使用本地缓存 603628_2025-12-08_2026-04-07_qfq.json
17:04:42 [DEBUG] strategies: [主力建仓] 603628 验证通过 | 验证通过 | 来源: AKShare
17:04:42 [INFO] bt_data: [数据] 002928 使用本地缓存 002928_2025-12-08_2026-04-07_qfq.json
17:04:42 [DEBUG] strategies: [主力建仓] 002928 验证通过 | 验证通过 | 来源: AKShare
17:04:42 [INFO] bt_data: [数据] 301078 使用本地缓存 301078_2025-12-08_2026-04-07_qfq.json
17:04:42 [DEBUG] strategies: [主力建仓] 301078 验证通过 | 验证通过 | 来源: AKShare
17:04:42 [INFO] bt_data: [数据] 688639 使用本地缓存 688639_2025-12-08_2026-04-07_qfq.json
17:04:42 [DEBUG] strategies: [主力建仓] 688639 验证通过 | 验证通过 | 来源: AKShare
17:04:42 [INFO] bt_data: [数据] 000803 使用本地缓存 000803_2025-12-08_2026-04-07_qfq.json
17:04:42 [DEBUG] strategies: [主力建仓] 000803 验证通过 | 验证通过 | 来源: AKShare
17:04:42 [INFO] bt_data: [数据] 300132 使用本地缓存 300132_2025-12-08_2026-04-07_qfq.json
17:04:42 [DEBUG] strategies: [主力建仓] 300132 验证通过 | 验证通过 | 来源: AKShare
17:04:42 [INFO] bt_data: [数据] 603997 使用本地缓存 603997_2025-12-08_2026-04-07_qfq.json
17:04:42 [DEBUG] strategies: [主力建仓] 603997 验证通过 | 验证通过 | 来源: AKShare
17:04:42 [INFO] bt_data: [数据] 300644 使用本地缓存 300644_2025-12-08_2026-04-07_qfq.json
17:04:42 [DEBUG] strategies: [主力建仓] 300644 验证通过 | 验证通过 | 来源: AKShare
17:04:42 [INFO] bt_data: [数据] 688117 使用本地缓存 688117_2025-12-08_2026-04-07_qfq.json
17:04:42 [DEBUG] strategies: [主力建仓] 688117 验证通过 | 验证通过 | 来源: AKShare
17:04:42 [INFO] bt_data: [数据] 600251 使用本地缓存 600251_2025-12-08_2026-04-07_qfq.json
17:04:42 [DEBUG] strategies: [主力建仓] 600251 验证通过 | 验证通过 | 来源: AKShare
17:04:42 [INFO] bt_data: [数据] 301220 使用本地缓存 301220_2025-12-08_2026-04-07_qfq.json
17:04:42 [DEBUG] strategies: [主力建仓] 301220 验证通过 | 验证通过 | 来源: AKShare
17:04:42 [INFO] bt_data: [数据] 003011 使用本地缓存 003011_2025-12-08_2026-04-07_qfq.json
17:04:42 [DEBUG] strategies: [主力建仓] 003011 验证通过 | 验证通过 | 来源: AKShare
17:04:42 [INFO] bt_data: [数据] 002010 使用本地缓存 002010_2025-12-08_2026-04-07_qfq.json
17:04:42 [DEBUG] strategies: [主力建仓] 002010 验证通过 | 验证通过 | 来源: AKShare
17:04:42 [INFO] bt_data: [数据] 000935 使用本地缓存 000935_2025-12-08_2026-04-07_qfq.json
17:04:42 [DEBUG] strategies: [主力建仓] 000935 验证通过 | 验证通过 | 来源: AKShare
17:04:42 [INFO] bt_data: [数据] 002511 使用本地缓存 002511_2025-12-08_2026-04-07_qfq.json
17:04:42 [DEBUG] strategies: [主力建仓] 002511 验证通过 | 验证通过 | 来源: AKShare
17:04:42 [INFO] bt_data: [数据] 300611 使用本地缓存 300611_2025-12-08_2026-04-07_qfq.json
17:04:42 [DEBUG] strategies: [主力建仓] 300611 验证通过 | 验证通过 | 来源: AKShare
17:04:42 [INFO] bt_data: [数据] 002006 使用本地缓存 002006_2025-12-08_2026-04-07_qfq.json
17:04:42 [DEBUG] strategies: [主力建仓] 002006 验证通过 | 验证通过 | 来源: AKShare
17:04:42 [INFO] bt_data: [数据] 300702 使用本地缓存 300702_2025-12-08_2026-04-07_qfq.json
17:04:42 [DEBUG] strategies: [主力建仓] 300702 验证通过 | 验证通过 | 来源: AKShare
17:04:42 [INFO] bt_data: [数据] 003017 使用本地缓存 003017_2025-12-08_2026-04-07_qfq.json
17:04:42 [DEBUG] strategies: [主力建仓] 003017 验证通过 | 验证通过 | 来源: AKShare
17:04:42 [INFO] bt_data: [数据] 002225 使用本地缓存 002225_2025-12-08_2026-04-07_qfq.json
17:04:42 [DEBUG] strategies: [主力建仓] 002225 验证通过 | 验证通过 | 来源: AKShare
17:04:42 [INFO] bt_data: [数据] 002209 使用本地缓存 002209_2025-12-08_2026-04-07_qfq.json
17:04:42 [DEBUG] strategies: [主力建仓] 002209 验证通过 | 验证通过 | 来源: AKShare
17:04:42 [INFO] bt_data: [数据] 300473 使用本地缓存 300473_2025-12-08_2026-04-07_qfq.json
17:04:42 [DEBUG] strategies: [主力建仓] 300473 验证通过 | 验证通过 | 来源: AKShare
17:04:42 [INFO] bt_data: [数据] 600983 使用本地缓存 600983_2025-12-08_2026-04-07_qfq.json
17:04:42 [DEBUG] strategies: [主力建仓] 600983 验证通过 | 验证通过 | 来源: AKShare
17:04:42 [INFO] bt_data: [数据] 603566 使用本地缓存 603566_2025-12-08_2026-04-07_qfq.json
17:04:42 [DEBUG] strategies: [主力建仓] 603566 验证通过 | 验证通过 | 来源: AKShare
17:04:42 [INFO] bt_data: [数据] 301161 使用本地缓存 301161_2025-12-08_2026-04-07_qfq.json
17:04:42 [DEBUG] strategies: [主力建仓] 301161 验证通过 | 验证通过 | 来源: AKShare
17:04:42 [INFO] bt_data: [数据] 001288 使用本地缓存 001288_2025-12-08_2026-04-07_qfq.json
17:04:42 [DEBUG] strategies: [主力建仓] 001288 验证通过 | 验证通过 | 来源: AKShare
17:04:42 [INFO] bt_data: [数据] 603081 使用本地缓存 603081_2025-12-08_2026-04-07_qfq.json
17:04:42 [DEBUG] strategies: [主力建仓] 603081 验证通过 | 验证通过 | 来源: AKShare
17:04:42 [INFO] bt_data: [数据] 600576 使用本地缓存 600576_2025-12-08_2026-04-07_qfq.json
17:04:42 [DEBUG] strategies: [主力建仓] 600576 验证通过 | 验证通过 | 来源: AKShare
17:04:42 [INFO] bt_data: [数据] 603151 使用本地缓存 603151_2025-12-08_2026-04-07_qfq.json
17:04:42 [DEBUG] strategies: [主力建仓] 603151 验证通过 | 验证通过 | 来源: AKShare
17:04:42 [INFO] bt_data: [数据] 603969 使用本地缓存 603969_2025-12-08_2026-04-07_qfq.json
17:04:42 [DEBUG] strategies: [主力建仓] 603969 验证通过 | 验证通过 | 来源: AKShare
17:04:42 [INFO] bt_data: [数据] 688410 使用本地缓存 688410_2025-12-08_2026-04-07_qfq.json
17:04:42 [DEBUG] strategies: [主力建仓] 688410 验证通过 | 验证通过 | 来源: AKShare
17:04:42 [INFO] bt_data: [数据] 605189 使用本地缓存 605189_2025-12-08_2026-04-07_qfq.json
17:04:42 [DEBUG] strategies: [主力建仓] 605189 验证通过 | 验证通过 | 来源: AKShare
17:04:42 [INFO] bt_data: [数据] 300940 使用本地缓存 300940_2025-12-08_2026-04-07_qfq.json
17:04:42 [DEBUG] strategies: [主力建仓] 300940 验证通过 | 验证通过 | 来源: AKShare
17:04:42 [INFO] bt_data: [数据] 000576 使用本地缓存 000576_2025-12-08_2026-04-07_qfq.json
17:04:42 [DEBUG] strategies: [主力建仓] 000576 验证通过 | 验证通过 | 来源: AKShare
17:04:42 [INFO] bt_data: [数据] 001228 使用本地缓存 001228_2025-12-08_2026-04-07_qfq.json
17:04:42 [DEBUG] strategies: [主力建仓] 001228 验证通过 | 验证通过 | 来源: AKShare
17:04:42 [INFO] bt_data: [数据] 688557 使用本地缓存 688557_2025-12-08_2026-04-07_qfq.json
17:04:42 [DEBUG] strategies: [主力建仓] 688557 验证通过 | 验证通过 | 来源: AKShare
17:04:42 [INFO] bt_data: [数据] 688269 使用本地缓存 688269_2025-12-08_2026-04-07_qfq.json
17:04:42 [DEBUG] strategies: [主力建仓] 688269 验证通过 | 验证通过 | 来源: AKShare
17:04:42 [INFO] bt_data: [数据] 301283 使用本地缓存 301283_2025-12-08_2026-04-07_qfq.json
17:04:42 [DEBUG] strategies: [主力建仓] 301283 验证通过 | 验证通过 | 来源: AKShare
17:04:42 [INFO] bt_data: [数据] 688379 使用本地缓存 688379_2025-12-08_2026-04-07_qfq.json
17:04:42 [DEBUG] strategies: [主力建仓] 688379 验证通过 | 验证通过 | 来源: AKShare
17:04:42 [INFO] bt_data: [数据] 601968 使用本地缓存 601968_2025-12-08_2026-04-07_qfq.json
17:04:42 [DEBUG] strategies: [主力建仓] 601968 验证通过 | 验证通过 | 来源: AKShare
17:04:42 [INFO] bt_data: [数据] 603506 使用本地缓存 603506_2025-12-08_2026-04-07_qfq.json
17:04:42 [DEBUG] strategies: [主力建仓] 603506 验证通过 | 验证通过 | 来源: AKShare
17:04:42 [INFO] bt_data: [数据] 301381 使用本地缓存 301381_2025-12-08_2026-04-07_qfq.json
17:04:42 [DEBUG] strategies: [主力建仓] 301381 验证通过 | 验证通过 | 来源: AKShare
17:04:42 [INFO] bt_data: [数据] 688600 使用本地缓存 688600_2025-12-08_2026-04-07_qfq.json
17:04:42 [DEBUG] strategies: [主力建仓] 688600 验证通过 | 验证通过 | 来源: AKShare
17:04:42 [INFO] bt_data: [数据] 603313 使用本地缓存 603313_2025-12-08_2026-04-07_qfq.json
17:04:42 [DEBUG] strategies: [主力建仓] 603313 验证通过 | 验证通过 | 来源: AKShare
17:04:42 [INFO] bt_data: [数据] 688162 使用本地缓存 688162_2025-12-08_2026-04-07_qfq.json
17:04:42 [DEBUG] strategies: [主力建仓] 688162 验证通过 | 验证通过 | 来源: AKShare
17:04:42 [INFO] bt_data: [数据] 603101 使用本地缓存 603101_2025-12-08_2026-04-07_qfq.json
17:04:42 [DEBUG] strategies: [主力建仓] 603101 验证通过 | 验证通过 | 来源: AKShare
17:04:42 [INFO] bt_data: [数据] 301356 使用本地缓存 301356_2025-12-08_2026-04-07_qfq.json
17:04:42 [DEBUG] strategies: [主力建仓] 301356 验证通过 | 验证通过 | 来源: AKShare
17:04:42 [INFO] bt_data: [数据] 688501 使用本地缓存 688501_2025-12-08_2026-04-07_qfq.json
17:04:42 [DEBUG] strategies: [主力建仓] 688501 验证通过 | 验证通过 | 来源: AKShare
17:04:42 [INFO] bt_data: [数据] 301446 使用本地缓存 301446_2025-12-08_2026-04-07_qfq.json
17:04:42 [DEBUG] strategies: [主力建仓] 301446 验证通过 | 验证通过 | 来源: AKShare
17:04:42 [INFO] bt_data: [数据] 688665 使用本地缓存 688665_2025-12-08_2026-04-07_qfq.json
17:04:42 [DEBUG] strategies: [主力建仓] 688665 验证通过 | 验证通过 | 来源: AKShare
17:04:42 [INFO] daily_scan: [日扫描] 命中 BUY=0 WATCH=34
17:04:42 [INFO] daily_scan:   WATCH 002340 格林美 信号日=2026-04-03
17:04:42 [INFO] daily_scan:   WATCH 688772 珠海冠宇 信号日=2026-04-03
17:04:42 [INFO] daily_scan:   WATCH 300681 英搏尔 信号日=2026-04-03
17:04:42 [INFO] daily_scan:   WATCH 600429 三元股份 信号日=2026-04-03
17:04:42 [INFO] daily_scan:   WATCH 301078 孩子王 信号日=2026-04-03
17:04:42 [INFO] daily_scan: [日扫描] 合并结果: 新增/更新=34 保留旧标的=16 总计=50
17:04:42 [INFO] scan_dao: [scan_dao] major_capital_accumulation 写入 50 条扫描结果
17:04:42 [INFO] daily_scan: [日扫描] Web 状态已更新并持久化 | BUY=0 WATCH=34
17:05:44 [INFO] daily_scan: [日扫描] 开始 手动 主力建仓选股 @ 2026-04-07 17:05 | 数据截止=2026-04-07
17:05:44 [INFO] screener: [选股] 使用缓存结果 (112只, 2026-04-07T15:35:04.291113, screen_79bb577e.json)
17:05:44 [INFO] daily_scan: [日扫描] 初筛候选股 112 只
17:05:44 [INFO] bt_data: [数据] 002015 使用本地缓存 002015_2025-12-08_2026-04-07_qfq.json
17:05:44 [DEBUG] strategies: [主力建仓] 002015 验证通过 | 验证通过 | 来源: AKShare
17:05:44 [INFO] bt_data: [数据] 600392 使用本地缓存 600392_2025-12-08_2026-04-07_qfq.json
17:05:44 [DEBUG] strategies: [主力建仓] 600392 验证通过 | 验证通过 | 来源: AKShare
17:05:44 [INFO] bt_data: [数据] 600711 使用本地缓存 600711_2025-12-08_2026-04-07_qfq.json
17:05:44 [DEBUG] strategies: [主力建仓] 600711 验证通过 | 验证通过 | 来源: AKShare
17:05:44 [INFO] bt_data: [数据] 600867 使用本地缓存 600867_2025-12-08_2026-04-07_qfq.json
17:05:44 [DEBUG] strategies: [主力建仓] 600867 验证通过 | 验证通过 | 来源: AKShare
17:05:44 [INFO] bt_data: [数据] 002155 使用本地缓存 002155_2025-12-08_2026-04-07_qfq.json
17:05:44 [DEBUG] strategies: [主力建仓] 002155 验证通过 | 验证通过 | 来源: AKShare
17:05:44 [INFO] bt_data: [数据] 601233 使用本地缓存 601233_2025-12-08_2026-04-07_qfq.json
17:05:44 [DEBUG] strategies: [主力建仓] 601233 验证通过 | 验证通过 | 来源: AKShare
17:05:44 [INFO] bt_data: [数据] 600195 使用本地缓存 600195_2025-12-08_2026-04-07_qfq.json
17:05:44 [DEBUG] strategies: [主力建仓] 600195 验证通过 | 验证通过 | 来源: AKShare
17:05:44 [INFO] bt_data: [数据] 000688 使用本地缓存 000688_2025-12-08_2026-04-07_qfq.json
17:05:44 [DEBUG] strategies: [主力建仓] 000688 验证通过 | 验证通过 | 来源: AKShare
17:05:44 [INFO] bt_data: [数据] 002340 使用本地缓存 002340_2025-12-08_2026-04-07_qfq.json
17:05:44 [DEBUG] strategies: [主力建仓] 002340 验证通过 | 验证通过 | 来源: AKShare
17:05:44 [INFO] bt_data: [数据] 603876 使用本地缓存 603876_2025-12-08_2026-04-07_qfq.json
17:05:44 [DEBUG] strategies: [主力建仓] 603876 验证通过 | 验证通过 | 来源: AKShare
17:05:44 [INFO] bt_data: [数据] 600595 使用本地缓存 600595_2025-12-08_2026-04-07_qfq.json
17:05:44 [DEBUG] strategies: [主力建仓] 600595 验证通过 | 验证通过 | 来源: AKShare
17:05:44 [INFO] bt_data: [数据] 300251 使用本地缓存 300251_2025-12-08_2026-04-07_qfq.json
17:05:44 [DEBUG] strategies: [主力建仓] 300251 验证通过 | 验证通过 | 来源: AKShare
17:05:44 [INFO] bt_data: [数据] 300035 使用本地缓存 300035_2025-12-08_2026-04-07_qfq.json
17:05:44 [DEBUG] strategies: [主力建仓] 300035 验证通过 | 验证通过 | 来源: AKShare
17:05:44 [INFO] bt_data: [数据] 603358 使用本地缓存 603358_2025-12-08_2026-04-07_qfq.json
17:05:44 [DEBUG] strategies: [主力建仓] 603358 验证通过 | 验证通过 | 来源: AKShare
17:05:44 [INFO] bt_data: [数据] 001696 使用本地缓存 001696_2025-12-08_2026-04-07_qfq.json
17:05:44 [DEBUG] strategies: [主力建仓] 001696 验证通过 | 验证通过 | 来源: AKShare
17:05:44 [INFO] bt_data: [数据] 002497 使用本地缓存 002497_2025-12-08_2026-04-07_qfq.json
17:05:44 [DEBUG] strategies: [主力建仓] 002497 验证通过 | 验证通过 | 来源: AKShare
17:05:44 [INFO] bt_data: [数据] 600143 使用本地缓存 600143_2025-12-08_2026-04-07_qfq.json
17:05:44 [DEBUG] strategies: [主力建仓] 600143 验证通过 | 验证通过 | 来源: AKShare
17:05:44 [INFO] bt_data: [数据] 002734 使用本地缓存 002734_2025-12-08_2026-04-07_qfq.json
17:05:44 [DEBUG] strategies: [主力建仓] 002734 验证通过 | 验证通过 | 来源: AKShare
17:05:44 [INFO] bt_data: [数据] 002402 使用本地缓存 002402_2025-12-08_2026-04-07_qfq.json
17:05:44 [DEBUG] strategies: [主力建仓] 002402 验证通过 | 验证通过 | 来源: AKShare
17:05:44 [INFO] bt_data: [数据] 600389 使用本地缓存 600389_2025-12-08_2026-04-07_qfq.json
17:05:44 [DEBUG] strategies: [主力建仓] 600389 验证通过 | 验证通过 | 来源: AKShare
17:05:44 [INFO] bt_data: [数据] 600497 使用本地缓存 600497_2025-12-08_2026-04-07_qfq.json
17:05:44 [DEBUG] strategies: [主力建仓] 600497 验证通过 | 验证通过 | 来源: AKShare
17:05:44 [INFO] bt_data: [数据] 600685 使用本地缓存 600685_2025-12-08_2026-04-07_qfq.json
17:05:44 [DEBUG] strategies: [主力建仓] 600685 验证通过 | 验证通过 | 来源: AKShare
17:05:44 [INFO] bt_data: [数据] 002396 使用本地缓存 002396_2025-12-08_2026-04-07_qfq.json
17:05:44 [DEBUG] strategies: [主力建仓] 002396 验证通过 | 验证通过 | 来源: AKShare
17:05:44 [INFO] bt_data: [数据] 002440 使用本地缓存 002440_2025-12-08_2026-04-07_qfq.json
17:05:44 [DEBUG] strategies: [主力建仓] 002440 验证通过 | 验证通过 | 来源: AKShare
17:05:44 [INFO] bt_data: [数据] 002203 使用本地缓存 002203_2025-12-08_2026-04-07_qfq.json
17:05:44 [DEBUG] strategies: [主力建仓] 002203 验证通过 | 验证通过 | 来源: AKShare
17:05:44 [INFO] bt_data: [数据] 002545 使用本地缓存 002545_2025-12-08_2026-04-07_qfq.json
17:05:44 [DEBUG] strategies: [主力建仓] 002545 验证通过 | 验证通过 | 来源: AKShare
17:05:44 [INFO] bt_data: [数据] 300409 使用本地缓存 300409_2025-12-08_2026-04-07_qfq.json
17:05:44 [DEBUG] strategies: [主力建仓] 300409 验证通过 | 验证通过 | 来源: AKShare
17:05:44 [INFO] bt_data: [数据] 002755 使用本地缓存 002755_2025-12-08_2026-04-07_qfq.json
17:05:44 [DEBUG] strategies: [主力建仓] 002755 验证通过 | 验证通过 | 来源: AKShare
17:05:44 [INFO] bt_data: [数据] 300790 使用本地缓存 300790_2025-12-08_2026-04-07_qfq.json
17:05:44 [DEBUG] strategies: [主力建仓] 300790 验证通过 | 验证通过 | 来源: AKShare
17:05:44 [INFO] bt_data: [数据] 002553 使用本地缓存 002553_2025-12-08_2026-04-07_qfq.json
17:05:44 [DEBUG] strategies: [主力建仓] 002553 验证通过 | 验证通过 | 来源: AKShare
17:05:44 [INFO] bt_data: [数据] 300201 使用本地缓存 300201_2025-12-08_2026-04-07_qfq.json
17:05:44 [DEBUG] strategies: [主力建仓] 300201 验证通过 | 验证通过 | 来源: AKShare
17:05:44 [INFO] bt_data: [数据] 688772 使用本地缓存 688772_2025-12-08_2026-04-07_qfq.json
17:05:44 [DEBUG] strategies: [主力建仓] 688772 验证通过 | 验证通过 | 来源: AKShare
17:05:44 [INFO] bt_data: [数据] 600166 使用本地缓存 600166_2025-12-08_2026-04-07_qfq.json
17:05:44 [DEBUG] strategies: [主力建仓] 600166 验证通过 | 验证通过 | 来源: AKShare
17:05:44 [INFO] bt_data: [数据] 301235 使用本地缓存 301235_2025-12-08_2026-04-07_qfq.json
17:05:44 [DEBUG] strategies: [主力建仓] 301235 验证通过 | 验证通过 | 来源: AKShare
17:05:44 [INFO] bt_data: [数据] 300772 使用本地缓存 300772_2025-12-08_2026-04-07_qfq.json
17:05:44 [DEBUG] strategies: [主力建仓] 300772 验证通过 | 验证通过 | 来源: AKShare
17:05:44 [INFO] bt_data: [数据] 603612 使用本地缓存 603612_2025-12-08_2026-04-07_qfq.json
17:05:44 [DEBUG] strategies: [主力建仓] 603612 验证通过 | 验证通过 | 来源: AKShare
17:05:44 [INFO] bt_data: [数据] 002170 使用本地缓存 002170_2025-12-08_2026-04-07_qfq.json
17:05:44 [DEBUG] strategies: [主力建仓] 002170 验证通过 | 验证通过 | 来源: AKShare
17:05:44 [INFO] bt_data: [数据] 300681 使用本地缓存 300681_2025-12-08_2026-04-07_qfq.json
17:05:44 [DEBUG] strategies: [主力建仓] 300681 验证通过 | 验证通过 | 来源: AKShare
17:05:44 [INFO] bt_data: [数据] 601069 使用本地缓存 601069_2025-12-08_2026-04-07_qfq.json
17:05:44 [DEBUG] strategies: [主力建仓] 601069 验证通过 | 验证通过 | 来源: AKShare
17:05:44 [INFO] bt_data: [数据] 300602 使用本地缓存 300602_2025-12-08_2026-04-07_qfq.json
17:05:44 [DEBUG] strategies: [主力建仓] 300602 验证通过 | 验证通过 | 来源: AKShare
17:05:44 [INFO] bt_data: [数据] 601162 使用本地缓存 601162_2025-12-08_2026-04-07_qfq.json
17:05:44 [DEBUG] strategies: [主力建仓] 601162 验证通过 | 验证通过 | 来源: AKShare
17:05:44 [INFO] bt_data: [数据] 002237 使用本地缓存 002237_2025-12-08_2026-04-07_qfq.json
17:05:44 [DEBUG] strategies: [主力建仓] 002237 验证通过 | 验证通过 | 来源: AKShare
17:05:44 [INFO] bt_data: [数据] 002637 使用本地缓存 002637_2025-12-08_2026-04-07_qfq.json
17:05:44 [DEBUG] strategies: [主力建仓] 002637 验证通过 | 验证通过 | 来源: AKShare
17:05:44 [INFO] bt_data: [数据] 003010 使用本地缓存 003010_2025-12-08_2026-04-07_qfq.json
17:05:44 [DEBUG] strategies: [主力建仓] 003010 验证通过 | 验证通过 | 来源: AKShare
17:05:44 [INFO] bt_data: [数据] 688136 使用本地缓存 688136_2025-12-08_2026-04-07_qfq.json
17:05:44 [DEBUG] strategies: [主力建仓] 688136 验证通过 | 验证通过 | 来源: AKShare
17:05:44 [INFO] bt_data: [数据] 002824 使用本地缓存 002824_2025-12-08_2026-04-07_qfq.json
17:05:44 [DEBUG] strategies: [主力建仓] 002824 验证通过 | 验证通过 | 来源: AKShare
17:05:44 [INFO] bt_data: [数据] 002250 使用本地缓存 002250_2025-12-08_2026-04-07_qfq.json
17:05:44 [DEBUG] strategies: [主力建仓] 002250 验证通过 | 验证通过 | 来源: AKShare
17:05:44 [INFO] bt_data: [数据] 600686 使用本地缓存 600686_2025-12-08_2026-04-07_qfq.json
17:05:44 [DEBUG] strategies: [主力建仓] 600686 验证通过 | 验证通过 | 来源: AKShare
17:05:44 [INFO] bt_data: [数据] 688006 使用本地缓存 688006_2025-12-08_2026-04-07_qfq.json
17:05:44 [DEBUG] strategies: [主力建仓] 688006 验证通过 | 验证通过 | 来源: AKShare
17:05:44 [INFO] bt_data: [数据] 603890 使用本地缓存 603890_2025-12-08_2026-04-07_qfq.json
17:05:44 [DEBUG] strategies: [主力建仓] 603890 验证通过 | 验证通过 | 来源: AKShare
17:05:44 [INFO] bt_data: [数据] 000876 使用本地缓存 000876_2025-12-08_2026-04-07_qfq.json
17:05:44 [DEBUG] strategies: [主力建仓] 000876 验证通过 | 验证通过 | 来源: AKShare
17:05:44 [INFO] bt_data: [数据] 002688 使用本地缓存 002688_2025-12-08_2026-04-07_qfq.json
17:05:44 [DEBUG] strategies: [主力建仓] 002688 验证通过 | 验证通过 | 来源: AKShare
17:05:44 [INFO] bt_data: [数据] 603162 使用本地缓存 603162_2025-12-08_2026-04-07_qfq.json
17:05:44 [DEBUG] strategies: [主力建仓] 603162 验证通过 | 验证通过 | 来源: AKShare
17:05:44 [INFO] bt_data: [数据] 300041 使用本地缓存 300041_2025-12-08_2026-04-07_qfq.json
17:05:44 [DEBUG] strategies: [主力建仓] 300041 验证通过 | 验证通过 | 来源: AKShare
17:05:44 [INFO] bt_data: [数据] 301607 使用本地缓存 301607_2025-12-08_2026-04-07_qfq.json
17:05:44 [DEBUG] strategies: [主力建仓] 301607 验证通过 | 验证通过 | 来源: AKShare
17:05:44 [INFO] bt_data: [数据] 002448 使用本地缓存 002448_2025-12-08_2026-04-07_qfq.json
17:05:44 [DEBUG] strategies: [主力建仓] 002448 验证通过 | 验证通过 | 来源: AKShare
17:05:44 [INFO] bt_data: [数据] 600429 使用本地缓存 600429_2025-12-08_2026-04-07_qfq.json
17:05:44 [DEBUG] strategies: [主力建仓] 600429 验证通过 | 验证通过 | 来源: AKShare
17:05:44 [INFO] bt_data: [数据] 601636 使用本地缓存 601636_2025-12-08_2026-04-07_qfq.json
17:05:44 [DEBUG] strategies: [主力建仓] 601636 验证通过 | 验证通过 | 来源: AKShare
17:05:44 [INFO] bt_data: [数据] 000600 使用本地缓存 000600_2025-12-08_2026-04-07_qfq.json
17:05:44 [DEBUG] strategies: [主力建仓] 000600 验证通过 | 验证通过 | 来源: AKShare
17:05:44 [INFO] bt_data: [数据] 300967 使用本地缓存 300967_2025-12-08_2026-04-07_qfq.json
17:05:44 [DEBUG] strategies: [主力建仓] 300967 验证通过 | 验证通过 | 来源: AKShare
17:05:44 [INFO] bt_data: [数据] 003002 使用本地缓存 003002_2025-12-08_2026-04-07_qfq.json
17:05:44 [DEBUG] strategies: [主力建仓] 003002 验证通过 | 验证通过 | 来源: AKShare
17:05:44 [INFO] bt_data: [数据] 002171 使用本地缓存 002171_2025-12-08_2026-04-07_qfq.json
17:05:44 [DEBUG] strategies: [主力建仓] 002171 验证通过 | 验证通过 | 来源: AKShare
17:05:44 [INFO] bt_data: [数据] 603628 使用本地缓存 603628_2025-12-08_2026-04-07_qfq.json
17:05:44 [DEBUG] strategies: [主力建仓] 603628 验证通过 | 验证通过 | 来源: AKShare
17:05:44 [INFO] bt_data: [数据] 002928 使用本地缓存 002928_2025-12-08_2026-04-07_qfq.json
17:05:44 [DEBUG] strategies: [主力建仓] 002928 验证通过 | 验证通过 | 来源: AKShare
17:05:44 [INFO] bt_data: [数据] 301078 使用本地缓存 301078_2025-12-08_2026-04-07_qfq.json
17:05:44 [DEBUG] strategies: [主力建仓] 301078 验证通过 | 验证通过 | 来源: AKShare
17:05:44 [INFO] bt_data: [数据] 688639 使用本地缓存 688639_2025-12-08_2026-04-07_qfq.json
17:05:44 [DEBUG] strategies: [主力建仓] 688639 验证通过 | 验证通过 | 来源: AKShare
17:05:44 [INFO] bt_data: [数据] 000803 使用本地缓存 000803_2025-12-08_2026-04-07_qfq.json
17:05:44 [DEBUG] strategies: [主力建仓] 000803 验证通过 | 验证通过 | 来源: AKShare
17:05:44 [INFO] bt_data: [数据] 300132 使用本地缓存 300132_2025-12-08_2026-04-07_qfq.json
17:05:44 [DEBUG] strategies: [主力建仓] 300132 验证通过 | 验证通过 | 来源: AKShare
17:05:44 [INFO] bt_data: [数据] 603997 使用本地缓存 603997_2025-12-08_2026-04-07_qfq.json
17:05:44 [DEBUG] strategies: [主力建仓] 603997 验证通过 | 验证通过 | 来源: AKShare
17:05:44 [INFO] bt_data: [数据] 300644 使用本地缓存 300644_2025-12-08_2026-04-07_qfq.json
17:05:44 [DEBUG] strategies: [主力建仓] 300644 验证通过 | 验证通过 | 来源: AKShare
17:05:44 [INFO] bt_data: [数据] 688117 使用本地缓存 688117_2025-12-08_2026-04-07_qfq.json
17:05:44 [DEBUG] strategies: [主力建仓] 688117 验证通过 | 验证通过 | 来源: AKShare
17:05:44 [INFO] bt_data: [数据] 600251 使用本地缓存 600251_2025-12-08_2026-04-07_qfq.json
17:05:44 [DEBUG] strategies: [主力建仓] 600251 验证通过 | 验证通过 | 来源: AKShare
17:05:44 [INFO] bt_data: [数据] 301220 使用本地缓存 301220_2025-12-08_2026-04-07_qfq.json
17:05:44 [DEBUG] strategies: [主力建仓] 301220 验证通过 | 验证通过 | 来源: AKShare
17:05:44 [INFO] bt_data: [数据] 003011 使用本地缓存 003011_2025-12-08_2026-04-07_qfq.json
17:05:44 [DEBUG] strategies: [主力建仓] 003011 验证通过 | 验证通过 | 来源: AKShare
17:05:44 [INFO] bt_data: [数据] 002010 使用本地缓存 002010_2025-12-08_2026-04-07_qfq.json
17:05:44 [DEBUG] strategies: [主力建仓] 002010 验证通过 | 验证通过 | 来源: AKShare
17:05:44 [INFO] bt_data: [数据] 000935 使用本地缓存 000935_2025-12-08_2026-04-07_qfq.json
17:05:44 [DEBUG] strategies: [主力建仓] 000935 验证通过 | 验证通过 | 来源: AKShare
17:05:44 [INFO] bt_data: [数据] 002511 使用本地缓存 002511_2025-12-08_2026-04-07_qfq.json
17:05:44 [DEBUG] strategies: [主力建仓] 002511 验证通过 | 验证通过 | 来源: AKShare
17:05:44 [INFO] bt_data: [数据] 300611 使用本地缓存 300611_2025-12-08_2026-04-07_qfq.json
17:05:44 [DEBUG] strategies: [主力建仓] 300611 验证通过 | 验证通过 | 来源: AKShare
17:05:44 [INFO] bt_data: [数据] 002006 使用本地缓存 002006_2025-12-08_2026-04-07_qfq.json
17:05:44 [DEBUG] strategies: [主力建仓] 002006 验证通过 | 验证通过 | 来源: AKShare
17:05:44 [INFO] bt_data: [数据] 300702 使用本地缓存 300702_2025-12-08_2026-04-07_qfq.json
17:05:44 [DEBUG] strategies: [主力建仓] 300702 验证通过 | 验证通过 | 来源: AKShare
17:05:44 [INFO] bt_data: [数据] 003017 使用本地缓存 003017_2025-12-08_2026-04-07_qfq.json
17:05:44 [DEBUG] strategies: [主力建仓] 003017 验证通过 | 验证通过 | 来源: AKShare
17:05:44 [INFO] bt_data: [数据] 002225 使用本地缓存 002225_2025-12-08_2026-04-07_qfq.json
17:05:44 [DEBUG] strategies: [主力建仓] 002225 验证通过 | 验证通过 | 来源: AKShare
17:05:44 [INFO] bt_data: [数据] 002209 使用本地缓存 002209_2025-12-08_2026-04-07_qfq.json
17:05:44 [DEBUG] strategies: [主力建仓] 002209 验证通过 | 验证通过 | 来源: AKShare
17:05:44 [INFO] bt_data: [数据] 300473 使用本地缓存 300473_2025-12-08_2026-04-07_qfq.json
17:05:44 [DEBUG] strategies: [主力建仓] 300473 验证通过 | 验证通过 | 来源: AKShare
17:05:44 [INFO] bt_data: [数据] 600983 使用本地缓存 600983_2025-12-08_2026-04-07_qfq.json
17:05:44 [DEBUG] strategies: [主力建仓] 600983 验证通过 | 验证通过 | 来源: AKShare
17:05:44 [INFO] bt_data: [数据] 603566 使用本地缓存 603566_2025-12-08_2026-04-07_qfq.json
17:05:44 [DEBUG] strategies: [主力建仓] 603566 验证通过 | 验证通过 | 来源: AKShare
17:05:44 [INFO] bt_data: [数据] 301161 使用本地缓存 301161_2025-12-08_2026-04-07_qfq.json
17:05:44 [DEBUG] strategies: [主力建仓] 301161 验证通过 | 验证通过 | 来源: AKShare
17:05:44 [INFO] bt_data: [数据] 001288 使用本地缓存 001288_2025-12-08_2026-04-07_qfq.json
17:05:44 [DEBUG] strategies: [主力建仓] 001288 验证通过 | 验证通过 | 来源: AKShare
17:05:44 [INFO] bt_data: [数据] 603081 使用本地缓存 603081_2025-12-08_2026-04-07_qfq.json
17:05:44 [DEBUG] strategies: [主力建仓] 603081 验证通过 | 验证通过 | 来源: AKShare
17:05:44 [INFO] bt_data: [数据] 600576 使用本地缓存 600576_2025-12-08_2026-04-07_qfq.json
17:05:44 [DEBUG] strategies: [主力建仓] 600576 验证通过 | 验证通过 | 来源: AKShare
17:05:44 [INFO] bt_data: [数据] 603151 使用本地缓存 603151_2025-12-08_2026-04-07_qfq.json
17:05:44 [DEBUG] strategies: [主力建仓] 603151 验证通过 | 验证通过 | 来源: AKShare
17:05:44 [INFO] bt_data: [数据] 603969 使用本地缓存 603969_2025-12-08_2026-04-07_qfq.json
17:05:44 [DEBUG] strategies: [主力建仓] 603969 验证通过 | 验证通过 | 来源: AKShare
17:05:44 [INFO] bt_data: [数据] 688410 使用本地缓存 688410_2025-12-08_2026-04-07_qfq.json
17:05:44 [DEBUG] strategies: [主力建仓] 688410 验证通过 | 验证通过 | 来源: AKShare
17:05:44 [INFO] bt_data: [数据] 605189 使用本地缓存 605189_2025-12-08_2026-04-07_qfq.json
17:05:44 [DEBUG] strategies: [主力建仓] 605189 验证通过 | 验证通过 | 来源: AKShare
17:05:44 [INFO] bt_data: [数据] 300940 使用本地缓存 300940_2025-12-08_2026-04-07_qfq.json
17:05:44 [DEBUG] strategies: [主力建仓] 300940 验证通过 | 验证通过 | 来源: AKShare
17:05:44 [INFO] bt_data: [数据] 000576 使用本地缓存 000576_2025-12-08_2026-04-07_qfq.json
17:05:44 [DEBUG] strategies: [主力建仓] 000576 验证通过 | 验证通过 | 来源: AKShare
17:05:44 [INFO] bt_data: [数据] 001228 使用本地缓存 001228_2025-12-08_2026-04-07_qfq.json
17:05:44 [DEBUG] strategies: [主力建仓] 001228 验证通过 | 验证通过 | 来源: AKShare
17:05:44 [INFO] bt_data: [数据] 688557 使用本地缓存 688557_2025-12-08_2026-04-07_qfq.json
17:05:44 [DEBUG] strategies: [主力建仓] 688557 验证通过 | 验证通过 | 来源: AKShare
17:05:44 [INFO] bt_data: [数据] 688269 使用本地缓存 688269_2025-12-08_2026-04-07_qfq.json
17:05:44 [DEBUG] strategies: [主力建仓] 688269 验证通过 | 验证通过 | 来源: AKShare
17:05:44 [INFO] bt_data: [数据] 301283 使用本地缓存 301283_2025-12-08_2026-04-07_qfq.json
17:05:44 [DEBUG] strategies: [主力建仓] 301283 验证通过 | 验证通过 | 来源: AKShare
17:05:44 [INFO] bt_data: [数据] 688379 使用本地缓存 688379_2025-12-08_2026-04-07_qfq.json
17:05:44 [DEBUG] strategies: [主力建仓] 688379 验证通过 | 验证通过 | 来源: AKShare
17:05:44 [INFO] bt_data: [数据] 601968 使用本地缓存 601968_2025-12-08_2026-04-07_qfq.json
17:05:44 [DEBUG] strategies: [主力建仓] 601968 验证通过 | 验证通过 | 来源: AKShare
17:05:44 [INFO] bt_data: [数据] 603506 使用本地缓存 603506_2025-12-08_2026-04-07_qfq.json
17:05:44 [DEBUG] strategies: [主力建仓] 603506 验证通过 | 验证通过 | 来源: AKShare
17:05:44 [INFO] bt_data: [数据] 301381 使用本地缓存 301381_2025-12-08_2026-04-07_qfq.json
17:05:44 [DEBUG] strategies: [主力建仓] 301381 验证通过 | 验证通过 | 来源: AKShare
17:05:44 [INFO] bt_data: [数据] 688600 使用本地缓存 688600_2025-12-08_2026-04-07_qfq.json
17:05:44 [DEBUG] strategies: [主力建仓] 688600 验证通过 | 验证通过 | 来源: AKShare
17:05:44 [INFO] bt_data: [数据] 603313 使用本地缓存 603313_2025-12-08_2026-04-07_qfq.json
17:05:44 [DEBUG] strategies: [主力建仓] 603313 验证通过 | 验证通过 | 来源: AKShare
17:05:44 [INFO] bt_data: [数据] 688162 使用本地缓存 688162_2025-12-08_2026-04-07_qfq.json
17:05:44 [DEBUG] strategies: [主力建仓] 688162 验证通过 | 验证通过 | 来源: AKShare
17:05:44 [INFO] bt_data: [数据] 603101 使用本地缓存 603101_2025-12-08_2026-04-07_qfq.json
17:05:44 [DEBUG] strategies: [主力建仓] 603101 验证通过 | 验证通过 | 来源: AKShare
17:05:44 [INFO] bt_data: [数据] 301356 使用本地缓存 301356_2025-12-08_2026-04-07_qfq.json
17:05:44 [DEBUG] strategies: [主力建仓] 301356 验证通过 | 验证通过 | 来源: AKShare
17:05:44 [INFO] bt_data: [数据] 688501 使用本地缓存 688501_2025-12-08_2026-04-07_qfq.json
17:05:44 [DEBUG] strategies: [主力建仓] 688501 验证通过 | 验证通过 | 来源: AKShare
17:05:44 [INFO] bt_data: [数据] 301446 使用本地缓存 301446_2025-12-08_2026-04-07_qfq.json
17:05:44 [DEBUG] strategies: [主力建仓] 301446 验证通过 | 验证通过 | 来源: AKShare
17:05:44 [INFO] bt_data: [数据] 688665 使用本地缓存 688665_2025-12-08_2026-04-07_qfq.json
17:05:44 [DEBUG] strategies: [主力建仓] 688665 验证通过 | 验证通过 | 来源: AKShare
17:05:44 [INFO] daily_scan: [日扫描] 命中 BUY=0 WATCH=34
17:05:44 [INFO] daily_scan:   WATCH 002340 格林美 信号日=2026-04-03
17:05:44 [INFO] daily_scan:   WATCH 688772 珠海冠宇 信号日=2026-04-03
17:05:44 [INFO] daily_scan:   WATCH 300681 英搏尔 信号日=2026-04-03
17:05:44 [INFO] daily_scan:   WATCH 600429 三元股份 信号日=2026-04-03
17:05:44 [INFO] daily_scan:   WATCH 301078 孩子王 信号日=2026-04-03
17:05:44 [INFO] daily_scan: [日扫描] 合并结果: 新增/更新=34 保留旧标的=16 总计=50
17:05:44 [INFO] scan_dao: [scan_dao] major_capital_accumulation 写入 50 条扫描结果
17:05:44 [INFO] daily_scan: [日扫描] Web 状态已更新并持久化 | BUY=0 WATCH=34
17:38:38 [INFO] mysql: [MySQL] 连接池已关闭
17:38:38 [INFO] web_app: [App] 调度器+连接池已停止
17:40:22 [INFO] mysql: [MySQL] 创建连接池...
17:40:22 [INFO] mysql: [MySQL] 连接池就绪，表结构已检查
17:40:22 [INFO] migrate: [迁移] scan_results.json 不存在，跳过
17:40:22 [INFO] migrate: [迁移] backtest_results.json 不存在，跳过
17:40:22 [INFO] migrate: [迁移] schedule_config: enabled=True
17:40:22 [INFO] migrate: [迁移] 全部完成
17:40:22 [INFO] web_app: [App] MySQL 就绪，已恢复扫描数据
17:40:22 [INFO] web_app: [App] 调度器已启动
17:40:22 [INFO] web_app: [调度器] 启动
17:41:05 [INFO] bt_dao: [bt_dao] 回测结果已入库 id=69 strategy=major_capital_accumulation
17:46:44 [INFO] bt_dao: [bt_dao] 回测结果已入库 id=70 strategy=major_capital_accumulation
17:48:34 [INFO] mysql: [MySQL] 连接池已关闭
17:48:34 [INFO] web_app: [App] 调度器+连接池已停止
17:48:35 [INFO] mysql: [MySQL] 创建连接池...
17:48:35 [INFO] mysql: [MySQL] 连接池就绪，表结构已检查
17:48:35 [INFO] migrate: [迁移] scan_results.json 不存在，跳过
17:48:35 [INFO] migrate: [迁移] backtest_results.json 不存在，跳过
17:48:35 [INFO] migrate: [迁移] schedule_config: enabled=True
17:48:35 [INFO] migrate: [迁移] 全部完成
17:48:35 [INFO] web_app: [App] MySQL 就绪，已恢复扫描数据
17:48:35 [INFO] web_app: [App] 调度器已启动
17:48:35 [INFO] web_app: [调度器] 启动
17:49:15 [INFO] bt_dao: [bt_dao] 回测结果已入库 id=71 strategy=major_capital_accumulation
17:50:34 [INFO] mysql: [MySQL] 连接池已关闭
17:50:34 [INFO] web_app: [App] 调度器+连接池已停止
17:50:36 [INFO] mysql: [MySQL] 创建连接池...
17:50:36 [INFO] mysql: [MySQL] 连接池就绪，表结构已检查
17:50:36 [INFO] migrate: [迁移] scan_results.json 不存在，跳过
17:50:36 [INFO] migrate: [迁移] backtest_results.json 不存在，跳过
17:50:36 [INFO] migrate: [迁移] schedule_config: enabled=True
17:50:36 [INFO] migrate: [迁移] 全部完成
17:50:36 [INFO] web_app: [App] MySQL 就绪，已恢复扫描数据
17:50:36 [INFO] web_app: [App] 调度器已启动
17:50:36 [INFO] web_app: [调度器] 启动
17:51:09 [INFO] bt_dao: [bt_dao] 回测结果已入库 id=72 strategy=major_capital_accumulation
23:37:30 [INFO] daily_update: ============================================================
23:37:30 [INFO] daily_update: [更新] 开始每日数据更新 2026-04-07 23:37:30
23:37:30 [INFO] daily_update: ============================================================
23:38:41 [INFO] daily_update: ============================================================
23:38:41 [INFO] daily_update: [更新] 开始每日数据更新 2026-04-07 23:38:41
23:38:41 [INFO] daily_update: ============================================================
23:38:41 [INFO] mysql: [MySQL] 创建连接池...
23:38:41 [INFO] mysql: [MySQL] 连接池就绪，表结构已检查
23:38:41 [INFO] daily_update: [快照] 开始拉取全市场行情 (ak.stock_zh_a_spot_em)...
23:38:51 [ERROR] daily_update: [快照] AkShare 拉取失败: ('Connection aborted.', RemoteDisconnected('Remote end closed connection without response'))
23:38:51 [ERROR] daily_update: [更新] 快照更新失败: ('Connection aborted.', RemoteDisconnected('Remote end closed connection without response'))
23:38:51 [INFO] daily_update: [基础信息] 无需补全，所有股票信息完整
23:38:51 [INFO] daily_update: [更新] 全部完成，总耗时 10s
23:38:51 [INFO] daily_update: [更新] 结果: {'snapshot': {'error': "('Connection aborted.', RemoteDisconnected('Remote end closed connection without response'))"}, 'basic': {'updated': 0}, 'kline': {'skipped': True}}
23:41:32 [INFO] daily_update: ============================================================
23:41:32 [INFO] daily_update: [更新] 开始每日数据更新 2026-04-07 23:41:32
23:41:32 [INFO] daily_update: ============================================================
23:41:32 [INFO] mysql: [MySQL] 创建连接池...
23:41:32 [INFO] mysql: [MySQL] 连接池就绪，表结构已检查
23:41:32 [INFO] daily_update: [快照] 开始拉取全市场行情 (EastMoney xuangu 直连)...
23:41:33 [ERROR] daily_update: [更新] 快照更新失败: 500 Server Error: Internal Error for url: https://data.eastmoney.com/dataapi/xuangu/list?sty=SECUCODE%2CSECURITY_NAME_ABBR%2CNEW_PRICE%2CCHANGE_RATE%2CVOLUME%2CDEAL_AMOUNT%2CTOTAL_MARKET_CAP%2CFREE_MARKET_CAP%2CPE_TTM%2CPB_MRQ%2CTURNOVERRATE%2CAMPLITUDE%2CHIGH_PRICE%2CLOW_PRICE%2COPEN_PRICE%2CPRE_CLOSE_PRICE%2CVOLUME_RATIO%2CLISTING_DATE%2CINDUSTRY&filter=&p=1&ps=3000&fd=
23:41:33 [INFO] daily_update: [基础信息] 无需补全，所有股票信息完整
23:41:33 [INFO] daily_update: [更新] 全部完成，总耗时 1s
23:41:33 [INFO] daily_update: [更新] 结果: {'snapshot': {'error': '500 Server Error: Internal Error for url: https://data.eastmoney.com/dataapi/xuangu/list?sty=SECUCODE%2CSECURITY_NAME_ABBR%2CNEW_PRICE%2CCHANGE_RATE%2CVOLUME%2CDEAL_AMOUNT%2CTOTAL_MARKET_CAP%2CFREE_MARKET_CAP%2CPE_TTM%2CPB_MRQ%2CTURNOVERRATE%2CAMPLITUDE%2CHIGH_PRICE%2CLOW_PRICE%2COPEN_PRICE%2CPRE_CLOSE_PRICE%2CVOLUME_RATIO%2CLISTING_DATE%2CINDUSTRY&filter=&p=1&ps=3000&fd='}, 'basic': {'updated': 0}, 'kline': {'skipped': True}}
23:47:45 [INFO] daily_update: ============================================================
23:47:45 [INFO] daily_update: [更新] 开始每日数据更新 2026-04-07 23:47:45
23:47:45 [INFO] daily_update: ============================================================
23:47:45 [INFO] mysql: [MySQL] 创建连接池...
23:47:45 [INFO] mysql: [MySQL] 连接池就绪，表结构已检查
23:47:45 [INFO] daily_update: [快照] 开始拉取全市场行情 (EastMoney xuangu 直连)...
23:47:45 [INFO] daily_update: [快照] 第1页 100 条，累计 100/5484
23:47:46 [INFO] daily_update: [快照] 第2页 33 条，累计 133/5484
23:47:46 [INFO] daily_update: [快照] 获取 133 条原始数据，耗时 1.0s，开始处理...
23:47:46 [INFO] daily_update: [快照] 完成：133 只股票，受影响 133 行，耗时 1.1s
23:47:46 [INFO] daily_update: [基础信息] 无需补全，所有股票信息完整
23:47:46 [INFO] daily_update: [更新] 全部完成，总耗时 1s
23:47:46 [INFO] daily_update: [更新] 结果: {'snapshot': {'total': 133, 'inserted': 133, 'trade_date': '2026-04-07'}, 'basic': {'updated': 0}, 'kline': {'skipped': True}}
23:56:54 [INFO] daily_update: ============================================================
23:56:54 [INFO] daily_update: [更新] 开始每日数据更新 2026-04-07 23:56:54
23:56:54 [INFO] daily_update: ============================================================
23:56:54 [INFO] mysql: [MySQL] 创建连接池...
23:56:54 [INFO] mysql: [MySQL] 连接池就绪，表结构已检查
23:56:54 [INFO] daily_update: [快照] Step-A 拉取新浪全量行情 (ak.stock_zh_a_spot)...
23:56:55 [ERROR] daily_update: [更新] 快照更新失败: Can not decode value starting with character '<'
23:56:55 [INFO] daily_update: [基础信息] 无需补全，所有股票信息完整
23:56:55 [INFO] daily_update: [更新] 全部完成，总耗时 1s
23:56:55 [INFO] daily_update: [更新] 结果: {'snapshot': {'error': "Can not decode value starting with character '<'"}, 'basic': {'updated': 0}, 'kline': {'skipped': True}}
23:57:14 [INFO] daily_update: ============================================================
23:57:14 [INFO] daily_update: [更新] 开始每日数据更新 2026-04-07 23:57:14
23:57:14 [INFO] daily_update: ============================================================
23:57:14 [INFO] mysql: [MySQL] 创建连接池...
23:57:14 [INFO] mysql: [MySQL] 连接池就绪，表结构已检查
23:57:14 [INFO] daily_update: [快照] Step-A 拉取新浪全量行情 (ak.stock_zh_a_spot)...
23:57:15 [WARNING] daily_update: [快照] 新浪第1次速率限制（返回HTML），5秒后重试...
23:57:21 [WARNING] daily_update: [快照] 新浪第2次速率限制（返回HTML），5秒后重试...
23:57:26 [WARNING] daily_update: [快照] 新浪第3次速率限制（返回HTML），5秒后重试...
23:57:31 [ERROR] daily_update: [更新] 快照更新失败: [快照] ak.stock_zh_a_spot() 三次重试均失败
23:57:31 [INFO] daily_update: [基础信息] 无需补全，所有股票信息完整
23:57:31 [INFO] daily_update: [更新] 全部完成，总耗时 17s
23:57:31 [INFO] daily_update: [更新] 结果: {'snapshot': {'error': '[快照] ak.stock_zh_a_spot() 三次重试均失败'}, 'basic': {'updated': 0}, 'kline': {'skipped': True}}
15:35:21 [INFO] web_app: [调度器] 触发主力拉升选股 15:35
15:35:21 [DEBUG] sched_dao: [sched_dao] 配置已更新: {'last_run': '2026-04-08 15:35', 'last_status': 'running'}
15:35:25 [INFO] scan_dao: [scan_dao] major_capital_accumulation 写入 59 条扫描结果
15:35:25 [DEBUG] sched_dao: [sched_dao] 配置已更新: {'last_status': '完成 | 48只信号'}
10:51:17 [INFO] bt_dao: [bt_dao] 回测结果已入库 id=75 strategy=major_capital_accumulation
16:22:00 [INFO] bt_dao: [bt_dao] 回测结果已入库 id=76 strategy=major_capital_accumulation
17:03:31 [INFO] mysql: [MySQL] 连接池已关闭
17:03:31 [INFO] web_app: [App] 调度器+连接池已停止
