15:35:21 [INFO] daily_scan: [日扫描] 开始 定时 主力建仓选股 @ 2026-04-08 15:35 | 数据截止=2026-04-08
15:35:21 [INFO] screener: [选股][东方财富] 获取 111 只，开始客户端过滤...
15:35:21 [INFO] screener: [选股][东方财富] 客户端过滤后: 111 只
15:35:21 [INFO] screener: [选股] 筛选完成: 111只股票，已缓存到 screen_79bb577e.json
15:35:21 [INFO] daily_scan: [日扫描] 初筛候选股 111 只
15:35:22 [INFO] bt_data: [数据] 002015 加载78条日线 (2025-12-09~2026-04-08)
15:35:22 [DEBUG] strategies: [主力建仓] 002015 验证通过 | 验证通过 | 来源: AKShare
15:35:22 [INFO] bt_data: [数据] 300251 加载78条日线 (2025-12-09~2026-04-08)
15:35:22 [DEBUG] strategies: [主力建仓] 300251 验证通过 | 验证通过 | 来源: AKShare
15:35:22 [INFO] bt_data: [数据] 601233 加载78条日线 (2025-12-09~2026-04-08)
15:35:22 [DEBUG] strategies: [主力建仓] 601233 验证通过 | 验证通过 | 来源: AKShare
15:35:22 [INFO] bt_data: [数据] 600143 加载78条日线 (2025-12-09~2026-04-08)
15:35:22 [DEBUG] strategies: [主力建仓] 600143 验证通过 | 验证通过 | 来源: AKShare
15:35:22 [INFO] bt_data: [数据] 600711 加载78条日线 (2025-12-09~2026-04-08)
15:35:22 [DEBUG] strategies: [主力建仓] 600711 验证通过 | 验证通过 | 来源: AKShare
15:35:22 [INFO] bt_data: [数据] 002155 加载68条日线 (2025-12-09~2026-04-08)
15:35:22 [DEBUG] strategies: [主力建仓] 002155 验证通过 | 验证通过 | 来源: AKShare
15:35:22 [INFO] bt_data: [数据] 600392 加载78条日线 (2025-12-09~2026-04-08)
15:35:22 [DEBUG] strategies: [主力建仓] 600392 验证通过 | 验证通过 | 来源: AKShare
15:35:22 [INFO] bt_data: [数据] 300790 加载78条日线 (2025-12-09~2026-04-08)
15:35:22 [DEBUG] strategies: [主力建仓] 300790 验证通过 | 验证通过 | 来源: AKShare
15:35:22 [INFO] bt_data: [数据] 002340 加载78条日线 (2025-12-09~2026-04-08)
15:35:22 [DEBUG] strategies: [主力建仓] 002340 验证通过 | 验证通过 | 来源: AKShare
15:35:22 [INFO] bt_data: [数据] 002497 加载78条日线 (2025-12-09~2026-04-08)
15:35:22 [DEBUG] strategies: [主力建仓] 002497 验证通过 | 验证通过 | 来源: AKShare
15:35:22 [INFO] bt_data: [数据] 600867 加载78条日线 (2025-12-09~2026-04-08)
15:35:22 [DEBUG] strategies: [主力建仓] 600867 验证通过 | 验证通过 | 来源: AKShare
15:35:22 [INFO] bt_data: [数据] 300035 加载78条日线 (2025-12-09~2026-04-08)
15:35:22 [DEBUG] strategies: [主力建仓] 300035 验证通过 | 验证通过 | 来源: AKShare
15:35:22 [INFO] bt_data: [数据] 600497 加载78条日线 (2025-12-09~2026-04-08)
15:35:22 [DEBUG] strategies: [主力建仓] 600497 验证通过 | 验证通过 | 来源: AKShare
15:35:22 [INFO] bt_data: [数据] 002402 加载78条日线 (2025-12-09~2026-04-08)
15:35:22 [DEBUG] strategies: [主力建仓] 002402 验证通过 | 验证通过 | 来源: AKShare
15:35:22 [INFO] bt_data: [数据] 000688 加载78条日线 (2025-12-09~2026-04-08)
15:35:22 [DEBUG] strategies: [主力建仓] 000688 验证通过 | 验证通过 | 来源: AKShare
15:35:22 [INFO] bt_data: [数据] 600686 加载78条日线 (2025-12-09~2026-04-08)
15:35:22 [DEBUG] strategies: [主力建仓] 600686 验证通过 | 验证通过 | 来源: AKShare
15:35:22 [INFO] bt_data: [数据] 300409 加载78条日线 (2025-12-09~2026-04-08)
15:35:22 [DEBUG] strategies: [主力建仓] 300409 验证通过 | 验证通过 | 来源: AKShare
15:35:22 [INFO] bt_data: [数据] 300602 加载78条日线 (2025-12-09~2026-04-08)
15:35:22 [DEBUG] strategies: [主力建仓] 300602 验证通过 | 验证通过 | 来源: AKShare
15:35:22 [INFO] bt_data: [数据] 002237 加载78条日线 (2025-12-09~2026-04-08)
15:35:22 [DEBUG] strategies: [主力建仓] 002237 验证通过 | 验证通过 | 来源: AKShare
15:35:22 [INFO] bt_data: [数据] 600195 加载78条日线 (2025-12-09~2026-04-08)
15:35:22 [DEBUG] strategies: [主力建仓] 600195 验证通过 | 验证通过 | 来源: AKShare
15:35:23 [INFO] bt_data: [数据] 603876 加载78条日线 (2025-12-09~2026-04-08)
15:35:23 [DEBUG] strategies: [主力建仓] 603876 验证通过 | 验证通过 | 来源: AKShare
15:35:23 [INFO] bt_data: [数据] 603890 加载78条日线 (2025-12-09~2026-04-08)
15:35:23 [DEBUG] strategies: [主力建仓] 603890 验证通过 | 验证通过 | 来源: AKShare
15:35:23 [INFO] bt_data: [数据] 600595 加载78条日线 (2025-12-09~2026-04-08)
15:35:23 [DEBUG] strategies: [主力建仓] 600595 验证通过 | 验证通过 | 来源: AKShare
15:35:23 [INFO] bt_data: [数据] 601162 加载78条日线 (2025-12-09~2026-04-08)
15:35:23 [DEBUG] strategies: [主力建仓] 601162 验证通过 | 验证通过 | 来源: AKShare
15:35:23 [INFO] bt_data: [数据] 002734 加载78条日线 (2025-12-09~2026-04-08)
15:35:23 [DEBUG] strategies: [主力建仓] 002734 验证通过 | 验证通过 | 来源: AKShare
15:35:23 [INFO] bt_data: [数据] 001696 加载78条日线 (2025-12-09~2026-04-08)
15:35:23 [DEBUG] strategies: [主力建仓] 001696 验证通过 | 验证通过 | 来源: AKShare
15:35:23 [INFO] bt_data: [数据] 603358 加载78条日线 (2025-12-09~2026-04-08)
15:35:23 [DEBUG] strategies: [主力建仓] 603358 验证通过 | 验证通过 | 来源: AKShare
15:35:23 [INFO] bt_data: [数据] 600685 加载78条日线 (2025-12-09~2026-04-08)
15:35:23 [DEBUG] strategies: [主力建仓] 600685 验证通过 | 验证通过 | 来源: AKShare
15:35:23 [INFO] bt_data: [数据] 002203 加载78条日线 (2025-12-09~2026-04-08)
15:35:23 [DEBUG] strategies: [主力建仓] 002203 验证通过 | 验证通过 | 来源: AKShare
15:35:23 [INFO] bt_data: [数据] 300201 加载78条日线 (2025-12-09~2026-04-08)
15:35:23 [DEBUG] strategies: [主力建仓] 300201 验证通过 | 验证通过 | 来源: AKShare
15:35:23 [INFO] bt_data: [数据] 603678 加载78条日线 (2025-12-09~2026-04-08)
15:35:23 [DEBUG] strategies: [主力建仓] 603678 验证通过 | 验证通过 | 来源: AKShare
15:35:23 [INFO] bt_data: [数据] 002396 加载78条日线 (2025-12-09~2026-04-08)
15:35:23 [DEBUG] strategies: [主力建仓] 002396 验证通过 | 验证通过 | 来源: AKShare
15:35:23 [INFO] bt_data: [数据] 002553 加载78条日线 (2025-12-09~2026-04-08)
15:35:23 [DEBUG] strategies: [主力建仓] 002553 验证通过 | 验证通过 | 来源: AKShare
15:35:23 [INFO] bt_data: [数据] 600389 加载78条日线 (2025-12-09~2026-04-08)
15:35:23 [DEBUG] strategies: [主力建仓] 600389 验证通过 | 验证通过 | 来源: AKShare
15:35:23 [INFO] bt_data: [数据] 688772 加载78条日线 (2025-12-09~2026-04-08)
15:35:23 [DEBUG] strategies: [主力建仓] 688772 验证通过 | 验证通过 | 来源: AKShare
15:35:23 [INFO] bt_data: [数据] 600166 加载78条日线 (2025-12-09~2026-04-08)
15:35:23 [DEBUG] strategies: [主力建仓] 600166 验证通过 | 验证通过 | 来源: AKShare
15:35:23 [INFO] bt_data: [数据] 002170 加载78条日线 (2025-12-09~2026-04-08)
15:35:23 [DEBUG] strategies: [主力建仓] 002170 验证通过 | 验证通过 | 来源: AKShare
15:35:23 [INFO] bt_data: [数据] 002545 加载78条日线 (2025-12-09~2026-04-08)
15:35:23 [DEBUG] strategies: [主力建仓] 002545 验证通过 | 验证通过 | 来源: AKShare
15:35:23 [INFO] bt_data: [数据] 603612 加载78条日线 (2025-12-09~2026-04-08)
15:35:23 [DEBUG] strategies: [主力建仓] 603612 验证通过 | 验证通过 | 来源: AKShare
15:35:23 [INFO] bt_data: [数据] 300772 加载78条日线 (2025-12-09~2026-04-08)
15:35:23 [DEBUG] strategies: [主力建仓] 300772 验证通过 | 验证通过 | 来源: AKShare
15:35:23 [INFO] bt_data: [数据] 002171 加载78条日线 (2025-12-09~2026-04-08)
15:35:23 [DEBUG] strategies: [主力建仓] 002171 验证通过 | 验证通过 | 来源: AKShare
15:35:23 [INFO] bt_data: [数据] 002755 加载78条日线 (2025-12-09~2026-04-08)
15:35:23 [DEBUG] strategies: [主力建仓] 002755 验证通过 | 验证通过 | 来源: AKShare
15:35:23 [INFO] bt_data: [数据] 002637 加载78条日线 (2025-12-09~2026-04-08)
15:35:23 [DEBUG] strategies: [主力建仓] 002637 验证通过 | 验证通过 | 来源: AKShare
15:35:23 [INFO] bt_data: [数据] 002448 加载78条日线 (2025-12-09~2026-04-08)
15:35:23 [DEBUG] strategies: [主力建仓] 002448 验证通过 | 验证通过 | 来源: AKShare
15:35:23 [INFO] bt_data: [数据] 003010 加载78条日线 (2025-12-09~2026-04-08)
15:35:23 [DEBUG] strategies: [主力建仓] 003010 验证通过 | 验证通过 | 来源: AKShare
15:35:23 [INFO] bt_data: [数据] 300681 加载78条日线 (2025-12-09~2026-04-08)
15:35:23 [DEBUG] strategies: [主力建仓] 300681 验证通过 | 验证通过 | 来源: AKShare
15:35:23 [INFO] bt_data: [数据] 001288 加载78条日线 (2025-12-09~2026-04-08)
15:35:23 [DEBUG] strategies: [主力建仓] 001288 验证通过 | 验证通过 | 来源: AKShare
15:35:23 [INFO] bt_data: [数据] 002824 加载78条日线 (2025-12-09~2026-04-08)
15:35:23 [DEBUG] strategies: [主力建仓] 002824 验证通过 | 验证通过 | 来源: AKShare
15:35:23 [INFO] bt_data: [数据] 688006 加载78条日线 (2025-12-09~2026-04-08)
15:35:23 [DEBUG] strategies: [主力建仓] 688006 验证通过 | 验证通过 | 来源: AKShare
15:35:23 [INFO] bt_data: [数据] 301078 加载78条日线 (2025-12-09~2026-04-08)
15:35:23 [DEBUG] strategies: [主力建仓] 301078 验证通过 | 验证通过 | 来源: AKShare
15:35:23 [INFO] bt_data: [数据] 000600 加载78条日线 (2025-12-09~2026-04-08)
15:35:23 [DEBUG] strategies: [主力建仓] 000600 验证通过 | 验证通过 | 来源: AKShare
15:35:23 [INFO] bt_data: [数据] 601636 加载78条日线 (2025-12-09~2026-04-08)
15:35:23 [DEBUG] strategies: [主力建仓] 601636 验证通过 | 验证通过 | 来源: AKShare
15:35:23 [INFO] bt_data: [数据] 000876 加载78条日线 (2025-12-09~2026-04-08)
15:35:23 [DEBUG] strategies: [主力建仓] 000876 验证通过 | 验证通过 | 来源: AKShare
15:35:23 [INFO] bt_data: [数据] 300041 加载78条日线 (2025-12-09~2026-04-08)
15:35:23 [DEBUG] strategies: [主力建仓] 300041 验证通过 | 验证通过 | 来源: AKShare
15:35:23 [INFO] bt_data: [数据] 002250 加载78条日线 (2025-12-09~2026-04-08)
15:35:23 [DEBUG] strategies: [主力建仓] 002250 验证通过 | 验证通过 | 来源: AKShare
15:35:23 [INFO] bt_data: [数据] 301235 加载78条日线 (2025-12-09~2026-04-08)
15:35:23 [DEBUG] strategies: [主力建仓] 301235 验证通过 | 验证通过 | 来源: AKShare
15:35:23 [INFO] bt_data: [数据] 688136 加载78条日线 (2025-12-09~2026-04-08)
15:35:23 [DEBUG] strategies: [主力建仓] 688136 验证通过 | 验证通过 | 来源: AKShare
15:35:23 [INFO] bt_data: [数据] 603162 加载78条日线 (2025-12-09~2026-04-08)
15:35:23 [DEBUG] strategies: [主力建仓] 603162 验证通过 | 验证通过 | 来源: AKShare
15:35:23 [INFO] bt_data: [数据] 002006 加载78条日线 (2025-12-09~2026-04-08)
15:35:23 [DEBUG] strategies: [主力建仓] 002006 验证通过 | 验证通过 | 来源: AKShare
15:35:23 [INFO] bt_data: [数据] 301607 加载78条日线 (2025-12-09~2026-04-08)
15:35:23 [DEBUG] strategies: [主力建仓] 301607 验证通过 | 验证通过 | 来源: AKShare
15:35:23 [INFO] bt_data: [数据] 000800 加载78条日线 (2025-12-09~2026-04-08)
15:35:23 [DEBUG] strategies: [主力建仓] 000800 验证通过 | 验证通过 | 来源: AKShare
15:35:23 [INFO] bt_data: [数据] 603628 加载78条日线 (2025-12-09~2026-04-08)
15:35:23 [DEBUG] strategies: [主力建仓] 603628 验证通过 | 验证通过 | 来源: AKShare
15:35:23 [INFO] bt_data: [数据] 003002 加载78条日线 (2025-12-09~2026-04-08)
15:35:23 [DEBUG] strategies: [主力建仓] 003002 验证通过 | 验证通过 | 来源: AKShare
15:35:23 [INFO] bt_data: [数据] 002010 加载78条日线 (2025-12-09~2026-04-08)
15:35:23 [DEBUG] strategies: [主力建仓] 002010 验证通过 | 验证通过 | 来源: AKShare
15:35:23 [INFO] bt_data: [数据] 300611 加载78条日线 (2025-12-09~2026-04-08)
15:35:23 [DEBUG] strategies: [主力建仓] 300611 验证通过 | 验证通过 | 来源: AKShare
15:35:23 [INFO] bt_data: [数据] 002928 加载78条日线 (2025-12-09~2026-04-08)
15:35:23 [DEBUG] strategies: [主力建仓] 002928 验证通过 | 验证通过 | 来源: AKShare
15:35:23 [INFO] bt_data: [数据] 600429 加载78条日线 (2025-12-09~2026-04-08)
15:35:23 [DEBUG] strategies: [主力建仓] 600429 验证通过 | 验证通过 | 来源: AKShare
15:35:23 [INFO] bt_data: [数据] 688639 加载78条日线 (2025-12-09~2026-04-08)
15:35:23 [DEBUG] strategies: [主力建仓] 688639 验证通过 | 验证通过 | 来源: AKShare
15:35:24 [INFO] bt_data: [数据] 603997 加载78条日线 (2025-12-09~2026-04-08)
15:35:24 [DEBUG] strategies: [主力建仓] 603997 验证通过 | 验证通过 | 来源: AKShare
15:35:24 [INFO] bt_data: [数据] 002225 加载78条日线 (2025-12-09~2026-04-08)
15:35:24 [DEBUG] strategies: [主力建仓] 002225 验证通过 | 验证通过 | 来源: AKShare
15:35:24 [INFO] bt_data: [数据] 002511 加载78条日线 (2025-12-09~2026-04-08)
15:35:24 [DEBUG] strategies: [主力建仓] 002511 验证通过 | 验证通过 | 来源: AKShare
15:35:24 [INFO] bt_data: [数据] 600251 加载78条日线 (2025-12-09~2026-04-08)
15:35:24 [DEBUG] strategies: [主力建仓] 600251 验证通过 | 验证通过 | 来源: AKShare
15:35:24 [INFO] bt_data: [数据] 688117 加载78条日线 (2025-12-09~2026-04-08)
15:35:24 [DEBUG] strategies: [主力建仓] 688117 验证通过 | 验证通过 | 来源: AKShare
15:35:24 [INFO] bt_data: [数据] 002688 加载78条日线 (2025-12-09~2026-04-08)
15:35:24 [DEBUG] strategies: [主力建仓] 002688 验证通过 | 验证通过 | 来源: AKShare
15:35:24 [INFO] bt_data: [数据] 000935 加载78条日线 (2025-12-09~2026-04-08)
15:35:24 [DEBUG] strategies: [主力建仓] 000935 验证通过 | 验证通过 | 来源: AKShare
15:35:24 [INFO] bt_data: [数据] 300967 加载78条日线 (2025-12-09~2026-04-08)
15:35:24 [DEBUG] strategies: [主力建仓] 300967 验证通过 | 验证通过 | 来源: AKShare
15:35:24 [INFO] bt_data: [数据] 000803 加载78条日线 (2025-12-09~2026-04-08)
15:35:24 [DEBUG] strategies: [主力建仓] 000803 验证通过 | 验证通过 | 来源: AKShare
15:35:24 [INFO] bt_data: [数据] 300132 加载78条日线 (2025-12-09~2026-04-08)
15:35:24 [DEBUG] strategies: [主力建仓] 300132 验证通过 | 验证通过 | 来源: AKShare
15:35:24 [INFO] bt_data: [数据] 300644 加载78条日线 (2025-12-09~2026-04-08)
15:35:24 [DEBUG] strategies: [主力建仓] 300644 验证通过 | 验证通过 | 来源: AKShare
15:35:24 [INFO] bt_data: [数据] 301220 加载78条日线 (2025-12-09~2026-04-08)
15:35:24 [DEBUG] strategies: [主力建仓] 301220 验证通过 | 验证通过 | 来源: AKShare
15:35:24 [INFO] bt_data: [数据] 300702 加载78条日线 (2025-12-09~2026-04-08)
15:35:24 [DEBUG] strategies: [主力建仓] 300702 验证通过 | 验证通过 | 来源: AKShare
15:35:24 [INFO] bt_data: [数据] 603969 加载78条日线 (2025-12-09~2026-04-08)
15:35:24 [DEBUG] strategies: [主力建仓] 603969 验证通过 | 验证通过 | 来源: AKShare
15:35:24 [INFO] bt_data: [数据] 300940 加载78条日线 (2025-12-09~2026-04-08)
15:35:24 [DEBUG] strategies: [主力建仓] 300940 验证通过 | 验证通过 | 来源: AKShare
15:35:24 [INFO] bt_data: [数据] 600576 加载78条日线 (2025-12-09~2026-04-08)
15:35:24 [DEBUG] strategies: [主力建仓] 600576 验证通过 | 验证通过 | 来源: AKShare
15:35:24 [INFO] bt_data: [数据] 688410 加载78条日线 (2025-12-09~2026-04-08)
15:35:24 [DEBUG] strategies: [主力建仓] 688410 验证通过 | 验证通过 | 来源: AKShare
15:35:24 [INFO] bt_data: [数据] 002209 加载78条日线 (2025-12-09~2026-04-08)
15:35:24 [DEBUG] strategies: [主力建仓] 002209 验证通过 | 验证通过 | 来源: AKShare
15:35:24 [INFO] bt_data: [数据] 688379 加载78条日线 (2025-12-09~2026-04-08)
15:35:24 [DEBUG] strategies: [主力建仓] 688379 验证通过 | 验证通过 | 来源: AKShare
15:35:24 [INFO] bt_data: [数据] 300473 加载78条日线 (2025-12-09~2026-04-08)
15:35:24 [DEBUG] strategies: [主力建仓] 300473 验证通过 | 验证通过 | 来源: AKShare
15:35:24 [INFO] bt_data: [数据] 003017 加载78条日线 (2025-12-09~2026-04-08)
15:35:24 [DEBUG] strategies: [主力建仓] 003017 验证通过 | 验证通过 | 来源: AKShare
15:35:24 [INFO] bt_data: [数据] 601968 加载78条日线 (2025-12-09~2026-04-08)
15:35:24 [DEBUG] strategies: [主力建仓] 601968 验证通过 | 验证通过 | 来源: AKShare
15:35:24 [INFO] bt_data: [数据] 603566 加载78条日线 (2025-12-09~2026-04-08)
15:35:24 [DEBUG] strategies: [主力建仓] 603566 验证通过 | 验证通过 | 来源: AKShare
15:35:24 [INFO] bt_data: [数据] 301161 加载78条日线 (2025-12-09~2026-04-08)
15:35:24 [DEBUG] strategies: [主力建仓] 301161 验证通过 | 验证通过 | 来源: AKShare
15:35:24 [INFO] bt_data: [数据] 003011 加载78条日线 (2025-12-09~2026-04-08)
15:35:24 [DEBUG] strategies: [主力建仓] 003011 验证通过 | 验证通过 | 来源: AKShare
15:35:24 [INFO] bt_data: [数据] 000576 加载78条日线 (2025-12-09~2026-04-08)
15:35:24 [DEBUG] strategies: [主力建仓] 000576 验证通过 | 验证通过 | 来源: AKShare
15:35:24 [INFO] bt_data: [数据] 688557 加载78条日线 (2025-12-09~2026-04-08)
15:35:24 [DEBUG] strategies: [主力建仓] 688557 验证通过 | 验证通过 | 来源: AKShare
15:35:24 [INFO] bt_data: [数据] 603081 加载78条日线 (2025-12-09~2026-04-08)
15:35:24 [DEBUG] strategies: [主力建仓] 603081 验证通过 | 验证通过 | 来源: AKShare
15:35:24 [INFO] bt_data: [数据] 301381 加载78条日线 (2025-12-09~2026-04-08)
15:35:24 [DEBUG] strategies: [主力建仓] 301381 验证通过 | 验证通过 | 来源: AKShare
15:35:24 [INFO] bt_data: [数据] 688269 加载78条日线 (2025-12-09~2026-04-08)
15:35:24 [DEBUG] strategies: [主力建仓] 688269 验证通过 | 验证通过 | 来源: AKShare
15:35:24 [INFO] bt_data: [数据] 603151 加载78条日线 (2025-12-09~2026-04-08)
15:35:24 [DEBUG] strategies: [主力建仓] 603151 验证通过 | 验证通过 | 来源: AKShare
15:35:24 [INFO] bt_data: [数据] 688600 加载78条日线 (2025-12-09~2026-04-08)
15:35:24 [DEBUG] strategies: [主力建仓] 688600 验证通过 | 验证通过 | 来源: AKShare
15:35:24 [INFO] bt_data: [数据] 301283 加载78条日线 (2025-12-09~2026-04-08)
15:35:24 [DEBUG] strategies: [主力建仓] 301283 验证通过 | 验证通过 | 来源: AKShare
15:35:24 [INFO] bt_data: [数据] 603313 加载78条日线 (2025-12-09~2026-04-08)
15:35:24 [DEBUG] strategies: [主力建仓] 603313 验证通过 | 验证通过 | 来源: AKShare
15:35:24 [INFO] bt_data: [数据] 001228 加载78条日线 (2025-12-09~2026-04-08)
15:35:24 [DEBUG] strategies: [主力建仓] 001228 验证通过 | 验证通过 | 来源: AKShare
15:35:24 [INFO] bt_data: [数据] 603506 加载78条日线 (2025-12-09~2026-04-08)
15:35:24 [DEBUG] strategies: [主力建仓] 603506 验证通过 | 验证通过 | 来源: AKShare
15:35:24 [INFO] bt_data: [数据] 600983 加载77条日线 (2025-12-09~2026-04-08)
15:35:24 [DEBUG] strategies: [主力建仓] 600983 验证通过 | 验证通过 | 来源: AKShare
15:35:24 [INFO] bt_data: [数据] 688162 加载78条日线 (2025-12-09~2026-04-08)
15:35:24 [DEBUG] strategies: [主力建仓] 688162 验证通过 | 验证通过 | 来源: AKShare
15:35:24 [INFO] bt_data: [数据] 688665 加载78条日线 (2025-12-09~2026-04-08)
15:35:24 [DEBUG] strategies: [主力建仓] 688665 验证通过 | 验证通过 | 来源: AKShare
15:35:24 [INFO] bt_data: [数据] 301446 加载78条日线 (2025-12-09~2026-04-08)
15:35:24 [DEBUG] strategies: [主力建仓] 301446 验证通过 | 验证通过 | 来源: AKShare
15:35:24 [INFO] bt_data: [数据] 688501 加载78条日线 (2025-12-09~2026-04-08)
15:35:24 [DEBUG] strategies: [主力建仓] 688501 验证通过 | 验证通过 | 来源: AKShare
15:35:24 [INFO] bt_data: [数据] 603101 加载78条日线 (2025-12-09~2026-04-08)
15:35:24 [DEBUG] strategies: [主力建仓] 603101 验证通过 | 验证通过 | 来源: AKShare
15:35:24 [INFO] bt_data: [数据] 301356 加载78条日线 (2025-12-09~2026-04-08)
15:35:24 [DEBUG] strategies: [主力建仓] 301356 验证通过 | 验证通过 | 来源: AKShare
15:35:24 [INFO] daily_scan: [日扫描] 命中 BUY=0 WATCH=48
15:35:24 [INFO] daily_scan:   WATCH 002237 恒邦股份 信号日=2026-04-08
15:35:24 [INFO] daily_scan:   WATCH 000876 新希望 信号日=2026-04-08
15:35:24 [INFO] daily_scan:   WATCH 300967 晓鸣股份 信号日=2026-04-08
15:35:24 [INFO] daily_scan:   WATCH 603969 银龙股份 信号日=2026-04-08
15:35:24 [INFO] daily_scan:   WATCH 600576 祥源文旅 信号日=2026-04-08
15:35:24 [INFO] push: [企业微信] 失败: {'errcode': 40058, 'errmsg': 'markdown.content exceed max length 4096. invalid Request Parameter, hint: [1775633724606551701484711], from ip: 223.73.189.116, more info at https://open.work.weixin.qq.com/devtool/query?e=40058'}
15:35:24 [INFO] push: [推送] 完成 0/1 渠道成功
15:35:24 [INFO] daily_scan: [日扫描] 推送完成: 0/1 渠道成功
15:35:24 [INFO] daily_scan: [日扫描] 合并结果: 新增/更新=48 保留旧标的=11 总计=59
15:35:25 [INFO] daily_scan: [日扫描] Web 状态已更新并持久化 | BUY=0 WATCH=48
18:40:07 [INFO] daily_update: ============================================================
18:40:07 [INFO] daily_update: [更新] 开始每日数据更新 2026-04-08 18:40:07
18:40:07 [INFO] daily_update: ============================================================
18:40:07 [INFO] mysql: [MySQL] 创建连接池...
18:40:07 [INFO] mysql: [MySQL] 连接池就绪，表结构已检查
18:40:07 [INFO] daily_update: [快照] 开始拉取全市场行情 (ak.stock_zh_a_spot_em)...
18:40:17 [WARNING] daily_update: [快照] 第1次异常: ('Connection aborted.', RemoteDisconnected('Remote end closed connection without response'))，5s后重试...
18:40:27 [WARNING] daily_update: [快照] 第2次异常: ('Connection aborted.', RemoteDisconnected('Remote end closed connection without response'))，5s后重试...
18:40:38 [WARNING] daily_update: [快照] 第3次异常: ('Connection aborted.', RemoteDisconnected('Remote end closed connection without response'))，5s后重试...
18:40:43 [ERROR] daily_update: [更新] 快照更新失败: [快照] ak.stock_zh_a_spot_em() 三次重试均失败
18:40:43 [INFO] daily_update: [更新] 完成，总耗时 36s | 结果: {'snapshot': {'error': '[快照] ak.stock_zh_a_spot_em() 三次重试均失败'}}
18:40:43 [INFO] mysql: [MySQL] 连接池已关闭
18:45:26 [INFO] daily_update: ============================================================
18:45:26 [INFO] daily_update: [更新] 开始每日数据更新 2026-04-08 18:45:26
18:45:26 [INFO] daily_update: ============================================================
18:45:26 [INFO] mysql: [MySQL] 创建连接池...
18:45:26 [INFO] mysql: [MySQL] 连接池就绪，表结构已检查
18:45:26 [INFO] daily_update: [快照] 开始拉取全市场行情（新浪财经）...
18:45:59 [INFO] daily_update: [快照] 共 55 页，开始 10 线程并发拉取...
18:46:02 [INFO] daily_update: [快照] 获取 5498 条，耗时 35.8s，开始解析写入...
18:46:04 [INFO] daily_update: [快照] 完成：5498 只股票 | 快照 5631 行 | 日线 5494 行 | 总耗时 37.6s
18:46:04 [INFO] daily_update: [更新] 完成，总耗时 38s | 结果: {'snapshot': {'total': 5498, 'inserted_snap': 5631, 'inserted_daily': 5494, 'trade_date': '2026-04-08'}}
18:46:04 [INFO] mysql: [MySQL] 连接池已关闭
18:50:22 [INFO] mysql: [MySQL] 创建连接池...
18:50:22 [INFO] mysql: [MySQL] 连接池就绪，表结构已检查
18:50:22 [INFO] init_history: ============================================================
18:50:22 [INFO] init_history: [初始化] 历史数据范围: 2024-04-08 ~ 2026-04-08（2年）
18:50:22 [INFO] init_history: ============================================================
18:50:24 [INFO] init_history: [Baostock] 登录成功
18:50:45 [INFO] init_history: [股票列表] 共 5195 只上市 A 股
18:50:45 [INFO] init_history: [批次] 处理第 1~500 只...
18:54:52 [INFO] init_history: [进度] 100/500，本批 daily 行数: 48500
18:59:04 [INFO] init_history: [进度] 200/500，本批 daily 行数: 97000
19:03:08 [INFO] init_history: [进度] 300/500，本批 daily 行数: 145500
19:03:45 [INFO] mysql: [MySQL] 创建连接池...
19:03:45 [INFO] mysql: [MySQL] 连接池就绪，表结构已检查
19:03:45 [INFO] init_history: ============================================================
19:03:45 [INFO] init_history: [初始化] 历史数据范围: 2024-04-08 ~ 2026-04-08（2年）
19:03:45 [INFO] init_history: ============================================================
19:03:47 [INFO] init_history: [Baostock] 登录成功
19:04:16 [INFO] init_history: [股票列表] 共 5195 只上市 A 股
19:04:16 [INFO] init_history: [批次] 处理第 1~500 只...
19:10:18 [INFO] init_history: [进度] 100/500，本批 daily 行数: 48500
19:23:53 [INFO] init_history: [拉取] 共 10 只股票，5 进程并发...
19:24:30 [INFO] init_history: [进度] 10/10 | 已写 5450 行 | 耗时 0.6min | 剩余约 0.0min
19:26:10 [INFO] init_history: [拉取] 共 20 只股票，10 进程并发...
19:26:58 [INFO] init_history: [进度] 20/20 | 已写 10900 行 | 耗时 0.8min | 剩余约 0.0min
19:48:54 [INFO] mysql: [MySQL] 创建连接池...
19:48:55 [INFO] mysql: [MySQL] 连接池就绪，表结构已检查
19:48:55 [INFO] init_history: ============================================================
19:48:55 [INFO] init_history: [初始化] 历史数据范围: 2024-04-08 ~ 2026-04-08（2年）
19:48:55 [INFO] init_history: ============================================================
19:48:57 [INFO] init_history: [Baostock] 登录成功
19:49:28 [INFO] init_history: [股票列表] 共 5195 只上市 A 股
19:49:28 [INFO] init_history: [拉取] 共 5195 只股票，8 进程并发...
19:51:16 [INFO] init_history: [进度] 200/5195 | 已写 1940 行 | 耗时 1.8min | 剩余约 45.3min
19:51:16 [INFO] init_history: [进度] 400/5195 | 已写 1940 行 | 耗时 1.8min | 剩余约 21.7min
19:51:16 [INFO] init_history: [进度] 600/5195 | 已写 1940 行 | 耗时 1.8min | 剩余约 13.9min
19:51:16 [INFO] init_history: [进度] 800/5195 | 已写 1940 行 | 耗时 1.8min | 剩余约 10.0min
19:51:16 [INFO] init_history: [进度] 1000/5195 | 已写 1940 行 | 耗时 1.8min | 剩余约 7.6min
19:51:16 [INFO] init_history: [进度] 1200/5195 | 已写 1940 行 | 耗时 1.8min | 剩余约 6.0min
19:51:17 [INFO] init_history: [进度] 1400/5195 | 已写 1940 行 | 耗时 1.8min | 剩余约 4.9min
19:51:17 [INFO] init_history: [进度] 1600/5195 | 已写 1940 行 | 耗时 1.8min | 剩余约 4.1min
19:51:17 [INFO] init_history: [进度] 1800/5195 | 已写 1940 行 | 耗时 1.8min | 剩余约 3.4min
19:51:17 [INFO] init_history: [进度] 2000/5195 | 已写 1940 行 | 耗时 1.8min | 剩余约 2.9min
19:51:17 [INFO] init_history: [进度] 2200/5195 | 已写 1940 行 | 耗时 1.8min | 剩余约 2.5min
19:51:17 [INFO] init_history: [进度] 2400/5195 | 已写 1940 行 | 耗时 1.8min | 剩余约 2.1min
19:51:17 [INFO] init_history: [进度] 2600/5195 | 已写 1940 行 | 耗时 1.8min | 剩余约 1.8min
19:51:17 [INFO] init_history: [进度] 2800/5195 | 已写 1940 行 | 耗时 1.8min | 剩余约 1.6min
19:51:17 [INFO] init_history: [进度] 3000/5195 | 已写 1940 行 | 耗时 1.8min | 剩余约 1.3min
19:51:17 [INFO] init_history: [进度] 3200/5195 | 已写 1940 行 | 耗时 1.8min | 剩余约 1.1min
19:51:17 [INFO] init_history: [进度] 3400/5195 | 已写 1940 行 | 耗时 1.8min | 剩余约 1.0min
19:51:17 [INFO] init_history: [进度] 3600/5195 | 已写 1940 行 | 耗时 1.8min | 剩余约 0.8min
19:51:17 [INFO] init_history: [进度] 3800/5195 | 已写 1940 行 | 耗时 1.8min | 剩余约 0.7min
19:51:17 [INFO] init_history: [进度] 4000/5195 | 已写 1940 行 | 耗时 1.8min | 剩余约 0.5min
19:51:17 [INFO] init_history: [进度] 4200/5195 | 已写 1940 行 | 耗时 1.8min | 剩余约 0.4min
19:51:17 [INFO] init_history: [进度] 4400/5195 | 已写 1940 行 | 耗时 1.8min | 剩余约 0.3min
19:51:17 [INFO] init_history: [进度] 4600/5195 | 已写 1940 行 | 耗时 1.8min | 剩余约 0.2min
19:51:17 [INFO] init_history: [进度] 4800/5195 | 已写 1940 行 | 耗时 1.8min | 剩余约 0.1min
19:51:17 [INFO] init_history: [进度] 5000/5195 | 已写 1940 行 | 耗时 1.8min | 剩余约 0.1min
