22:12:51 [INFO] web_app: [App] 调度器已启动
22:12:51 [INFO] web_app: [调度器] 启动
22:13:13 [INFO] daily_scan: [日扫描] 开始 手动 主力拉升选股 @ 2026-03-29 22:13
22:13:14 [INFO] screener: [选股][东方财富] 获取 127 只，开始客户端过滤...
22:13:14 [INFO] screener: [选股][东方财富] 客户端过滤后: 80 只
22:13:14 [INFO] screener: [选股] 筛选完成: 80只股票，已缓存
22:13:14 [INFO] daily_scan: [日扫描] 初筛候选股 80 只
22:13:15 [INFO] bt_data: [数据] 002015 加载57条日线 (2025-12-29~2026-03-29)
22:13:15 [DEBUG] strategies: [主力拉升] 002015 验证通过 | 验证通过 | 来源: AKShare
22:13:15 [INFO] bt_data: [数据] 300035 加载57条日线 (2025-12-29~2026-03-29)
22:13:15 [DEBUG] strategies: [主力拉升] 300035 验证通过 | 验证通过 | 来源: AKShare
22:13:15 [INFO] bt_data: [数据] 600711 加载57条日线 (2025-12-29~2026-03-29)
22:13:15 [DEBUG] strategies: [主力拉升] 600711 验证通过 | 验证通过 | 来源: AKShare
22:13:15 [INFO] bt_data: [数据] 002402 加载57条日线 (2025-12-29~2026-03-29)
22:13:15 [DEBUG] strategies: [主力拉升] 002402 验证通过 | 验证通过 | 来源: AKShare
22:13:15 [INFO] bt_data: [数据] 002340 加载57条日线 (2025-12-29~2026-03-29)
22:13:15 [DEBUG] strategies: [主力拉升] 002340 验证通过 | 验证通过 | 来源: AKShare
22:13:15 [INFO] bt_data: [数据] 002155 加载47条日线 (2025-12-29~2026-03-29)
22:13:15 [DEBUG] strategies: [主力拉升] 002155 验证通过 | 验证通过 | 来源: AKShare
22:13:15 [INFO] bt_data: [数据] 002487 加载57条日线 (2025-12-29~2026-03-29)
22:13:15 [DEBUG] strategies: [主力拉升] 002487 验证通过 | 验证通过 | 来源: AKShare
22:13:15 [INFO] bt_data: [数据] 603358 加载57条日线 (2025-12-29~2026-03-29)
22:13:15 [DEBUG] strategies: [主力拉升] 603358 验证通过 | 验证通过 | 来源: AKShare
22:13:15 [INFO] bt_data: [数据] 600392 加载57条日线 (2025-12-29~2026-03-29)
22:13:15 [DEBUG] strategies: [主力拉升] 600392 验证通过 | 验证通过 | 来源: AKShare
22:13:15 [INFO] bt_data: [数据] 600497 加载57条日线 (2025-12-29~2026-03-29)
22:13:15 [DEBUG] strategies: [主力拉升] 600497 验证通过 | 验证通过 | 来源: AKShare
22:13:15 [INFO] bt_data: [数据] 001283 加载57条日线 (2025-12-29~2026-03-29)
22:13:15 [DEBUG] strategies: [主力拉升] 001283 验证通过 | 验证通过 | 来源: AKShare
22:13:15 [INFO] bt_data: [数据] 002130 加载57条日线 (2025-12-29~2026-03-29)
22:13:15 [DEBUG] strategies: [主力拉升] 002130 验证通过 | 验证通过 | 来源: AKShare
22:13:15 [INFO] bt_data: [数据] 601020 加载57条日线 (2025-12-29~2026-03-29)
22:13:15 [DEBUG] strategies: [主力拉升] 601020 验证通过 | 验证通过 | 来源: AKShare
22:13:15 [INFO] bt_data: [数据] 002203 加载57条日线 (2025-12-29~2026-03-29)
22:13:15 [DEBUG] strategies: [主力拉升] 002203 验证通过 | 验证通过 | 来源: AKShare
22:13:15 [INFO] bt_data: [数据] 603876 加载57条日线 (2025-12-29~2026-03-29)
22:13:15 [DEBUG] strategies: [主力拉升] 603876 验证通过 | 验证通过 | 来源: AKShare
22:13:15 [INFO] bt_data: [数据] 600143 加载57条日线 (2025-12-29~2026-03-29)
22:13:15 [DEBUG] strategies: [主力拉升] 600143 验证通过 | 验证通过 | 来源: AKShare
22:13:15 [INFO] bt_data: [数据] 601233 加载57条日线 (2025-12-29~2026-03-29)
22:13:15 [DEBUG] strategies: [主力拉升] 601233 验证通过 | 验证通过 | 来源: AKShare
22:13:15 [INFO] bt_data: [数据] 301155 加载57条日线 (2025-12-29~2026-03-29)
22:13:15 [DEBUG] strategies: [主力拉升] 301155 验证通过 | 验证通过 | 来源: AKShare
22:13:15 [INFO] bt_data: [数据] 603186 加载57条日线 (2025-12-29~2026-03-29)
22:13:15 [DEBUG] strategies: [主力拉升] 603186 验证通过 | 验证通过 | 来源: AKShare
22:13:15 [INFO] bt_data: [数据] 300409 加载57条日线 (2025-12-29~2026-03-29)
22:13:15 [DEBUG] strategies: [主力拉升] 300409 验证通过 | 验证通过 | 来源: AKShare
22:13:15 [INFO] bt_data: [数据] 000600 加载57条日线 (2025-12-29~2026-03-29)
22:13:16 [DEBUG] strategies: [主力拉升] 000600 验证通过 | 验证通过 | 来源: AKShare
22:13:16 [INFO] bt_data: [数据] 603087 加载57条日线 (2025-12-29~2026-03-29)
22:13:16 [DEBUG] strategies: [主力拉升] 603087 验证通过 | 验证通过 | 来源: AKShare
22:13:16 [INFO] bt_data: [数据] 300251 加载57条日线 (2025-12-29~2026-03-29)
22:13:16 [DEBUG] strategies: [主力拉升] 300251 验证通过 | 验证通过 | 来源: AKShare
22:13:16 [INFO] bt_data: [数据] 003010 加载57条日线 (2025-12-29~2026-03-29)
22:13:16 [DEBUG] strategies: [主力拉升] 003010 验证通过 | 验证通过 | 来源: AKShare
22:13:16 [INFO] bt_data: [数据] 002237 加载57条日线 (2025-12-29~2026-03-29)
22:13:16 [DEBUG] strategies: [主力拉升] 002237 验证通过 | 验证通过 | 来源: AKShare
22:13:16 [INFO] bt_data: [数据] 689009 加载57条日线 (2025-12-29~2026-03-29)
22:13:16 [DEBUG] strategies: [主力拉升] 689009 验证通过 | 验证通过 | 来源: AKShare
22:13:16 [INFO] bt_data: [数据] 600867 加载57条日线 (2025-12-29~2026-03-29)
22:13:16 [DEBUG] strategies: [主力拉升] 600867 验证通过 | 验证通过 | 来源: AKShare
22:13:16 [INFO] bt_data: [数据] 688772 加载57条日线 (2025-12-29~2026-03-29)
22:13:16 [DEBUG] strategies: [主力拉升] 688772 验证通过 | 验证通过 | 来源: AKShare
22:13:16 [INFO] bt_data: [数据] 002170 加载57条日线 (2025-12-29~2026-03-29)
22:13:16 [DEBUG] strategies: [主力拉升] 002170 验证通过 | 验证通过 | 来源: AKShare
22:13:16 [INFO] bt_data: [数据] 002957 加载57条日线 (2025-12-29~2026-03-29)
22:13:16 [DEBUG] strategies: [主力拉升] 002957 验证通过 | 验证通过 | 来源: AKShare
22:13:16 [INFO] bt_data: [数据] 601069 加载57条日线 (2025-12-29~2026-03-29)
22:13:16 [DEBUG] strategies: [主力拉升] 601069 验证通过 | 验证通过 | 来源: AKShare
22:13:16 [INFO] bt_data: [数据] 002755 加载57条日线 (2025-12-29~2026-03-29)
22:13:16 [DEBUG] strategies: [主力拉升] 002755 验证通过 | 验证通过 | 来源: AKShare
22:13:16 [INFO] bt_data: [数据] 002209 加载57条日线 (2025-12-29~2026-03-29)
22:13:16 [DEBUG] strategies: [主力拉升] 002209 验证通过 | 验证通过 | 来源: AKShare
22:13:16 [INFO] bt_data: [数据] 002734 加载57条日线 (2025-12-29~2026-03-29)
22:13:16 [DEBUG] strategies: [主力拉升] 002734 验证通过 | 验证通过 | 来源: AKShare
22:13:16 [INFO] bt_data: [数据] 002250 加载57条日线 (2025-12-29~2026-03-29)
22:13:16 [DEBUG] strategies: [主力拉升] 002250 验证通过 | 验证通过 | 来源: AKShare
22:13:16 [INFO] bt_data: [数据] 002440 加载57条日线 (2025-12-29~2026-03-29)
22:13:16 [DEBUG] strategies: [主力拉升] 002440 验证通过 | 验证通过 | 来源: AKShare
22:13:16 [INFO] bt_data: [数据] 600595 加载57条日线 (2025-12-29~2026-03-29)
22:13:16 [DEBUG] strategies: [主力拉升] 600595 验证通过 | 验证通过 | 来源: AKShare
22:13:16 [INFO] bt_data: [数据] 001696 加载57条日线 (2025-12-29~2026-03-29)
22:13:16 [DEBUG] strategies: [主力拉升] 001696 验证通过 | 验证通过 | 来源: AKShare
22:13:16 [INFO] bt_data: [数据] 300083 加载57条日线 (2025-12-29~2026-03-29)
22:13:16 [DEBUG] strategies: [主力拉升] 300083 验证通过 | 验证通过 | 来源: AKShare
22:13:16 [INFO] bt_data: [数据] 300602 加载57条日线 (2025-12-29~2026-03-29)
22:13:16 [DEBUG] strategies: [主力拉升] 300602 验证通过 | 验证通过 | 来源: AKShare
22:13:16 [INFO] bt_data: [数据] 600686 加载57条日线 (2025-12-29~2026-03-29)
22:13:16 [DEBUG] strategies: [主力拉升] 600686 验证通过 | 验证通过 | 来源: AKShare
22:13:16 [INFO] bt_data: [数据] 300573 加载57条日线 (2025-12-29~2026-03-29)
22:13:16 [DEBUG] strategies: [主力拉升] 300573 验证通过 | 验证通过 | 来源: AKShare
22:13:16 [INFO] bt_data: [数据] 603379 加载57条日线 (2025-12-29~2026-03-29)
22:13:16 [DEBUG] strategies: [主力拉升] 603379 验证通过 | 验证通过 | 来源: AKShare
22:13:16 [INFO] bt_data: [数据] 002545 加载57条日线 (2025-12-29~2026-03-29)
22:13:16 [DEBUG] strategies: [主力拉升] 002545 验证通过 | 验证通过 | 来源: AKShare
22:13:16 [INFO] bt_data: [数据] 600251 加载57条日线 (2025-12-29~2026-03-29)
22:13:16 [DEBUG] strategies: [主力拉升] 600251 验证通过 | 验证通过 | 来源: AKShare
22:13:16 [INFO] bt_data: [数据] 603612 加载57条日线 (2025-12-29~2026-03-29)
22:13:16 [DEBUG] strategies: [主力拉升] 603612 验证通过 | 验证通过 | 来源: AKShare
22:13:16 [INFO] bt_data: [数据] 601162 加载57条日线 (2025-12-29~2026-03-29)
22:13:16 [DEBUG] strategies: [主力拉升] 601162 验证通过 | 验证通过 | 来源: AKShare
22:13:16 [INFO] bt_data: [数据] 002171 加载57条日线 (2025-12-29~2026-03-29)
22:13:16 [DEBUG] strategies: [主力拉升] 002171 验证通过 | 验证通过 | 来源: AKShare
22:13:16 [INFO] bt_data: [数据] 300611 加载57条日线 (2025-12-29~2026-03-29)
22:13:16 [DEBUG] strategies: [主力拉升] 300611 验证通过 | 验证通过 | 来源: AKShare
22:13:16 [INFO] bt_data: [数据] 600389 加载57条日线 (2025-12-29~2026-03-29)
22:13:16 [DEBUG] strategies: [主力拉升] 600389 验证通过 | 验证通过 | 来源: AKShare
22:13:16 [INFO] bt_data: [数据] 300389 加载57条日线 (2025-12-29~2026-03-29)
22:13:16 [DEBUG] strategies: [主力拉升] 300389 验证通过 | 验证通过 | 来源: AKShare
22:13:16 [INFO] bt_data: [数据] 300772 加载57条日线 (2025-12-29~2026-03-29)
22:13:16 [DEBUG] strategies: [主力拉升] 300772 验证通过 | 验证通过 | 来源: AKShare
22:13:16 [INFO] bt_data: [数据] 603236 加载57条日线 (2025-12-29~2026-03-29)
22:13:16 [DEBUG] strategies: [主力拉升] 603236 验证通过 | 验证通过 | 来源: AKShare
22:13:16 [INFO] bt_data: [数据] 301235 加载57条日线 (2025-12-29~2026-03-29)
22:13:16 [DEBUG] strategies: [主力拉升] 301235 验证通过 | 验证通过 | 来源: AKShare
22:13:16 [INFO] bt_data: [数据] 601636 加载57条日线 (2025-12-29~2026-03-29)
22:13:16 [DEBUG] strategies: [主力拉升] 601636 验证通过 | 验证通过 | 来源: AKShare
22:13:16 [INFO] bt_data: [数据] 688006 加载57条日线 (2025-12-29~2026-03-29)
22:13:16 [DEBUG] strategies: [主力拉升] 688006 验证通过 | 验证通过 | 来源: AKShare
22:13:16 [INFO] bt_data: [数据] 688049 加载57条日线 (2025-12-29~2026-03-29)
22:13:16 [DEBUG] strategies: [主力拉升] 688049 验证通过 | 验证通过 | 来源: AKShare
22:13:16 [INFO] bt_data: [数据] 002637 加载57条日线 (2025-12-29~2026-03-29)
22:13:16 [DEBUG] strategies: [主力拉升] 002637 验证通过 | 验证通过 | 来源: AKShare
22:13:16 [INFO] bt_data: [数据] 002824 加载57条日线 (2025-12-29~2026-03-29)
22:13:16 [DEBUG] strategies: [主力拉升] 002824 验证通过 | 验证通过 | 来源: AKShare
22:13:16 [INFO] bt_data: [数据] 000803 加载57条日线 (2025-12-29~2026-03-29)
22:13:16 [DEBUG] strategies: [主力拉升] 000803 验证通过 | 验证通过 | 来源: AKShare
22:13:16 [INFO] bt_data: [数据] 002928 加载57条日线 (2025-12-29~2026-03-29)
22:13:16 [DEBUG] strategies: [主力拉升] 002928 验证通过 | 验证通过 | 来源: AKShare
22:13:16 [INFO] bt_data: [数据] 301031 加载57条日线 (2025-12-29~2026-03-29)
22:13:16 [DEBUG] strategies: [主力拉升] 301031 验证通过 | 验证通过 | 来源: AKShare
22:13:16 [INFO] bt_data: [数据] 002448 加载57条日线 (2025-12-29~2026-03-29)
22:13:16 [DEBUG] strategies: [主力拉升] 002448 验证通过 | 验证通过 | 来源: AKShare
22:13:16 [INFO] bt_data: [数据] 603486 加载57条日线 (2025-12-29~2026-03-29)
22:13:16 [DEBUG] strategies: [主力拉升] 603486 验证通过 | 验证通过 | 来源: AKShare
22:13:16 [INFO] bt_data: [数据] 301607 加载57条日线 (2025-12-29~2026-03-29)
22:13:16 [DEBUG] strategies: [主力拉升] 301607 验证通过 | 验证通过 | 来源: AKShare
22:13:16 [INFO] bt_data: [数据] 300990 加载57条日线 (2025-12-29~2026-03-29)
22:13:16 [DEBUG] strategies: [主力拉升] 300990 验证通过 | 验证通过 | 来源: AKShare
22:13:16 [INFO] bt_data: [数据] 300702 加载57条日线 (2025-12-29~2026-03-29)
22:13:16 [DEBUG] strategies: [主力拉升] 300702 验证通过 | 验证通过 | 来源: AKShare
22:13:16 [INFO] bt_data: [数据] 000876 加载57条日线 (2025-12-29~2026-03-29)
22:13:16 [DEBUG] strategies: [主力拉升] 000876 验证通过 | 验证通过 | 来源: AKShare
22:13:16 [INFO] bt_data: [数据] 688117 加载57条日线 (2025-12-29~2026-03-29)
22:13:16 [DEBUG] strategies: [主力拉升] 688117 验证通过 | 验证通过 | 来源: AKShare
22:13:16 [INFO] bt_data: [数据] 603678 加载57条日线 (2025-12-29~2026-03-29)
22:13:16 [DEBUG] strategies: [主力拉升] 603678 验证通过 | 验证通过 | 来源: AKShare
22:13:16 [INFO] bt_data: [数据] 000576 加载57条日线 (2025-12-29~2026-03-29)
22:13:16 [DEBUG] strategies: [主力拉升] 000576 验证通过 | 验证通过 | 来源: AKShare
22:13:16 [INFO] bt_data: [数据] 605020 加载57条日线 (2025-12-29~2026-03-29)
22:13:16 [DEBUG] strategies: [主力拉升] 605020 验证通过 | 验证通过 | 来源: AKShare
22:13:17 [INFO] bt_data: [数据] 688136 加载57条日线 (2025-12-29~2026-03-29)
22:13:17 [DEBUG] strategies: [主力拉升] 688136 验证通过 | 验证通过 | 来源: AKShare
22:13:17 [INFO] bt_data: [数据] 600576 加载57条日线 (2025-12-29~2026-03-29)
22:13:17 [DEBUG] strategies: [主力拉升] 600576 验证通过 | 验证通过 | 来源: AKShare
22:13:17 [INFO] bt_data: [数据] 300790 加载57条日线 (2025-12-29~2026-03-29)
22:13:17 [DEBUG] strategies: [主力拉升] 300790 验证通过 | 验证通过 | 来源: AKShare
22:13:17 [INFO] bt_data: [数据] 301603 加载57条日线 (2025-12-29~2026-03-29)
22:13:17 [DEBUG] strategies: [主力拉升] 301603 验证通过 | 验证通过 | 来源: AKShare
22:13:17 [INFO] bt_data: [数据] 301220 加载57条日线 (2025-12-29~2026-03-29)
22:13:17 [DEBUG] strategies: [主力拉升] 301220 验证通过 | 验证通过 | 来源: AKShare
22:13:17 [INFO] bt_data: [数据] 301078 加载57条日线 (2025-12-29~2026-03-29)
22:13:17 [DEBUG] strategies: [主力拉升] 301078 验证通过 | 验证通过 | 来源: AKShare
22:13:17 [INFO] bt_data: [数据] 301035 加载57条日线 (2025-12-29~2026-03-29)
22:13:17 [DEBUG] strategies: [主力拉升] 301035 验证通过 | 验证通过 | 来源: AKShare
22:13:17 [INFO] bt_data: [数据] 603162 加载57条日线 (2025-12-29~2026-03-29)
22:13:17 [DEBUG] strategies: [主力拉升] 603162 验证通过 | 验证通过 | 来源: AKShare
22:13:17 [INFO] daily_scan: [日扫描] 命中 1 只有 BUY 信号的股票
22:13:17 [INFO] daily_scan:   600251 冠农股份 信号日=2026-03-27 置信=0.50
22:13:17 [INFO] push: [推送] 非交易日静音，跳过
22:13:17 [INFO] daily_scan: [日扫描] 非交易日静音，跳过推送
22:13:17 [INFO] daily_scan: [日扫描] Web 状态已更新
22:16:07 [INFO] web_app: [App] 调度器已停止
22:16:09 [INFO] web_app: [App] 调度器已启动
22:16:09 [INFO] web_app: [调度器] 启动
22:17:27 [INFO] daily_scan: [日扫描] 开始 手动 主力拉升选股 @ 2026-03-29 22:17
22:17:27 [INFO] screener: [选股] 使用缓存结果 (80只, 2026-03-29T22:13:14.214302)
22:17:27 [INFO] daily_scan: [日扫描] 初筛候选股 80 只
22:17:27 [INFO] bt_data: [数据] 002015 使用本地缓存 002015_2025-12-29_2026-03-29_qfq.json
22:17:27 [DEBUG] strategies: [主力拉升] 002015 验证通过 | 验证通过 | 来源: AKShare
22:17:27 [INFO] bt_data: [数据] 002155 使用本地缓存 002155_2025-12-29_2026-03-29_qfq.json
22:17:27 [DEBUG] strategies: [主力拉升] 002155 验证通过 | 验证通过 | 来源: AKShare
22:17:27 [INFO] bt_data: [数据] 300035 使用本地缓存 300035_2025-12-29_2026-03-29_qfq.json
22:17:27 [DEBUG] strategies: [主力拉升] 300035 验证通过 | 验证通过 | 来源: AKShare
22:17:27 [INFO] bt_data: [数据] 600711 使用本地缓存 600711_2025-12-29_2026-03-29_qfq.json
22:17:27 [DEBUG] strategies: [主力拉升] 600711 验证通过 | 验证通过 | 来源: AKShare
22:17:27 [INFO] bt_data: [数据] 002487 使用本地缓存 002487_2025-12-29_2026-03-29_qfq.json
22:17:27 [DEBUG] strategies: [主力拉升] 002487 验证通过 | 验证通过 | 来源: AKShare
22:17:27 [INFO] bt_data: [数据] 603358 使用本地缓存 603358_2025-12-29_2026-03-29_qfq.json
22:17:27 [DEBUG] strategies: [主力拉升] 603358 验证通过 | 验证通过 | 来源: AKShare
22:17:27 [INFO] bt_data: [数据] 002340 使用本地缓存 002340_2025-12-29_2026-03-29_qfq.json
22:17:27 [DEBUG] strategies: [主力拉升] 002340 验证通过 | 验证通过 | 来源: AKShare
22:17:27 [INFO] bt_data: [数据] 002402 使用本地缓存 002402_2025-12-29_2026-03-29_qfq.json
22:17:27 [DEBUG] strategies: [主力拉升] 002402 验证通过 | 验证通过 | 来源: AKShare
22:17:27 [INFO] bt_data: [数据] 600392 使用本地缓存 600392_2025-12-29_2026-03-29_qfq.json
22:17:27 [DEBUG] strategies: [主力拉升] 600392 验证通过 | 验证通过 | 来源: AKShare
22:17:27 [INFO] bt_data: [数据] 600497 使用本地缓存 600497_2025-12-29_2026-03-29_qfq.json
22:17:27 [DEBUG] strategies: [主力拉升] 600497 验证通过 | 验证通过 | 来源: AKShare
22:17:27 [INFO] bt_data: [数据] 600143 使用本地缓存 600143_2025-12-29_2026-03-29_qfq.json
22:17:27 [DEBUG] strategies: [主力拉升] 600143 验证通过 | 验证通过 | 来源: AKShare
22:17:27 [INFO] bt_data: [数据] 002203 使用本地缓存 002203_2025-12-29_2026-03-29_qfq.json
22:17:27 [DEBUG] strategies: [主力拉升] 002203 验证通过 | 验证通过 | 来源: AKShare
22:17:27 [INFO] bt_data: [数据] 601020 使用本地缓存 601020_2025-12-29_2026-03-29_qfq.json
22:17:27 [DEBUG] strategies: [主力拉升] 601020 验证通过 | 验证通过 | 来源: AKShare
22:17:27 [INFO] bt_data: [数据] 603876 使用本地缓存 603876_2025-12-29_2026-03-29_qfq.json
22:17:27 [DEBUG] strategies: [主力拉升] 603876 验证通过 | 验证通过 | 来源: AKShare
22:17:27 [INFO] bt_data: [数据] 002130 使用本地缓存 002130_2025-12-29_2026-03-29_qfq.json
22:17:27 [DEBUG] strategies: [主力拉升] 002130 验证通过 | 验证通过 | 来源: AKShare
22:17:27 [INFO] bt_data: [数据] 001283 使用本地缓存 001283_2025-12-29_2026-03-29_qfq.json
22:17:27 [DEBUG] strategies: [主力拉升] 001283 验证通过 | 验证通过 | 来源: AKShare
22:17:27 [INFO] bt_data: [数据] 601233 使用本地缓存 601233_2025-12-29_2026-03-29_qfq.json
22:17:27 [DEBUG] strategies: [主力拉升] 601233 验证通过 | 验证通过 | 来源: AKShare
22:17:27 [INFO] bt_data: [数据] 301155 使用本地缓存 301155_2025-12-29_2026-03-29_qfq.json
22:17:27 [DEBUG] strategies: [主力拉升] 301155 验证通过 | 验证通过 | 来源: AKShare
22:17:27 [INFO] bt_data: [数据] 603087 使用本地缓存 603087_2025-12-29_2026-03-29_qfq.json
22:17:27 [DEBUG] strategies: [主力拉升] 603087 验证通过 | 验证通过 | 来源: AKShare
22:17:27 [INFO] bt_data: [数据] 000600 使用本地缓存 000600_2025-12-29_2026-03-29_qfq.json
22:17:27 [DEBUG] strategies: [主力拉升] 000600 验证通过 | 验证通过 | 来源: AKShare
22:17:27 [INFO] bt_data: [数据] 300251 使用本地缓存 300251_2025-12-29_2026-03-29_qfq.json
22:17:27 [DEBUG] strategies: [主力拉升] 300251 验证通过 | 验证通过 | 来源: AKShare
22:17:27 [INFO] bt_data: [数据] 003010 使用本地缓存 003010_2025-12-29_2026-03-29_qfq.json
22:17:27 [DEBUG] strategies: [主力拉升] 003010 验证通过 | 验证通过 | 来源: AKShare
22:17:27 [INFO] bt_data: [数据] 300409 使用本地缓存 300409_2025-12-29_2026-03-29_qfq.json
22:17:27 [DEBUG] strategies: [主力拉升] 300409 验证通过 | 验证通过 | 来源: AKShare
22:17:27 [INFO] bt_data: [数据] 603186 使用本地缓存 603186_2025-12-29_2026-03-29_qfq.json
22:17:27 [DEBUG] strategies: [主力拉升] 603186 验证通过 | 验证通过 | 来源: AKShare
22:17:27 [INFO] bt_data: [数据] 002237 使用本地缓存 002237_2025-12-29_2026-03-29_qfq.json
22:17:27 [DEBUG] strategies: [主力拉升] 002237 验证通过 | 验证通过 | 来源: AKShare
22:17:27 [INFO] bt_data: [数据] 689009 使用本地缓存 689009_2025-12-29_2026-03-29_qfq.json
22:17:27 [DEBUG] strategies: [主力拉升] 689009 验证通过 | 验证通过 | 来源: AKShare
22:17:27 [INFO] bt_data: [数据] 600867 使用本地缓存 600867_2025-12-29_2026-03-29_qfq.json
22:17:27 [DEBUG] strategies: [主力拉升] 600867 验证通过 | 验证通过 | 来源: AKShare
22:17:27 [INFO] bt_data: [数据] 002170 使用本地缓存 002170_2025-12-29_2026-03-29_qfq.json
22:17:27 [DEBUG] strategies: [主力拉升] 002170 验证通过 | 验证通过 | 来源: AKShare
22:17:27 [INFO] bt_data: [数据] 688772 使用本地缓存 688772_2025-12-29_2026-03-29_qfq.json
22:17:27 [DEBUG] strategies: [主力拉升] 688772 验证通过 | 验证通过 | 来源: AKShare
22:17:27 [INFO] bt_data: [数据] 002957 使用本地缓存 002957_2025-12-29_2026-03-29_qfq.json
22:17:27 [DEBUG] strategies: [主力拉升] 002957 验证通过 | 验证通过 | 来源: AKShare
22:17:27 [INFO] bt_data: [数据] 002755 使用本地缓存 002755_2025-12-29_2026-03-29_qfq.json
22:17:27 [DEBUG] strategies: [主力拉升] 002755 验证通过 | 验证通过 | 来源: AKShare
22:17:27 [INFO] bt_data: [数据] 601069 使用本地缓存 601069_2025-12-29_2026-03-29_qfq.json
22:17:27 [DEBUG] strategies: [主力拉升] 601069 验证通过 | 验证通过 | 来源: AKShare
22:17:27 [INFO] bt_data: [数据] 002209 使用本地缓存 002209_2025-12-29_2026-03-29_qfq.json
22:17:27 [DEBUG] strategies: [主力拉升] 002209 验证通过 | 验证通过 | 来源: AKShare
22:17:27 [INFO] bt_data: [数据] 002250 使用本地缓存 002250_2025-12-29_2026-03-29_qfq.json
22:17:27 [DEBUG] strategies: [主力拉升] 002250 验证通过 | 验证通过 | 来源: AKShare
22:17:27 [INFO] bt_data: [数据] 002734 使用本地缓存 002734_2025-12-29_2026-03-29_qfq.json
22:17:27 [DEBUG] strategies: [主力拉升] 002734 验证通过 | 验证通过 | 来源: AKShare
22:17:27 [INFO] bt_data: [数据] 002440 使用本地缓存 002440_2025-12-29_2026-03-29_qfq.json
22:17:27 [DEBUG] strategies: [主力拉升] 002440 验证通过 | 验证通过 | 来源: AKShare
22:17:27 [INFO] bt_data: [数据] 001696 使用本地缓存 001696_2025-12-29_2026-03-29_qfq.json
22:17:27 [DEBUG] strategies: [主力拉升] 001696 验证通过 | 验证通过 | 来源: AKShare
22:17:27 [INFO] bt_data: [数据] 600595 使用本地缓存 600595_2025-12-29_2026-03-29_qfq.json
22:17:27 [DEBUG] strategies: [主力拉升] 600595 验证通过 | 验证通过 | 来源: AKShare
22:17:27 [INFO] bt_data: [数据] 600686 使用本地缓存 600686_2025-12-29_2026-03-29_qfq.json
22:17:27 [DEBUG] strategies: [主力拉升] 600686 验证通过 | 验证通过 | 来源: AKShare
22:17:27 [INFO] bt_data: [数据] 300083 使用本地缓存 300083_2025-12-29_2026-03-29_qfq.json
22:17:27 [DEBUG] strategies: [主力拉升] 300083 验证通过 | 验证通过 | 来源: AKShare
22:17:27 [INFO] bt_data: [数据] 300602 使用本地缓存 300602_2025-12-29_2026-03-29_qfq.json
22:17:27 [DEBUG] strategies: [主力拉升] 300602 验证通过 | 验证通过 | 来源: AKShare
22:17:27 [INFO] bt_data: [数据] 603379 使用本地缓存 603379_2025-12-29_2026-03-29_qfq.json
22:17:27 [DEBUG] strategies: [主力拉升] 603379 验证通过 | 验证通过 | 来源: AKShare
22:17:27 [INFO] bt_data: [数据] 300573 使用本地缓存 300573_2025-12-29_2026-03-29_qfq.json
22:17:27 [DEBUG] strategies: [主力拉升] 300573 验证通过 | 验证通过 | 来源: AKShare
22:17:27 [INFO] bt_data: [数据] 002545 使用本地缓存 002545_2025-12-29_2026-03-29_qfq.json
22:17:27 [DEBUG] strategies: [主力拉升] 002545 验证通过 | 验证通过 | 来源: AKShare
22:17:27 [INFO] bt_data: [数据] 600251 使用本地缓存 600251_2025-12-29_2026-03-29_qfq.json
22:17:27 [DEBUG] strategies: [主力拉升] 600251 验证通过 | 验证通过 | 来源: AKShare
22:17:27 [INFO] bt_data: [数据] 603612 使用本地缓存 603612_2025-12-29_2026-03-29_qfq.json
22:17:27 [DEBUG] strategies: [主力拉升] 603612 验证通过 | 验证通过 | 来源: AKShare
22:17:27 [INFO] bt_data: [数据] 601162 使用本地缓存 601162_2025-12-29_2026-03-29_qfq.json
22:17:27 [DEBUG] strategies: [主力拉升] 601162 验证通过 | 验证通过 | 来源: AKShare
22:17:27 [INFO] bt_data: [数据] 300611 使用本地缓存 300611_2025-12-29_2026-03-29_qfq.json
22:17:27 [DEBUG] strategies: [主力拉升] 300611 验证通过 | 验证通过 | 来源: AKShare
22:17:27 [INFO] bt_data: [数据] 002171 使用本地缓存 002171_2025-12-29_2026-03-29_qfq.json
22:17:27 [DEBUG] strategies: [主力拉升] 002171 验证通过 | 验证通过 | 来源: AKShare
22:17:27 [INFO] bt_data: [数据] 300389 使用本地缓存 300389_2025-12-29_2026-03-29_qfq.json
22:17:27 [DEBUG] strategies: [主力拉升] 300389 验证通过 | 验证通过 | 来源: AKShare
22:17:27 [INFO] bt_data: [数据] 600389 使用本地缓存 600389_2025-12-29_2026-03-29_qfq.json
22:17:27 [DEBUG] strategies: [主力拉升] 600389 验证通过 | 验证通过 | 来源: AKShare
22:17:27 [INFO] bt_data: [数据] 300772 使用本地缓存 300772_2025-12-29_2026-03-29_qfq.json
22:17:27 [DEBUG] strategies: [主力拉升] 300772 验证通过 | 验证通过 | 来源: AKShare
22:17:27 [INFO] bt_data: [数据] 301235 使用本地缓存 301235_2025-12-29_2026-03-29_qfq.json
22:17:27 [DEBUG] strategies: [主力拉升] 301235 验证通过 | 验证通过 | 来源: AKShare
22:17:27 [INFO] bt_data: [数据] 603236 使用本地缓存 603236_2025-12-29_2026-03-29_qfq.json
22:17:27 [DEBUG] strategies: [主力拉升] 603236 验证通过 | 验证通过 | 来源: AKShare
22:17:27 [INFO] bt_data: [数据] 688049 使用本地缓存 688049_2025-12-29_2026-03-29_qfq.json
22:17:27 [DEBUG] strategies: [主力拉升] 688049 验证通过 | 验证通过 | 来源: AKShare
22:17:27 [INFO] bt_data: [数据] 601636 使用本地缓存 601636_2025-12-29_2026-03-29_qfq.json
22:17:27 [DEBUG] strategies: [主力拉升] 601636 验证通过 | 验证通过 | 来源: AKShare
22:17:27 [INFO] bt_data: [数据] 688006 使用本地缓存 688006_2025-12-29_2026-03-29_qfq.json
22:17:27 [DEBUG] strategies: [主力拉升] 688006 验证通过 | 验证通过 | 来源: AKShare
22:17:27 [INFO] bt_data: [数据] 002637 使用本地缓存 002637_2025-12-29_2026-03-29_qfq.json
22:17:27 [DEBUG] strategies: [主力拉升] 002637 验证通过 | 验证通过 | 来源: AKShare
22:17:27 [INFO] bt_data: [数据] 000803 使用本地缓存 000803_2025-12-29_2026-03-29_qfq.json
22:17:27 [DEBUG] strategies: [主力拉升] 000803 验证通过 | 验证通过 | 来源: AKShare
22:17:27 [INFO] bt_data: [数据] 002824 使用本地缓存 002824_2025-12-29_2026-03-29_qfq.json
22:17:27 [DEBUG] strategies: [主力拉升] 002824 验证通过 | 验证通过 | 来源: AKShare
22:17:27 [INFO] bt_data: [数据] 002928 使用本地缓存 002928_2025-12-29_2026-03-29_qfq.json
22:17:27 [DEBUG] strategies: [主力拉升] 002928 验证通过 | 验证通过 | 来源: AKShare
22:17:27 [INFO] bt_data: [数据] 301031 使用本地缓存 301031_2025-12-29_2026-03-29_qfq.json
22:17:27 [DEBUG] strategies: [主力拉升] 301031 验证通过 | 验证通过 | 来源: AKShare
22:17:27 [INFO] bt_data: [数据] 002448 使用本地缓存 002448_2025-12-29_2026-03-29_qfq.json
22:17:27 [DEBUG] strategies: [主力拉升] 002448 验证通过 | 验证通过 | 来源: AKShare
22:17:27 [INFO] bt_data: [数据] 603486 使用本地缓存 603486_2025-12-29_2026-03-29_qfq.json
22:17:27 [DEBUG] strategies: [主力拉升] 603486 验证通过 | 验证通过 | 来源: AKShare
22:17:27 [INFO] bt_data: [数据] 301607 使用本地缓存 301607_2025-12-29_2026-03-29_qfq.json
22:17:27 [DEBUG] strategies: [主力拉升] 301607 验证通过 | 验证通过 | 来源: AKShare
22:17:27 [INFO] bt_data: [数据] 300990 使用本地缓存 300990_2025-12-29_2026-03-29_qfq.json
22:17:27 [DEBUG] strategies: [主力拉升] 300990 验证通过 | 验证通过 | 来源: AKShare
22:17:27 [INFO] bt_data: [数据] 603678 使用本地缓存 603678_2025-12-29_2026-03-29_qfq.json
22:17:27 [DEBUG] strategies: [主力拉升] 603678 验证通过 | 验证通过 | 来源: AKShare
22:17:27 [INFO] bt_data: [数据] 300702 使用本地缓存 300702_2025-12-29_2026-03-29_qfq.json
22:17:27 [DEBUG] strategies: [主力拉升] 300702 验证通过 | 验证通过 | 来源: AKShare
22:17:27 [INFO] bt_data: [数据] 688117 使用本地缓存 688117_2025-12-29_2026-03-29_qfq.json
22:17:27 [DEBUG] strategies: [主力拉升] 688117 验证通过 | 验证通过 | 来源: AKShare
22:17:27 [INFO] bt_data: [数据] 000876 使用本地缓存 000876_2025-12-29_2026-03-29_qfq.json
22:17:27 [DEBUG] strategies: [主力拉升] 000876 验证通过 | 验证通过 | 来源: AKShare
22:17:27 [INFO] bt_data: [数据] 000576 使用本地缓存 000576_2025-12-29_2026-03-29_qfq.json
22:17:27 [DEBUG] strategies: [主力拉升] 000576 验证通过 | 验证通过 | 来源: AKShare
22:17:27 [INFO] bt_data: [数据] 605020 使用本地缓存 605020_2025-12-29_2026-03-29_qfq.json
22:17:27 [DEBUG] strategies: [主力拉升] 605020 验证通过 | 验证通过 | 来源: AKShare
22:17:27 [INFO] bt_data: [数据] 688136 使用本地缓存 688136_2025-12-29_2026-03-29_qfq.json
22:17:27 [DEBUG] strategies: [主力拉升] 688136 验证通过 | 验证通过 | 来源: AKShare
22:17:27 [INFO] bt_data: [数据] 600576 使用本地缓存 600576_2025-12-29_2026-03-29_qfq.json
22:17:27 [DEBUG] strategies: [主力拉升] 600576 验证通过 | 验证通过 | 来源: AKShare
22:17:27 [INFO] bt_data: [数据] 301603 使用本地缓存 301603_2025-12-29_2026-03-29_qfq.json
22:17:27 [DEBUG] strategies: [主力拉升] 301603 验证通过 | 验证通过 | 来源: AKShare
22:17:27 [INFO] bt_data: [数据] 300790 使用本地缓存 300790_2025-12-29_2026-03-29_qfq.json
22:17:27 [DEBUG] strategies: [主力拉升] 300790 验证通过 | 验证通过 | 来源: AKShare
22:17:27 [INFO] bt_data: [数据] 301078 使用本地缓存 301078_2025-12-29_2026-03-29_qfq.json
22:17:27 [DEBUG] strategies: [主力拉升] 301078 验证通过 | 验证通过 | 来源: AKShare
22:17:27 [INFO] bt_data: [数据] 301035 使用本地缓存 301035_2025-12-29_2026-03-29_qfq.json
22:17:27 [DEBUG] strategies: [主力拉升] 301035 验证通过 | 验证通过 | 来源: AKShare
22:17:27 [INFO] bt_data: [数据] 301220 使用本地缓存 301220_2025-12-29_2026-03-29_qfq.json
22:17:27 [DEBUG] strategies: [主力拉升] 301220 验证通过 | 验证通过 | 来源: AKShare
22:17:27 [INFO] bt_data: [数据] 603162 使用本地缓存 603162_2025-12-29_2026-03-29_qfq.json
22:17:27 [DEBUG] strategies: [主力拉升] 603162 验证通过 | 验证通过 | 来源: AKShare
22:17:27 [INFO] daily_scan: [日扫描] 命中 1 只有 BUY 信号的股票
22:17:27 [INFO] daily_scan:   600251 冠农股份 信号日=2026-03-27 置信=0.50
22:17:28 [INFO] push: [企业微信] 成功: {'errcode': 0, 'errmsg': 'ok'}
22:17:28 [INFO] push: [推送] 完成 1/1 渠道成功
22:17:28 [INFO] daily_scan: [日扫描] 推送完成: 1/1 渠道成功
22:17:28 [INFO] daily_scan: [日扫描] Web 状态已更新
22:42:06 [INFO] bt_data: [数据] 002361 加载143条日线 (2025-04-01~2025-10-31)
22:42:06 [DEBUG] strategies: [主力建仓] 002361 验证通过 | 验证通过 | 来源: AKShare
22:42:06 [INFO] bt_data: [数据] 300456 加载139条日线 (2024-12-01~2025-06-30)
22:42:06 [DEBUG] strategies: [主力建仓] 300456 验证通过 | 验证通过 | 来源: AKShare
22:42:06 [INFO] bt_data: [数据] 600310 加载163条日线 (2025-04-01~2025-11-30)
22:42:06 [DEBUG] strategies: [主力建仓] 600310 验证通过 | 验证通过 | 来源: AKShare
22:42:40 [INFO] bt_data: [数据] 002361 使用本地缓存 002361_2025-04-01_2025-10-31_qfq.json
22:42:40 [INFO] bt_data: [数据] 300456 使用本地缓存 300456_2024-12-01_2025-06-30_qfq.json
22:43:32 [INFO] bt_data: [数据] 002361 使用本地缓存 002361_2025-04-01_2025-10-31_qfq.json
22:43:32 [DEBUG] strategies: [主力建仓] 002361 验证通过 | 验证通过 | 来源: AKShare
22:43:32 [INFO] bt_data: [数据] 300456 使用本地缓存 300456_2024-12-01_2025-06-30_qfq.json
22:43:32 [DEBUG] strategies: [主力建仓] 300456 验证通过 | 验证通过 | 来源: AKShare
22:43:32 [INFO] bt_data: [数据] 600310 使用本地缓存 600310_2025-04-01_2025-11-30_qfq.json
22:43:32 [DEBUG] strategies: [主力建仓] 600310 验证通过 | 验证通过 | 来源: AKShare
22:43:48 [INFO] web_app: [App] 调度器已停止
22:43:50 [INFO] web_app: [App] 调度器已启动
22:43:50 [INFO] web_app: [调度器] 启动
