15:12:09 [INFO] mysql: [MySQL] 创建连接池...
15:12:09 [INFO] mysql: [MySQL] 连接池就绪，表结构已检查
15:12:09 [INFO] migrate: [迁移] scan_results.json → .bak
15:12:09 [INFO] migrate: [迁移] backtest_results: 36 条
15:12:09 [INFO] migrate: [迁移] backtest_results.json → .bak
15:12:09 [INFO] migrate: [迁移] schedule_config: enabled=True
15:12:09 [INFO] migrate: [迁移] 全部完成
15:12:09 [INFO] web_app: [App] MySQL 就绪，已恢复扫描数据
15:12:09 [INFO] web_app: [App] 调度器已启动
15:12:09 [INFO] web_app: [调度器] 启动
15:13:04 [INFO] mysql: [MySQL] 创建连接池...
15:13:04 [INFO] mysql: [MySQL] 连接池就绪，表结构已检查
15:13:04 [INFO] migrate: [迁移] scan_results.json 不存在，跳过
15:13:04 [INFO] migrate: [迁移] backtest_results.json 不存在，跳过
15:13:04 [INFO] migrate: [迁移] schedule_config: enabled=True
15:13:04 [INFO] migrate: [迁移] 全部完成
15:13:04 [INFO] web_app: [App] MySQL 就绪，已恢复扫描数据
15:13:04 [INFO] web_app: [App] 调度器已启动
15:13:04 [INFO] web_app: [调度器] 启动
15:35:04 [INFO] web_app: [调度器] 触发主力拉升选股 15:35
15:35:04 [DEBUG] sched_dao: [sched_dao] 配置已更新: {'last_run': '2026-04-01 15:35', 'last_status': 'running'}
15:35:04 [INFO] daily_scan: [日扫描] 开始 定时 主力建仓选股 @ 2026-04-01 15:35
15:35:05 [INFO] screener: [选股][东方财富] 获取 111 只，开始客户端过滤...
15:35:05 [INFO] screener: [选股][东方财富] 客户端过滤后: 111 只
15:35:05 [INFO] screener: [选股] 筛选完成: 111只股票，已缓存到 screen_c467a87f.json
15:35:05 [INFO] daily_scan: [日扫描] 初筛候选股 111 只
15:35:06 [INFO] bt_data: [数据] 600711 加载79条日线 (2025-12-02~2026-04-01)
15:35:06 [DEBUG] strategies: [主力建仓] 600711 验证通过 | 验证通过 | 来源: AKShare
15:35:06 [INFO] bt_data: [数据] 600867 加载79条日线 (2025-12-02~2026-04-01)
15:35:06 [DEBUG] strategies: [主力建仓] 600867 验证通过 | 验证通过 | 来源: AKShare
15:35:06 [INFO] bt_data: [数据] 000688 加载79条日线 (2025-12-02~2026-04-01)
15:35:06 [DEBUG] strategies: [主力建仓] 000688 验证通过 | 验证通过 | 来源: AKShare
15:35:06 [INFO] bt_data: [数据] 300251 加载79条日线 (2025-12-02~2026-04-01)
15:35:06 [DEBUG] strategies: [主力建仓] 300251 验证通过 | 验证通过 | 来源: AKShare
15:35:06 [INFO] bt_data: [数据] 600392 加载79条日线 (2025-12-02~2026-04-01)
15:35:06 [DEBUG] strategies: [主力建仓] 600392 验证通过 | 验证通过 | 来源: AKShare
15:35:06 [INFO] bt_data: [数据] 002155 加载69条日线 (2025-12-02~2026-04-01)
15:35:06 [DEBUG] strategies: [主力建仓] 002155 验证通过 | 验证通过 | 来源: AKShare
15:35:06 [INFO] bt_data: [数据] 002015 加载79条日线 (2025-12-02~2026-04-01)
15:35:06 [DEBUG] strategies: [主力建仓] 002015 验证通过 | 验证通过 | 来源: AKShare
15:35:06 [INFO] bt_data: [数据] 603358 加载79条日线 (2025-12-02~2026-04-01)
15:35:06 [DEBUG] strategies: [主力建仓] 603358 验证通过 | 验证通过 | 来源: AKShare
15:35:06 [INFO] bt_data: [数据] 002755 加载79条日线 (2025-12-02~2026-04-01)
15:35:06 [DEBUG] strategies: [主力建仓] 002755 验证通过 | 验证通过 | 来源: AKShare
15:35:06 [INFO] bt_data: [数据] 601020 加载79条日线 (2025-12-02~2026-04-01)
15:35:06 [DEBUG] strategies: [主力建仓] 601020 验证通过 | 验证通过 | 来源: AKShare
15:35:06 [INFO] bt_data: [数据] 001696 加载79条日线 (2025-12-02~2026-04-01)
15:35:06 [DEBUG] strategies: [主力建仓] 001696 验证通过 | 验证通过 | 来源: AKShare
15:35:06 [INFO] bt_data: [数据] 600143 加载79条日线 (2025-12-02~2026-04-01)
15:35:06 [DEBUG] strategies: [主力建仓] 600143 验证通过 | 验证通过 | 来源: AKShare
15:35:06 [INFO] bt_data: [数据] 601233 加载79条日线 (2025-12-02~2026-04-01)
15:35:06 [DEBUG] strategies: [主力建仓] 601233 验证通过 | 验证通过 | 来源: AKShare
15:35:06 [INFO] bt_data: [数据] 603876 加载79条日线 (2025-12-02~2026-04-01)
15:35:06 [DEBUG] strategies: [主力建仓] 603876 验证通过 | 验证通过 | 来源: AKShare
15:35:06 [INFO] bt_data: [数据] 002340 加载79条日线 (2025-12-02~2026-04-01)
15:35:06 [DEBUG] strategies: [主力建仓] 002340 验证通过 | 验证通过 | 来源: AKShare
15:35:06 [INFO] bt_data: [数据] 300035 加载79条日线 (2025-12-02~2026-04-01)
15:35:06 [DEBUG] strategies: [主力建仓] 300035 验证通过 | 验证通过 | 来源: AKShare
15:35:07 [INFO] bt_data: [数据] 003010 加载79条日线 (2025-12-02~2026-04-01)
15:35:07 [DEBUG] strategies: [主力建仓] 003010 验证通过 | 验证通过 | 来源: AKShare
15:35:07 [INFO] bt_data: [数据] 002402 加载79条日线 (2025-12-02~2026-04-01)
15:35:07 [DEBUG] strategies: [主力建仓] 002402 验证通过 | 验证通过 | 来源: AKShare
15:35:07 [INFO] bt_data: [数据] 300409 加载79条日线 (2025-12-02~2026-04-01)
15:35:07 [DEBUG] strategies: [主力建仓] 300409 验证通过 | 验证通过 | 来源: AKShare
15:35:07 [INFO] bt_data: [数据] 600686 加载79条日线 (2025-12-02~2026-04-01)
15:35:07 [DEBUG] strategies: [主力建仓] 600686 验证通过 | 验证通过 | 来源: AKShare
15:35:07 [INFO] bt_data: [数据] 600497 加载79条日线 (2025-12-02~2026-04-01)
15:35:07 [DEBUG] strategies: [主力建仓] 600497 验证通过 | 验证通过 | 来源: AKShare
15:35:07 [INFO] bt_data: [数据] 002957 加载79条日线 (2025-12-02~2026-04-01)
15:35:07 [DEBUG] strategies: [主力建仓] 002957 验证通过 | 验证通过 | 来源: AKShare
15:35:07 [INFO] bt_data: [数据] 600595 加载79条日线 (2025-12-02~2026-04-01)
15:35:07 [DEBUG] strategies: [主力建仓] 600595 验证通过 | 验证通过 | 来源: AKShare
15:35:07 [INFO] bt_data: [数据] 002203 加载79条日线 (2025-12-02~2026-04-01)
15:35:07 [DEBUG] strategies: [主力建仓] 002203 验证通过 | 验证通过 | 来源: AKShare
15:35:07 [INFO] bt_data: [数据] 600166 加载79条日线 (2025-12-02~2026-04-01)
15:35:07 [DEBUG] strategies: [主力建仓] 600166 验证通过 | 验证通过 | 来源: AKShare
15:35:07 [INFO] bt_data: [数据] 002440 加载79条日线 (2025-12-02~2026-04-01)
15:35:07 [DEBUG] strategies: [主力建仓] 002440 验证通过 | 验证通过 | 来源: AKShare
15:35:07 [INFO] bt_data: [数据] 002171 加载79条日线 (2025-12-02~2026-04-01)
15:35:07 [DEBUG] strategies: [主力建仓] 002171 验证通过 | 验证通过 | 来源: AKShare
15:35:07 [INFO] bt_data: [数据] 300201 加载79条日线 (2025-12-02~2026-04-01)
15:35:07 [DEBUG] strategies: [主力建仓] 300201 验证通过 | 验证通过 | 来源: AKShare
15:35:07 [INFO] bt_data: [数据] 300602 加载79条日线 (2025-12-02~2026-04-01)
15:35:07 [DEBUG] strategies: [主力建仓] 300602 验证通过 | 验证通过 | 来源: AKShare
15:35:07 [INFO] bt_data: [数据] 688006 加载79条日线 (2025-12-02~2026-04-01)
15:35:07 [DEBUG] strategies: [主力建仓] 688006 验证通过 | 验证通过 | 来源: AKShare
15:35:07 [INFO] bt_data: [数据] 002396 加载79条日线 (2025-12-02~2026-04-01)
15:35:07 [DEBUG] strategies: [主力建仓] 002396 验证通过 | 验证通过 | 来源: AKShare
15:35:07 [INFO] bt_data: [数据] 002250 加载79条日线 (2025-12-02~2026-04-01)
15:35:07 [DEBUG] strategies: [主力建仓] 002250 验证通过 | 验证通过 | 来源: AKShare
15:35:07 [INFO] bt_data: [数据] 002545 加载79条日线 (2025-12-02~2026-04-01)
15:35:07 [DEBUG] strategies: [主力建仓] 002545 验证通过 | 验证通过 | 来源: AKShare
15:35:07 [INFO] bt_data: [数据] 000600 加载79条日线 (2025-12-02~2026-04-01)
15:35:07 [DEBUG] strategies: [主力建仓] 000600 验证通过 | 验证通过 | 来源: AKShare
15:35:07 [INFO] bt_data: [数据] 688136 加载79条日线 (2025-12-02~2026-04-01)
15:35:07 [DEBUG] strategies: [主力建仓] 688136 验证通过 | 验证通过 | 来源: AKShare
15:35:07 [INFO] bt_data: [数据] 603890 加载79条日线 (2025-12-02~2026-04-01)
15:35:07 [DEBUG] strategies: [主力建仓] 603890 验证通过 | 验证通过 | 来源: AKShare
15:35:07 [INFO] bt_data: [数据] 002928 加载79条日线 (2025-12-02~2026-04-01)
15:35:07 [DEBUG] strategies: [主力建仓] 002928 验证通过 | 验证通过 | 来源: AKShare
15:35:07 [INFO] bt_data: [数据] 002734 加载79条日线 (2025-12-02~2026-04-01)
15:35:07 [DEBUG] strategies: [主力建仓] 002734 验证通过 | 验证通过 | 来源: AKShare
15:35:07 [INFO] bt_data: [数据] 002553 加载79条日线 (2025-12-02~2026-04-01)
15:35:07 [DEBUG] strategies: [主力建仓] 002553 验证通过 | 验证通过 | 来源: AKShare
15:35:07 [INFO] bt_data: [数据] 002237 加载79条日线 (2025-12-02~2026-04-01)
15:35:07 [DEBUG] strategies: [主力建仓] 002237 验证通过 | 验证通过 | 来源: AKShare
15:35:07 [INFO] bt_data: [数据] 002824 加载79条日线 (2025-12-02~2026-04-01)
15:35:07 [DEBUG] strategies: [主力建仓] 002824 验证通过 | 验证通过 | 来源: AKShare
15:35:07 [INFO] bt_data: [数据] 600685 加载79条日线 (2025-12-02~2026-04-01)
15:35:07 [DEBUG] strategies: [主力建仓] 600685 验证通过 | 验证通过 | 来源: AKShare
15:35:07 [INFO] bt_data: [数据] 600389 加载79条日线 (2025-12-02~2026-04-01)
15:35:07 [DEBUG] strategies: [主力建仓] 600389 验证通过 | 验证通过 | 来源: AKShare
15:35:07 [INFO] bt_data: [数据] 603612 加载79条日线 (2025-12-02~2026-04-01)
15:35:07 [DEBUG] strategies: [主力建仓] 603612 验证通过 | 验证通过 | 来源: AKShare
15:35:07 [INFO] bt_data: [数据] 300772 加载79条日线 (2025-12-02~2026-04-01)
15:35:07 [DEBUG] strategies: [主力建仓] 300772 验证通过 | 验证通过 | 来源: AKShare
15:35:07 [INFO] bt_data: [数据] 600429 加载79条日线 (2025-12-02~2026-04-01)
15:35:07 [DEBUG] strategies: [主力建仓] 600429 验证通过 | 验证通过 | 来源: AKShare
15:35:07 [INFO] bt_data: [数据] 601162 加载79条日线 (2025-12-02~2026-04-01)
15:35:07 [DEBUG] strategies: [主力建仓] 601162 验证通过 | 验证通过 | 来源: AKShare
15:35:07 [INFO] bt_data: [数据] 002448 加载79条日线 (2025-12-02~2026-04-01)
15:35:07 [DEBUG] strategies: [主力建仓] 002448 验证通过 | 验证通过 | 来源: AKShare
15:35:07 [INFO] bt_data: [数据] 601636 加载79条日线 (2025-12-02~2026-04-01)
15:35:07 [DEBUG] strategies: [主力建仓] 601636 验证通过 | 验证通过 | 来源: AKShare
15:35:07 [INFO] bt_data: [数据] 002170 加载79条日线 (2025-12-02~2026-04-01)
15:35:07 [DEBUG] strategies: [主力建仓] 002170 验证通过 | 验证通过 | 来源: AKShare
15:35:07 [INFO] bt_data: [数据] 300041 加载79条日线 (2025-12-02~2026-04-01)
15:35:07 [DEBUG] strategies: [主力建仓] 300041 验证通过 | 验证通过 | 来源: AKShare
15:35:07 [INFO] bt_data: [数据] 688518 加载79条日线 (2025-12-02~2026-04-01)
15:35:07 [DEBUG] strategies: [主力建仓] 688518 验证通过 | 验证通过 | 来源: AKShare
15:35:07 [INFO] bt_data: [数据] 301235 加载79条日线 (2025-12-02~2026-04-01)
15:35:07 [DEBUG] strategies: [主力建仓] 301235 验证通过 | 验证通过 | 来源: AKShare
15:35:08 [INFO] bt_data: [数据] 002010 加载79条日线 (2025-12-02~2026-04-01)
15:35:08 [DEBUG] strategies: [主力建仓] 002010 验证通过 | 验证通过 | 来源: AKShare
15:35:08 [INFO] bt_data: [数据] 688639 加载79条日线 (2025-12-02~2026-04-01)
15:35:08 [DEBUG] strategies: [主力建仓] 688639 验证通过 | 验证通过 | 来源: AKShare
15:35:08 [INFO] bt_data: [数据] 605020 加载79条日线 (2025-12-02~2026-04-01)
15:35:08 [DEBUG] strategies: [主力建仓] 605020 验证通过 | 验证通过 | 来源: AKShare
15:35:08 [INFO] bt_data: [数据] 300611 加载79条日线 (2025-12-02~2026-04-01)
15:35:08 [DEBUG] strategies: [主力建仓] 300611 验证通过 | 验证通过 | 来源: AKShare
15:35:08 [INFO] bt_data: [数据] 688117 加载79条日线 (2025-12-02~2026-04-01)
15:35:08 [DEBUG] strategies: [主力建仓] 688117 验证通过 | 验证通过 | 来源: AKShare
15:35:08 [INFO] bt_data: [数据] 301607 加载79条日线 (2025-12-02~2026-04-01)
15:35:08 [DEBUG] strategies: [主力建仓] 301607 验证通过 | 验证通过 | 来源: AKShare
15:35:08 [INFO] bt_data: [数据] 300702 加载79条日线 (2025-12-02~2026-04-01)
15:35:08 [DEBUG] strategies: [主力建仓] 300702 验证通过 | 验证通过 | 来源: AKShare
15:35:08 [INFO] bt_data: [数据] 603969 加载79条日线 (2025-12-02~2026-04-01)
15:35:08 [DEBUG] strategies: [主力建仓] 603969 验证通过 | 验证通过 | 来源: AKShare
15:35:08 [INFO] bt_data: [数据] 603997 加载79条日线 (2025-12-02~2026-04-01)
15:35:08 [DEBUG] strategies: [主力建仓] 603997 验证通过 | 验证通过 | 来源: AKShare
15:35:08 [INFO] bt_data: [数据] 002511 加载79条日线 (2025-12-02~2026-04-01)
15:35:08 [DEBUG] strategies: [主力建仓] 002511 验证通过 | 验证通过 | 来源: AKShare
15:35:08 [INFO] bt_data: [数据] 002637 加载79条日线 (2025-12-02~2026-04-01)
15:35:08 [DEBUG] strategies: [主力建仓] 002637 验证通过 | 验证通过 | 来源: AKShare
15:35:08 [INFO] bt_data: [数据] 000876 加载79条日线 (2025-12-02~2026-04-01)
15:35:08 [DEBUG] strategies: [主力建仓] 000876 验证通过 | 验证通过 | 来源: AKShare
15:35:08 [INFO] bt_data: [数据] 002209 加载79条日线 (2025-12-02~2026-04-01)
15:35:08 [DEBUG] strategies: [主力建仓] 002209 验证通过 | 验证通过 | 来源: AKShare
15:35:08 [INFO] bt_data: [数据] 301078 加载79条日线 (2025-12-02~2026-04-01)
15:35:08 [DEBUG] strategies: [主力建仓] 301078 验证通过 | 验证通过 | 来源: AKShare
15:35:08 [INFO] bt_data: [数据] 002006 加载79条日线 (2025-12-02~2026-04-01)
15:35:08 [DEBUG] strategies: [主力建仓] 002006 验证通过 | 验证通过 | 来源: AKShare
15:35:08 [INFO] bt_data: [数据] 000935 加载79条日线 (2025-12-02~2026-04-01)
15:35:08 [DEBUG] strategies: [主力建仓] 000935 验证通过 | 验证通过 | 来源: AKShare
15:35:08 [INFO] bt_data: [数据] 301220 加载79条日线 (2025-12-02~2026-04-01)
15:35:08 [DEBUG] strategies: [主力建仓] 301220 验证通过 | 验证通过 | 来源: AKShare
15:35:08 [INFO] bt_data: [数据] 300473 加载79条日线 (2025-12-02~2026-04-01)
15:35:08 [DEBUG] strategies: [主力建仓] 300473 验证通过 | 验证通过 | 来源: AKShare
15:35:08 [INFO] bt_data: [数据] 300790 加载79条日线 (2025-12-02~2026-04-01)
15:35:08 [DEBUG] strategies: [主力建仓] 300790 验证通过 | 验证通过 | 来源: AKShare
15:35:08 [INFO] bt_data: [数据] 300681 加载79条日线 (2025-12-02~2026-04-01)
15:35:08 [DEBUG] strategies: [主力建仓] 300681 验证通过 | 验证通过 | 来源: AKShare
15:35:08 [INFO] bt_data: [数据] 688410 加载79条日线 (2025-12-02~2026-04-01)
15:35:08 [DEBUG] strategies: [主力建仓] 688410 验证通过 | 验证通过 | 来源: AKShare
15:35:08 [INFO] bt_data: [数据] 001288 加载79条日线 (2025-12-02~2026-04-01)
15:35:08 [DEBUG] strategies: [主力建仓] 001288 验证通过 | 验证通过 | 来源: AKShare
15:35:08 [INFO] bt_data: [数据] 603162 加载79条日线 (2025-12-02~2026-04-01)
15:35:08 [DEBUG] strategies: [主力建仓] 603162 验证通过 | 验证通过 | 来源: AKShare
15:35:08 [INFO] bt_data: [数据] 600251 加载79条日线 (2025-12-02~2026-04-01)
15:35:08 [DEBUG] strategies: [主力建仓] 600251 验证通过 | 验证通过 | 来源: AKShare
15:35:08 [INFO] bt_data: [数据] 000803 加载79条日线 (2025-12-02~2026-04-01)
15:35:08 [DEBUG] strategies: [主力建仓] 000803 验证通过 | 验证通过 | 来源: AKShare
15:35:08 [INFO] bt_data: [数据] 300132 加载79条日线 (2025-12-02~2026-04-01)
15:35:08 [DEBUG] strategies: [主力建仓] 300132 验证通过 | 验证通过 | 来源: AKShare
15:35:08 [INFO] bt_data: [数据] 003002 加载79条日线 (2025-12-02~2026-04-01)
15:35:08 [DEBUG] strategies: [主力建仓] 003002 验证通过 | 验证通过 | 来源: AKShare
15:35:08 [INFO] bt_data: [数据] 600576 加载79条日线 (2025-12-02~2026-04-01)
15:35:08 [DEBUG] strategies: [主力建仓] 600576 验证通过 | 验证通过 | 来源: AKShare
15:35:08 [INFO] bt_data: [数据] 300940 加载79条日线 (2025-12-02~2026-04-01)
15:35:08 [DEBUG] strategies: [主力建仓] 300940 验证通过 | 验证通过 | 来源: AKShare
15:35:08 [INFO] bt_data: [数据] 003011 加载79条日线 (2025-12-02~2026-04-01)
15:35:08 [DEBUG] strategies: [主力建仓] 003011 验证通过 | 验证通过 | 来源: AKShare
15:35:08 [INFO] bt_data: [数据] 002225 加载79条日线 (2025-12-02~2026-04-01)
15:35:08 [DEBUG] strategies: [主力建仓] 002225 验证通过 | 验证通过 | 来源: AKShare
15:35:08 [INFO] bt_data: [数据] 300644 加载79条日线 (2025-12-02~2026-04-01)
15:35:08 [DEBUG] strategies: [主力建仓] 300644 验证通过 | 验证通过 | 来源: AKShare
15:35:08 [INFO] bt_data: [数据] 600195 加载79条日线 (2025-12-02~2026-04-01)
15:35:08 [DEBUG] strategies: [主力建仓] 600195 验证通过 | 验证通过 | 来源: AKShare
15:35:08 [INFO] bt_data: [数据] 301161 加载79条日线 (2025-12-02~2026-04-01)
15:35:08 [DEBUG] strategies: [主力建仓] 301161 验证通过 | 验证通过 | 来源: AKShare
15:35:08 [INFO] bt_data: [数据] 001228 加载79条日线 (2025-12-02~2026-04-01)
15:35:08 [DEBUG] strategies: [主力建仓] 001228 验证通过 | 验证通过 | 来源: AKShare
15:35:08 [INFO] bt_data: [数据] 003017 加载79条日线 (2025-12-02~2026-04-01)
15:35:08 [DEBUG] strategies: [主力建仓] 003017 验证通过 | 验证通过 | 来源: AKShare
15:35:08 [INFO] bt_data: [数据] 603081 加载79条日线 (2025-12-02~2026-04-01)
15:35:08 [DEBUG] strategies: [主力建仓] 603081 验证通过 | 验证通过 | 来源: AKShare
15:35:08 [INFO] bt_data: [数据] 600983 加载78条日线 (2025-12-02~2026-04-01)
15:35:08 [DEBUG] strategies: [主力建仓] 600983 验证通过 | 验证通过 | 来源: AKShare
15:35:08 [INFO] bt_data: [数据] 002688 加载79条日线 (2025-12-02~2026-04-01)
15:35:08 [DEBUG] strategies: [主力建仓] 002688 验证通过 | 验证通过 | 来源: AKShare
15:35:08 [INFO] bt_data: [数据] 688379 加载79条日线 (2025-12-02~2026-04-01)
15:35:08 [DEBUG] strategies: [主力建仓] 688379 验证通过 | 验证通过 | 来源: AKShare
15:35:08 [INFO] bt_data: [数据] 000576 加载79条日线 (2025-12-02~2026-04-01)
15:35:08 [DEBUG] strategies: [主力建仓] 000576 验证通过 | 验证通过 | 来源: AKShare
15:35:08 [INFO] bt_data: [数据] 301381 加载79条日线 (2025-12-02~2026-04-01)
15:35:08 [DEBUG] strategies: [主力建仓] 301381 验证通过 | 验证通过 | 来源: AKShare
15:35:08 [INFO] bt_data: [数据] 300967 加载79条日线 (2025-12-02~2026-04-01)
15:35:08 [DEBUG] strategies: [主力建仓] 300967 验证通过 | 验证通过 | 来源: AKShare
15:35:08 [INFO] bt_data: [数据] 603313 加载79条日线 (2025-12-02~2026-04-01)
15:35:08 [DEBUG] strategies: [主力建仓] 603313 验证通过 | 验证通过 | 来源: AKShare
15:35:08 [INFO] bt_data: [数据] 603566 加载79条日线 (2025-12-02~2026-04-01)
15:35:08 [DEBUG] strategies: [主力建仓] 603566 验证通过 | 验证通过 | 来源: AKShare
15:35:08 [INFO] bt_data: [数据] 688600 加载79条日线 (2025-12-02~2026-04-01)
15:35:08 [DEBUG] strategies: [主力建仓] 688600 验证通过 | 验证通过 | 来源: AKShare
15:35:08 [INFO] bt_data: [数据] 688557 加载79条日线 (2025-12-02~2026-04-01)
15:35:08 [DEBUG] strategies: [主力建仓] 688557 验证通过 | 验证通过 | 来源: AKShare
15:35:09 [INFO] bt_data: [数据] 603151 加载79条日线 (2025-12-02~2026-04-01)
15:35:09 [DEBUG] strategies: [主力建仓] 603151 验证通过 | 验证通过 | 来源: AKShare
15:35:09 [INFO] bt_data: [数据] 301283 加载79条日线 (2025-12-02~2026-04-01)
15:35:09 [DEBUG] strategies: [主力建仓] 301283 验证通过 | 验证通过 | 来源: AKShare
15:35:09 [INFO] bt_data: [数据] 601968 加载79条日线 (2025-12-02~2026-04-01)
15:35:09 [DEBUG] strategies: [主力建仓] 601968 验证通过 | 验证通过 | 来源: AKShare
15:35:09 [INFO] bt_data: [数据] 603506 加载79条日线 (2025-12-02~2026-04-01)
15:35:09 [DEBUG] strategies: [主力建仓] 603506 验证通过 | 验证通过 | 来源: AKShare
15:35:09 [INFO] bt_data: [数据] 688162 加载79条日线 (2025-12-02~2026-04-01)
15:35:09 [DEBUG] strategies: [主力建仓] 688162 验证通过 | 验证通过 | 来源: AKShare
15:35:09 [INFO] bt_data: [数据] 688269 加载79条日线 (2025-12-02~2026-04-01)
15:35:09 [DEBUG] strategies: [主力建仓] 688269 验证通过 | 验证通过 | 来源: AKShare
15:35:09 [INFO] bt_data: [数据] 301356 加载79条日线 (2025-12-02~2026-04-01)
15:35:09 [DEBUG] strategies: [主力建仓] 301356 验证通过 | 验证通过 | 来源: AKShare
15:35:09 [INFO] bt_data: [数据] 603101 加载79条日线 (2025-12-02~2026-04-01)
15:35:09 [DEBUG] strategies: [主力建仓] 603101 验证通过 | 验证通过 | 来源: AKShare
15:35:09 [INFO] bt_data: [数据] 688501 加载79条日线 (2025-12-02~2026-04-01)
15:35:09 [DEBUG] strategies: [主力建仓] 688501 验证通过 | 验证通过 | 来源: AKShare
15:35:09 [INFO] bt_data: [数据] 301446 加载79条日线 (2025-12-02~2026-04-01)
15:35:09 [DEBUG] strategies: [主力建仓] 301446 验证通过 | 验证通过 | 来源: AKShare
15:35:09 [INFO] bt_data: [数据] 688665 加载79条日线 (2025-12-02~2026-04-01)
15:35:09 [DEBUG] strategies: [主力建仓] 688665 验证通过 | 验证通过 | 来源: AKShare
15:35:09 [INFO] daily_scan: [日扫描] 命中 BUY=0 WATCH=24
15:35:09 [INFO] daily_scan:   WATCH 600867 通化东宝 信号日=2026-03-27
15:35:09 [INFO] daily_scan:   WATCH 002755 奥赛康 信号日=2026-03-27
15:35:09 [INFO] daily_scan:   WATCH 600143 金发科技 信号日=2026-04-01
15:35:09 [INFO] daily_scan:   WATCH 002402 和而泰 信号日=2026-03-31
15:35:09 [INFO] daily_scan:   WATCH 003010 若羽臣 信号日=2026-03-27
15:35:09 [INFO] push: [企业微信] 成功: {'errcode': 0, 'errmsg': 'ok'}
15:35:09 [INFO] push: [推送] 完成 1/1 渠道成功
15:35:09 [INFO] daily_scan: [日扫描] 推送完成: 1/1 渠道成功
15:35:09 [INFO] scan_dao: [scan_dao] major_capital_accumulation 写入 24 条扫描结果
15:35:09 [INFO] daily_scan: [日扫描] Web 状态已更新并持久化 | BUY=0 WATCH=24
15:35:09 [DEBUG] sched_dao: [sched_dao] 配置已更新: {'last_status': '完成 | 24只信号'}
20:14:39 [INFO] mysql: [MySQL] 创建连接池...
20:14:39 [INFO] mysql: [MySQL] 连接池就绪，表结构已检查
20:14:39 [INFO] migrate: [迁移] scan_results.json 不存在，跳过
20:14:39 [INFO] migrate: [迁移] backtest_results.json 不存在，跳过
20:14:39 [INFO] migrate: [迁移] schedule_config: enabled=True
20:14:39 [INFO] migrate: [迁移] 全部完成
20:14:39 [INFO] web_app: [App] MySQL 就绪，已恢复扫描数据
20:14:39 [INFO] web_app: [App] 调度器已启动
20:14:39 [INFO] web_app: [调度器] 启动
22:40:09 [INFO] mysql: [MySQL] 连接池已关闭
22:40:09 [INFO] web_app: [App] 调度器+连接池已停止
22:40:11 [INFO] mysql: [MySQL] 创建连接池...
22:40:11 [INFO] mysql: [MySQL] 连接池就绪，表结构已检查
22:40:11 [INFO] migrate: [迁移] scan_results.json 不存在，跳过
22:40:11 [INFO] migrate: [迁移] backtest_results.json 不存在，跳过
22:40:11 [INFO] migrate: [迁移] schedule_config: enabled=True
22:40:11 [INFO] migrate: [迁移] 全部完成
22:40:11 [INFO] web_app: [App] MySQL 就绪，已恢复扫描数据
22:40:11 [INFO] web_app: [App] 调度器已启动
22:40:11 [INFO] web_app: [调度器] 启动
22:42:09 [INFO] daily_scan: [日扫描] 开始 手动 主力建仓选股 @ 2026-04-01 22:42
22:42:10 [INFO] screener: [选股][东方财富] 获取 111 只，开始客户端过滤...
22:42:10 [INFO] screener: [选股][东方财富] 客户端过滤后: 111 只
22:42:10 [INFO] screener: [选股] 筛选完成: 111只股票，已缓存到 screen_c467a87f.json
22:42:10 [INFO] daily_scan: [日扫描] 初筛候选股 111 只
22:42:10 [INFO] bt_data: [数据] 002015 使用本地缓存 002015_2025-12-02_2026-04-01_qfq.json
22:42:10 [DEBUG] strategies: [主力建仓] 002015 验证通过 | 验证通过 | 来源: AKShare
22:42:10 [INFO] bt_data: [数据] 600711 使用本地缓存 600711_2025-12-02_2026-04-01_qfq.json
22:42:10 [DEBUG] strategies: [主力建仓] 600711 验证通过 | 验证通过 | 来源: AKShare
22:42:10 [INFO] bt_data: [数据] 002155 使用本地缓存 002155_2025-12-02_2026-04-01_qfq.json
22:42:10 [DEBUG] strategies: [主力建仓] 002155 验证通过 | 验证通过 | 来源: AKShare
22:42:10 [INFO] bt_data: [数据] 600392 使用本地缓存 600392_2025-12-02_2026-04-01_qfq.json
22:42:10 [DEBUG] strategies: [主力建仓] 600392 验证通过 | 验证通过 | 来源: AKShare
22:42:10 [INFO] bt_data: [数据] 603358 使用本地缓存 603358_2025-12-02_2026-04-01_qfq.json
22:42:10 [DEBUG] strategies: [主力建仓] 603358 验证通过 | 验证通过 | 来源: AKShare
22:42:10 [INFO] bt_data: [数据] 000688 使用本地缓存 000688_2025-12-02_2026-04-01_qfq.json
22:42:10 [DEBUG] strategies: [主力建仓] 000688 验证通过 | 验证通过 | 来源: AKShare
22:42:10 [INFO] bt_data: [数据] 300251 使用本地缓存 300251_2025-12-02_2026-04-01_qfq.json
22:42:10 [DEBUG] strategies: [主力建仓] 300251 验证通过 | 验证通过 | 来源: AKShare
22:42:10 [INFO] bt_data: [数据] 600867 使用本地缓存 600867_2025-12-02_2026-04-01_qfq.json
22:42:10 [DEBUG] strategies: [主力建仓] 600867 验证通过 | 验证通过 | 来源: AKShare
22:42:10 [INFO] bt_data: [数据] 002340 使用本地缓存 002340_2025-12-02_2026-04-01_qfq.json
22:42:10 [DEBUG] strategies: [主力建仓] 002340 验证通过 | 验证通过 | 来源: AKShare
22:42:10 [INFO] bt_data: [数据] 601233 使用本地缓存 601233_2025-12-02_2026-04-01_qfq.json
22:42:10 [DEBUG] strategies: [主力建仓] 601233 验证通过 | 验证通过 | 来源: AKShare
22:42:10 [INFO] bt_data: [数据] 300035 使用本地缓存 300035_2025-12-02_2026-04-01_qfq.json
22:42:10 [DEBUG] strategies: [主力建仓] 300035 验证通过 | 验证通过 | 来源: AKShare
22:42:10 [INFO] bt_data: [数据] 002755 使用本地缓存 002755_2025-12-02_2026-04-01_qfq.json
22:42:10 [DEBUG] strategies: [主力建仓] 002755 验证通过 | 验证通过 | 来源: AKShare
22:42:10 [INFO] bt_data: [数据] 603876 使用本地缓存 603876_2025-12-02_2026-04-01_qfq.json
22:42:10 [DEBUG] strategies: [主力建仓] 603876 验证通过 | 验证通过 | 来源: AKShare
22:42:10 [INFO] bt_data: [数据] 600143 使用本地缓存 600143_2025-12-02_2026-04-01_qfq.json
22:42:10 [DEBUG] strategies: [主力建仓] 600143 验证通过 | 验证通过 | 来源: AKShare
22:42:10 [INFO] bt_data: [数据] 001696 使用本地缓存 001696_2025-12-02_2026-04-01_qfq.json
22:42:10 [DEBUG] strategies: [主力建仓] 001696 验证通过 | 验证通过 | 来源: AKShare
22:42:10 [INFO] bt_data: [数据] 601020 使用本地缓存 601020_2025-12-02_2026-04-01_qfq.json
22:42:10 [DEBUG] strategies: [主力建仓] 601020 验证通过 | 验证通过 | 来源: AKShare
22:42:10 [INFO] bt_data: [数据] 002402 使用本地缓存 002402_2025-12-02_2026-04-01_qfq.json
22:42:10 [DEBUG] strategies: [主力建仓] 002402 验证通过 | 验证通过 | 来源: AKShare
22:42:10 [INFO] bt_data: [数据] 003010 使用本地缓存 003010_2025-12-02_2026-04-01_qfq.json
22:42:10 [DEBUG] strategies: [主力建仓] 003010 验证通过 | 验证通过 | 来源: AKShare
22:42:10 [INFO] bt_data: [数据] 600497 使用本地缓存 600497_2025-12-02_2026-04-01_qfq.json
22:42:10 [DEBUG] strategies: [主力建仓] 600497 验证通过 | 验证通过 | 来源: AKShare
22:42:10 [INFO] bt_data: [数据] 002203 使用本地缓存 002203_2025-12-02_2026-04-01_qfq.json
22:42:10 [DEBUG] strategies: [主力建仓] 002203 验证通过 | 验证通过 | 来源: AKShare
22:42:10 [INFO] bt_data: [数据] 002957 使用本地缓存 002957_2025-12-02_2026-04-01_qfq.json
22:42:10 [DEBUG] strategies: [主力建仓] 002957 验证通过 | 验证通过 | 来源: AKShare
22:42:10 [INFO] bt_data: [数据] 600595 使用本地缓存 600595_2025-12-02_2026-04-01_qfq.json
22:42:10 [DEBUG] strategies: [主力建仓] 600595 验证通过 | 验证通过 | 来源: AKShare
22:42:10 [INFO] bt_data: [数据] 300409 使用本地缓存 300409_2025-12-02_2026-04-01_qfq.json
22:42:10 [DEBUG] strategies: [主力建仓] 300409 验证通过 | 验证通过 | 来源: AKShare
22:42:10 [INFO] bt_data: [数据] 600686 使用本地缓存 600686_2025-12-02_2026-04-01_qfq.json
22:42:10 [DEBUG] strategies: [主力建仓] 600686 验证通过 | 验证通过 | 来源: AKShare
22:42:10 [INFO] bt_data: [数据] 300201 使用本地缓存 300201_2025-12-02_2026-04-01_qfq.json
22:42:10 [DEBUG] strategies: [主力建仓] 300201 验证通过 | 验证通过 | 来源: AKShare
22:42:10 [INFO] bt_data: [数据] 002396 使用本地缓存 002396_2025-12-02_2026-04-01_qfq.json
22:42:10 [DEBUG] strategies: [主力建仓] 002396 验证通过 | 验证通过 | 来源: AKShare
22:42:10 [INFO] bt_data: [数据] 600166 使用本地缓存 600166_2025-12-02_2026-04-01_qfq.json
22:42:10 [DEBUG] strategies: [主力建仓] 600166 验证通过 | 验证通过 | 来源: AKShare
22:42:10 [INFO] bt_data: [数据] 300602 使用本地缓存 300602_2025-12-02_2026-04-01_qfq.json
22:42:10 [DEBUG] strategies: [主力建仓] 300602 验证通过 | 验证通过 | 来源: AKShare
22:42:10 [INFO] bt_data: [数据] 688006 使用本地缓存 688006_2025-12-02_2026-04-01_qfq.json
22:42:10 [DEBUG] strategies: [主力建仓] 688006 验证通过 | 验证通过 | 来源: AKShare
22:42:10 [INFO] bt_data: [数据] 002171 使用本地缓存 002171_2025-12-02_2026-04-01_qfq.json
22:42:10 [DEBUG] strategies: [主力建仓] 002171 验证通过 | 验证通过 | 来源: AKShare
22:42:10 [INFO] bt_data: [数据] 002250 使用本地缓存 002250_2025-12-02_2026-04-01_qfq.json
22:42:10 [DEBUG] strategies: [主力建仓] 002250 验证通过 | 验证通过 | 来源: AKShare
22:42:10 [INFO] bt_data: [数据] 002440 使用本地缓存 002440_2025-12-02_2026-04-01_qfq.json
22:42:10 [DEBUG] strategies: [主力建仓] 002440 验证通过 | 验证通过 | 来源: AKShare
22:42:10 [INFO] bt_data: [数据] 002545 使用本地缓存 002545_2025-12-02_2026-04-01_qfq.json
22:42:10 [DEBUG] strategies: [主力建仓] 002545 验证通过 | 验证通过 | 来源: AKShare
22:42:10 [INFO] bt_data: [数据] 688136 使用本地缓存 688136_2025-12-02_2026-04-01_qfq.json
22:42:10 [DEBUG] strategies: [主力建仓] 688136 验证通过 | 验证通过 | 来源: AKShare
22:42:10 [INFO] bt_data: [数据] 002237 使用本地缓存 002237_2025-12-02_2026-04-01_qfq.json
22:42:10 [DEBUG] strategies: [主力建仓] 002237 验证通过 | 验证通过 | 来源: AKShare
22:42:10 [INFO] bt_data: [数据] 002734 使用本地缓存 002734_2025-12-02_2026-04-01_qfq.json
22:42:10 [DEBUG] strategies: [主力建仓] 002734 验证通过 | 验证通过 | 来源: AKShare
22:42:10 [INFO] bt_data: [数据] 002928 使用本地缓存 002928_2025-12-02_2026-04-01_qfq.json
22:42:10 [DEBUG] strategies: [主力建仓] 002928 验证通过 | 验证通过 | 来源: AKShare
22:42:10 [INFO] bt_data: [数据] 000600 使用本地缓存 000600_2025-12-02_2026-04-01_qfq.json
22:42:10 [DEBUG] strategies: [主力建仓] 000600 验证通过 | 验证通过 | 来源: AKShare
22:42:10 [INFO] bt_data: [数据] 603890 使用本地缓存 603890_2025-12-02_2026-04-01_qfq.json
22:42:10 [DEBUG] strategies: [主力建仓] 603890 验证通过 | 验证通过 | 来源: AKShare
22:42:10 [INFO] bt_data: [数据] 002553 使用本地缓存 002553_2025-12-02_2026-04-01_qfq.json
22:42:10 [DEBUG] strategies: [主力建仓] 002553 验证通过 | 验证通过 | 来源: AKShare
22:42:10 [INFO] bt_data: [数据] 002824 使用本地缓存 002824_2025-12-02_2026-04-01_qfq.json
22:42:10 [DEBUG] strategies: [主力建仓] 002824 验证通过 | 验证通过 | 来源: AKShare
22:42:10 [INFO] bt_data: [数据] 600685 使用本地缓存 600685_2025-12-02_2026-04-01_qfq.json
22:42:10 [DEBUG] strategies: [主力建仓] 600685 验证通过 | 验证通过 | 来源: AKShare
22:42:10 [INFO] bt_data: [数据] 600389 使用本地缓存 600389_2025-12-02_2026-04-01_qfq.json
22:42:10 [DEBUG] strategies: [主力建仓] 600389 验证通过 | 验证通过 | 来源: AKShare
22:42:10 [INFO] bt_data: [数据] 600429 使用本地缓存 600429_2025-12-02_2026-04-01_qfq.json
22:42:10 [DEBUG] strategies: [主力建仓] 600429 验证通过 | 验证通过 | 来源: AKShare
22:42:10 [INFO] bt_data: [数据] 300772 使用本地缓存 300772_2025-12-02_2026-04-01_qfq.json
22:42:10 [DEBUG] strategies: [主力建仓] 300772 验证通过 | 验证通过 | 来源: AKShare
22:42:10 [INFO] bt_data: [数据] 603612 使用本地缓存 603612_2025-12-02_2026-04-01_qfq.json
22:42:10 [DEBUG] strategies: [主力建仓] 603612 验证通过 | 验证通过 | 来源: AKShare
22:42:10 [INFO] bt_data: [数据] 002448 使用本地缓存 002448_2025-12-02_2026-04-01_qfq.json
22:42:10 [DEBUG] strategies: [主力建仓] 002448 验证通过 | 验证通过 | 来源: AKShare
22:42:10 [INFO] bt_data: [数据] 601162 使用本地缓存 601162_2025-12-02_2026-04-01_qfq.json
22:42:10 [DEBUG] strategies: [主力建仓] 601162 验证通过 | 验证通过 | 来源: AKShare
22:42:10 [INFO] bt_data: [数据] 601636 使用本地缓存 601636_2025-12-02_2026-04-01_qfq.json
22:42:10 [DEBUG] strategies: [主力建仓] 601636 验证通过 | 验证通过 | 来源: AKShare
22:42:10 [INFO] bt_data: [数据] 002170 使用本地缓存 002170_2025-12-02_2026-04-01_qfq.json
22:42:10 [DEBUG] strategies: [主力建仓] 002170 验证通过 | 验证通过 | 来源: AKShare
22:42:10 [INFO] bt_data: [数据] 300041 使用本地缓存 300041_2025-12-02_2026-04-01_qfq.json
22:42:10 [DEBUG] strategies: [主力建仓] 300041 验证通过 | 验证通过 | 来源: AKShare
22:42:10 [INFO] bt_data: [数据] 301235 使用本地缓存 301235_2025-12-02_2026-04-01_qfq.json
22:42:10 [DEBUG] strategies: [主力建仓] 301235 验证通过 | 验证通过 | 来源: AKShare
22:42:10 [INFO] bt_data: [数据] 300611 使用本地缓存 300611_2025-12-02_2026-04-01_qfq.json
22:42:10 [DEBUG] strategies: [主力建仓] 300611 验证通过 | 验证通过 | 来源: AKShare
22:42:10 [INFO] bt_data: [数据] 002010 使用本地缓存 002010_2025-12-02_2026-04-01_qfq.json
22:42:10 [DEBUG] strategies: [主力建仓] 002010 验证通过 | 验证通过 | 来源: AKShare
22:42:10 [INFO] bt_data: [数据] 688518 使用本地缓存 688518_2025-12-02_2026-04-01_qfq.json
22:42:10 [DEBUG] strategies: [主力建仓] 688518 验证通过 | 验证通过 | 来源: AKShare
22:42:10 [INFO] bt_data: [数据] 605020 使用本地缓存 605020_2025-12-02_2026-04-01_qfq.json
22:42:10 [DEBUG] strategies: [主力建仓] 605020 验证通过 | 验证通过 | 来源: AKShare
22:42:10 [INFO] bt_data: [数据] 688639 使用本地缓存 688639_2025-12-02_2026-04-01_qfq.json
22:42:10 [DEBUG] strategies: [主力建仓] 688639 验证通过 | 验证通过 | 来源: AKShare
22:42:10 [INFO] bt_data: [数据] 688117 使用本地缓存 688117_2025-12-02_2026-04-01_qfq.json
22:42:10 [DEBUG] strategies: [主力建仓] 688117 验证通过 | 验证通过 | 来源: AKShare
22:42:10 [INFO] bt_data: [数据] 300702 使用本地缓存 300702_2025-12-02_2026-04-01_qfq.json
22:42:10 [DEBUG] strategies: [主力建仓] 300702 验证通过 | 验证通过 | 来源: AKShare
22:42:10 [INFO] bt_data: [数据] 301607 使用本地缓存 301607_2025-12-02_2026-04-01_qfq.json
22:42:10 [DEBUG] strategies: [主力建仓] 301607 验证通过 | 验证通过 | 来源: AKShare
22:42:10 [INFO] bt_data: [数据] 603969 使用本地缓存 603969_2025-12-02_2026-04-01_qfq.json
22:42:10 [DEBUG] strategies: [主力建仓] 603969 验证通过 | 验证通过 | 来源: AKShare
22:42:10 [INFO] bt_data: [数据] 603997 使用本地缓存 603997_2025-12-02_2026-04-01_qfq.json
22:42:10 [DEBUG] strategies: [主力建仓] 603997 验证通过 | 验证通过 | 来源: AKShare
22:42:10 [INFO] bt_data: [数据] 002637 使用本地缓存 002637_2025-12-02_2026-04-01_qfq.json
22:42:10 [DEBUG] strategies: [主力建仓] 002637 验证通过 | 验证通过 | 来源: AKShare
22:42:10 [INFO] bt_data: [数据] 002209 使用本地缓存 002209_2025-12-02_2026-04-01_qfq.json
22:42:10 [DEBUG] strategies: [主力建仓] 002209 验证通过 | 验证通过 | 来源: AKShare
22:42:10 [INFO] bt_data: [数据] 002511 使用本地缓存 002511_2025-12-02_2026-04-01_qfq.json
22:42:10 [DEBUG] strategies: [主力建仓] 002511 验证通过 | 验证通过 | 来源: AKShare
22:42:10 [INFO] bt_data: [数据] 000876 使用本地缓存 000876_2025-12-02_2026-04-01_qfq.json
22:42:10 [DEBUG] strategies: [主力建仓] 000876 验证通过 | 验证通过 | 来源: AKShare
22:42:10 [INFO] bt_data: [数据] 002006 使用本地缓存 002006_2025-12-02_2026-04-01_qfq.json
22:42:10 [DEBUG] strategies: [主力建仓] 002006 验证通过 | 验证通过 | 来源: AKShare
22:42:10 [INFO] bt_data: [数据] 301078 使用本地缓存 301078_2025-12-02_2026-04-01_qfq.json
22:42:10 [DEBUG] strategies: [主力建仓] 301078 验证通过 | 验证通过 | 来源: AKShare
22:42:10 [INFO] bt_data: [数据] 000935 使用本地缓存 000935_2025-12-02_2026-04-01_qfq.json
22:42:10 [DEBUG] strategies: [主力建仓] 000935 验证通过 | 验证通过 | 来源: AKShare
22:42:10 [INFO] bt_data: [数据] 300681 使用本地缓存 300681_2025-12-02_2026-04-01_qfq.json
22:42:10 [DEBUG] strategies: [主力建仓] 300681 验证通过 | 验证通过 | 来源: AKShare
22:42:10 [INFO] bt_data: [数据] 688410 使用本地缓存 688410_2025-12-02_2026-04-01_qfq.json
22:42:10 [DEBUG] strategies: [主力建仓] 688410 验证通过 | 验证通过 | 来源: AKShare
22:42:10 [INFO] bt_data: [数据] 301220 使用本地缓存 301220_2025-12-02_2026-04-01_qfq.json
22:42:10 [DEBUG] strategies: [主力建仓] 301220 验证通过 | 验证通过 | 来源: AKShare
22:42:10 [INFO] bt_data: [数据] 300473 使用本地缓存 300473_2025-12-02_2026-04-01_qfq.json
22:42:10 [DEBUG] strategies: [主力建仓] 300473 验证通过 | 验证通过 | 来源: AKShare
22:42:10 [INFO] bt_data: [数据] 300790 使用本地缓存 300790_2025-12-02_2026-04-01_qfq.json
22:42:10 [DEBUG] strategies: [主力建仓] 300790 验证通过 | 验证通过 | 来源: AKShare
22:42:10 [INFO] bt_data: [数据] 001288 使用本地缓存 001288_2025-12-02_2026-04-01_qfq.json
22:42:10 [DEBUG] strategies: [主力建仓] 001288 验证通过 | 验证通过 | 来源: AKShare
22:42:10 [INFO] bt_data: [数据] 603162 使用本地缓存 603162_2025-12-02_2026-04-01_qfq.json
22:42:10 [DEBUG] strategies: [主力建仓] 603162 验证通过 | 验证通过 | 来源: AKShare
22:42:10 [INFO] bt_data: [数据] 600251 使用本地缓存 600251_2025-12-02_2026-04-01_qfq.json
22:42:10 [DEBUG] strategies: [主力建仓] 600251 验证通过 | 验证通过 | 来源: AKShare
22:42:10 [INFO] bt_data: [数据] 000803 使用本地缓存 000803_2025-12-02_2026-04-01_qfq.json
22:42:10 [DEBUG] strategies: [主力建仓] 000803 验证通过 | 验证通过 | 来源: AKShare
22:42:10 [INFO] bt_data: [数据] 003002 使用本地缓存 003002_2025-12-02_2026-04-01_qfq.json
22:42:10 [DEBUG] strategies: [主力建仓] 003002 验证通过 | 验证通过 | 来源: AKShare
22:42:10 [INFO] bt_data: [数据] 300132 使用本地缓存 300132_2025-12-02_2026-04-01_qfq.json
22:42:10 [DEBUG] strategies: [主力建仓] 300132 验证通过 | 验证通过 | 来源: AKShare
22:42:10 [INFO] bt_data: [数据] 600576 使用本地缓存 600576_2025-12-02_2026-04-01_qfq.json
22:42:10 [DEBUG] strategies: [主力建仓] 600576 验证通过 | 验证通过 | 来源: AKShare
22:42:10 [INFO] bt_data: [数据] 002225 使用本地缓存 002225_2025-12-02_2026-04-01_qfq.json
22:42:10 [DEBUG] strategies: [主力建仓] 002225 验证通过 | 验证通过 | 来源: AKShare
22:42:10 [INFO] bt_data: [数据] 300940 使用本地缓存 300940_2025-12-02_2026-04-01_qfq.json
22:42:10 [DEBUG] strategies: [主力建仓] 300940 验证通过 | 验证通过 | 来源: AKShare
22:42:10 [INFO] bt_data: [数据] 003011 使用本地缓存 003011_2025-12-02_2026-04-01_qfq.json
22:42:10 [DEBUG] strategies: [主力建仓] 003011 验证通过 | 验证通过 | 来源: AKShare
22:42:10 [INFO] bt_data: [数据] 300644 使用本地缓存 300644_2025-12-02_2026-04-01_qfq.json
22:42:10 [DEBUG] strategies: [主力建仓] 300644 验证通过 | 验证通过 | 来源: AKShare
22:42:10 [INFO] bt_data: [数据] 600195 使用本地缓存 600195_2025-12-02_2026-04-01_qfq.json
22:42:10 [DEBUG] strategies: [主力建仓] 600195 验证通过 | 验证通过 | 来源: AKShare
22:42:10 [INFO] bt_data: [数据] 301161 使用本地缓存 301161_2025-12-02_2026-04-01_qfq.json
22:42:10 [DEBUG] strategies: [主力建仓] 301161 验证通过 | 验证通过 | 来源: AKShare
22:42:10 [INFO] bt_data: [数据] 000576 使用本地缓存 000576_2025-12-02_2026-04-01_qfq.json
22:42:10 [DEBUG] strategies: [主力建仓] 000576 验证通过 | 验证通过 | 来源: AKShare
22:42:10 [INFO] bt_data: [数据] 001228 使用本地缓存 001228_2025-12-02_2026-04-01_qfq.json
22:42:10 [DEBUG] strategies: [主力建仓] 001228 验证通过 | 验证通过 | 来源: AKShare
22:42:10 [INFO] bt_data: [数据] 603081 使用本地缓存 603081_2025-12-02_2026-04-01_qfq.json
22:42:10 [DEBUG] strategies: [主力建仓] 603081 验证通过 | 验证通过 | 来源: AKShare
22:42:10 [INFO] bt_data: [数据] 003017 使用本地缓存 003017_2025-12-02_2026-04-01_qfq.json
22:42:10 [DEBUG] strategies: [主力建仓] 003017 验证通过 | 验证通过 | 来源: AKShare
22:42:10 [INFO] bt_data: [数据] 002688 使用本地缓存 002688_2025-12-02_2026-04-01_qfq.json
22:42:10 [DEBUG] strategies: [主力建仓] 002688 验证通过 | 验证通过 | 来源: AKShare
22:42:10 [INFO] bt_data: [数据] 600983 使用本地缓存 600983_2025-12-02_2026-04-01_qfq.json
22:42:10 [DEBUG] strategies: [主力建仓] 600983 验证通过 | 验证通过 | 来源: AKShare
22:42:10 [INFO] bt_data: [数据] 688379 使用本地缓存 688379_2025-12-02_2026-04-01_qfq.json
22:42:10 [DEBUG] strategies: [主力建仓] 688379 验证通过 | 验证通过 | 来源: AKShare
22:42:10 [INFO] bt_data: [数据] 301381 使用本地缓存 301381_2025-12-02_2026-04-01_qfq.json
22:42:10 [DEBUG] strategies: [主力建仓] 301381 验证通过 | 验证通过 | 来源: AKShare
22:42:10 [INFO] bt_data: [数据] 300967 使用本地缓存 300967_2025-12-02_2026-04-01_qfq.json
22:42:10 [DEBUG] strategies: [主力建仓] 300967 验证通过 | 验证通过 | 来源: AKShare
22:42:10 [INFO] bt_data: [数据] 603313 使用本地缓存 603313_2025-12-02_2026-04-01_qfq.json
22:42:10 [DEBUG] strategies: [主力建仓] 603313 验证通过 | 验证通过 | 来源: AKShare
22:42:10 [INFO] bt_data: [数据] 603566 使用本地缓存 603566_2025-12-02_2026-04-01_qfq.json
22:42:10 [DEBUG] strategies: [主力建仓] 603566 验证通过 | 验证通过 | 来源: AKShare
22:42:10 [INFO] bt_data: [数据] 688557 使用本地缓存 688557_2025-12-02_2026-04-01_qfq.json
22:42:10 [DEBUG] strategies: [主力建仓] 688557 验证通过 | 验证通过 | 来源: AKShare
22:42:10 [INFO] bt_data: [数据] 688600 使用本地缓存 688600_2025-12-02_2026-04-01_qfq.json
22:42:10 [DEBUG] strategies: [主力建仓] 688600 验证通过 | 验证通过 | 来源: AKShare
22:42:10 [INFO] bt_data: [数据] 301283 使用本地缓存 301283_2025-12-02_2026-04-01_qfq.json
22:42:10 [DEBUG] strategies: [主力建仓] 301283 验证通过 | 验证通过 | 来源: AKShare
22:42:10 [INFO] bt_data: [数据] 603151 使用本地缓存 603151_2025-12-02_2026-04-01_qfq.json
22:42:10 [DEBUG] strategies: [主力建仓] 603151 验证通过 | 验证通过 | 来源: AKShare
22:42:10 [INFO] bt_data: [数据] 603506 使用本地缓存 603506_2025-12-02_2026-04-01_qfq.json
22:42:10 [DEBUG] strategies: [主力建仓] 603506 验证通过 | 验证通过 | 来源: AKShare
22:42:10 [INFO] bt_data: [数据] 601968 使用本地缓存 601968_2025-12-02_2026-04-01_qfq.json
22:42:10 [DEBUG] strategies: [主力建仓] 601968 验证通过 | 验证通过 | 来源: AKShare
22:42:10 [INFO] bt_data: [数据] 688162 使用本地缓存 688162_2025-12-02_2026-04-01_qfq.json
22:42:10 [DEBUG] strategies: [主力建仓] 688162 验证通过 | 验证通过 | 来源: AKShare
22:42:10 [INFO] bt_data: [数据] 301356 使用本地缓存 301356_2025-12-02_2026-04-01_qfq.json
22:42:10 [DEBUG] strategies: [主力建仓] 301356 验证通过 | 验证通过 | 来源: AKShare
22:42:10 [INFO] bt_data: [数据] 688269 使用本地缓存 688269_2025-12-02_2026-04-01_qfq.json
22:42:10 [DEBUG] strategies: [主力建仓] 688269 验证通过 | 验证通过 | 来源: AKShare
22:42:10 [INFO] bt_data: [数据] 603101 使用本地缓存 603101_2025-12-02_2026-04-01_qfq.json
22:42:10 [DEBUG] strategies: [主力建仓] 603101 验证通过 | 验证通过 | 来源: AKShare
22:42:10 [INFO] bt_data: [数据] 688501 使用本地缓存 688501_2025-12-02_2026-04-01_qfq.json
22:42:10 [DEBUG] strategies: [主力建仓] 688501 验证通过 | 验证通过 | 来源: AKShare
22:42:10 [INFO] bt_data: [数据] 301446 使用本地缓存 301446_2025-12-02_2026-04-01_qfq.json
22:42:10 [DEBUG] strategies: [主力建仓] 301446 验证通过 | 验证通过 | 来源: AKShare
22:42:10 [INFO] bt_data: [数据] 688665 使用本地缓存 688665_2025-12-02_2026-04-01_qfq.json
22:42:10 [DEBUG] strategies: [主力建仓] 688665 验证通过 | 验证通过 | 来源: AKShare
22:42:10 [INFO] daily_scan: [日扫描] 命中 BUY=0 WATCH=24
22:42:10 [INFO] daily_scan:   WATCH 600867 通化东宝 信号日=2026-03-27
22:42:10 [INFO] daily_scan:   WATCH 002755 奥赛康 信号日=2026-03-27
22:42:10 [INFO] daily_scan:   WATCH 600143 金发科技 信号日=2026-04-01
22:42:10 [INFO] daily_scan:   WATCH 002402 和而泰 信号日=2026-03-31
22:42:10 [INFO] daily_scan:   WATCH 003010 若羽臣 信号日=2026-03-27
22:42:10 [INFO] push: [企业微信] 成功: {'errcode': 0, 'errmsg': 'ok'}
22:42:10 [INFO] push: [推送] 完成 1/1 渠道成功
22:42:10 [INFO] daily_scan: [日扫描] 推送完成: 1/1 渠道成功
22:42:10 [INFO] scan_dao: [scan_dao] major_capital_accumulation 写入 24 条扫描结果
22:42:10 [INFO] daily_scan: [日扫描] Web 状态已更新并持久化 | BUY=0 WATCH=24
22:47:24 [INFO] mysql: [MySQL] 连接池已关闭
22:47:24 [INFO] web_app: [App] 调度器+连接池已停止
22:47:26 [INFO] mysql: [MySQL] 创建连接池...
22:47:26 [INFO] mysql: [MySQL] 连接池就绪，表结构已检查
22:47:26 [INFO] migrate: [迁移] scan_results.json 不存在，跳过
22:47:26 [INFO] migrate: [迁移] backtest_results.json 不存在，跳过
22:47:26 [INFO] migrate: [迁移] schedule_config: enabled=True
22:47:26 [INFO] migrate: [迁移] 全部完成
22:47:26 [INFO] web_app: [App] MySQL 就绪，已恢复扫描数据
22:47:26 [INFO] web_app: [App] 调度器已启动
22:47:26 [INFO] web_app: [调度器] 启动
22:49:09 [INFO] daily_scan: [日扫描] 开始 手动 主力建仓选股 @ 2026-04-01 22:49
22:49:09 [INFO] screener: [选股] 使用缓存结果 (111只, 2026-04-01T22:42:10.273738, screen_c467a87f.json)
22:49:09 [INFO] daily_scan: [日扫描] 初筛候选股 111 只
22:49:09 [INFO] bt_data: [数据] 002015 使用本地缓存 002015_2025-12-02_2026-04-01_qfq.json
22:49:09 [DEBUG] strategies: [主力建仓] 002015 验证通过 | 验证通过 | 来源: AKShare
22:49:09 [INFO] bt_data: [数据] 600711 使用本地缓存 600711_2025-12-02_2026-04-01_qfq.json
22:49:09 [DEBUG] strategies: [主力建仓] 600711 验证通过 | 验证通过 | 来源: AKShare
22:49:09 [INFO] bt_data: [数据] 002155 使用本地缓存 002155_2025-12-02_2026-04-01_qfq.json
22:49:09 [DEBUG] strategies: [主力建仓] 002155 验证通过 | 验证通过 | 来源: AKShare
22:49:09 [INFO] bt_data: [数据] 600392 使用本地缓存 600392_2025-12-02_2026-04-01_qfq.json
22:49:09 [DEBUG] strategies: [主力建仓] 600392 验证通过 | 验证通过 | 来源: AKShare
22:49:09 [INFO] bt_data: [数据] 603358 使用本地缓存 603358_2025-12-02_2026-04-01_qfq.json
22:49:09 [DEBUG] strategies: [主力建仓] 603358 验证通过 | 验证通过 | 来源: AKShare
22:49:09 [INFO] bt_data: [数据] 000688 使用本地缓存 000688_2025-12-02_2026-04-01_qfq.json
22:49:09 [DEBUG] strategies: [主力建仓] 000688 验证通过 | 验证通过 | 来源: AKShare
22:49:09 [INFO] bt_data: [数据] 300251 使用本地缓存 300251_2025-12-02_2026-04-01_qfq.json
22:49:09 [DEBUG] strategies: [主力建仓] 300251 验证通过 | 验证通过 | 来源: AKShare
22:49:09 [INFO] bt_data: [数据] 600867 使用本地缓存 600867_2025-12-02_2026-04-01_qfq.json
22:49:09 [DEBUG] strategies: [主力建仓] 600867 验证通过 | 验证通过 | 来源: AKShare
22:49:09 [INFO] bt_data: [数据] 002340 使用本地缓存 002340_2025-12-02_2026-04-01_qfq.json
22:49:09 [DEBUG] strategies: [主力建仓] 002340 验证通过 | 验证通过 | 来源: AKShare
22:49:09 [INFO] bt_data: [数据] 601233 使用本地缓存 601233_2025-12-02_2026-04-01_qfq.json
22:49:09 [DEBUG] strategies: [主力建仓] 601233 验证通过 | 验证通过 | 来源: AKShare
22:49:09 [INFO] bt_data: [数据] 300035 使用本地缓存 300035_2025-12-02_2026-04-01_qfq.json
22:49:09 [DEBUG] strategies: [主力建仓] 300035 验证通过 | 验证通过 | 来源: AKShare
22:49:09 [INFO] bt_data: [数据] 002755 使用本地缓存 002755_2025-12-02_2026-04-01_qfq.json
22:49:09 [DEBUG] strategies: [主力建仓] 002755 验证通过 | 验证通过 | 来源: AKShare
22:49:09 [INFO] bt_data: [数据] 603876 使用本地缓存 603876_2025-12-02_2026-04-01_qfq.json
22:49:09 [DEBUG] strategies: [主力建仓] 603876 验证通过 | 验证通过 | 来源: AKShare
22:49:09 [INFO] bt_data: [数据] 600143 使用本地缓存 600143_2025-12-02_2026-04-01_qfq.json
22:49:09 [DEBUG] strategies: [主力建仓] 600143 验证通过 | 验证通过 | 来源: AKShare
22:49:09 [INFO] bt_data: [数据] 001696 使用本地缓存 001696_2025-12-02_2026-04-01_qfq.json
22:49:09 [DEBUG] strategies: [主力建仓] 001696 验证通过 | 验证通过 | 来源: AKShare
22:49:09 [INFO] bt_data: [数据] 601020 使用本地缓存 601020_2025-12-02_2026-04-01_qfq.json
22:49:09 [DEBUG] strategies: [主力建仓] 601020 验证通过 | 验证通过 | 来源: AKShare
22:49:09 [INFO] bt_data: [数据] 002402 使用本地缓存 002402_2025-12-02_2026-04-01_qfq.json
22:49:09 [DEBUG] strategies: [主力建仓] 002402 验证通过 | 验证通过 | 来源: AKShare
22:49:09 [INFO] bt_data: [数据] 003010 使用本地缓存 003010_2025-12-02_2026-04-01_qfq.json
22:49:09 [DEBUG] strategies: [主力建仓] 003010 验证通过 | 验证通过 | 来源: AKShare
22:49:09 [INFO] bt_data: [数据] 600497 使用本地缓存 600497_2025-12-02_2026-04-01_qfq.json
22:49:09 [DEBUG] strategies: [主力建仓] 600497 验证通过 | 验证通过 | 来源: AKShare
22:49:09 [INFO] bt_data: [数据] 002203 使用本地缓存 002203_2025-12-02_2026-04-01_qfq.json
22:49:09 [DEBUG] strategies: [主力建仓] 002203 验证通过 | 验证通过 | 来源: AKShare
22:49:09 [INFO] bt_data: [数据] 002957 使用本地缓存 002957_2025-12-02_2026-04-01_qfq.json
22:49:09 [DEBUG] strategies: [主力建仓] 002957 验证通过 | 验证通过 | 来源: AKShare
22:49:09 [INFO] bt_data: [数据] 600595 使用本地缓存 600595_2025-12-02_2026-04-01_qfq.json
22:49:09 [DEBUG] strategies: [主力建仓] 600595 验证通过 | 验证通过 | 来源: AKShare
22:49:09 [INFO] bt_data: [数据] 300409 使用本地缓存 300409_2025-12-02_2026-04-01_qfq.json
22:49:09 [DEBUG] strategies: [主力建仓] 300409 验证通过 | 验证通过 | 来源: AKShare
22:49:09 [INFO] bt_data: [数据] 600686 使用本地缓存 600686_2025-12-02_2026-04-01_qfq.json
22:49:09 [DEBUG] strategies: [主力建仓] 600686 验证通过 | 验证通过 | 来源: AKShare
22:49:09 [INFO] bt_data: [数据] 300201 使用本地缓存 300201_2025-12-02_2026-04-01_qfq.json
22:49:09 [DEBUG] strategies: [主力建仓] 300201 验证通过 | 验证通过 | 来源: AKShare
22:49:09 [INFO] bt_data: [数据] 002396 使用本地缓存 002396_2025-12-02_2026-04-01_qfq.json
22:49:09 [DEBUG] strategies: [主力建仓] 002396 验证通过 | 验证通过 | 来源: AKShare
22:49:09 [INFO] bt_data: [数据] 600166 使用本地缓存 600166_2025-12-02_2026-04-01_qfq.json
22:49:09 [DEBUG] strategies: [主力建仓] 600166 验证通过 | 验证通过 | 来源: AKShare
22:49:09 [INFO] bt_data: [数据] 300602 使用本地缓存 300602_2025-12-02_2026-04-01_qfq.json
22:49:09 [DEBUG] strategies: [主力建仓] 300602 验证通过 | 验证通过 | 来源: AKShare
22:49:09 [INFO] bt_data: [数据] 688006 使用本地缓存 688006_2025-12-02_2026-04-01_qfq.json
22:49:09 [DEBUG] strategies: [主力建仓] 688006 验证通过 | 验证通过 | 来源: AKShare
22:49:09 [INFO] bt_data: [数据] 002171 使用本地缓存 002171_2025-12-02_2026-04-01_qfq.json
22:49:09 [DEBUG] strategies: [主力建仓] 002171 验证通过 | 验证通过 | 来源: AKShare
22:49:09 [INFO] bt_data: [数据] 002250 使用本地缓存 002250_2025-12-02_2026-04-01_qfq.json
22:49:09 [DEBUG] strategies: [主力建仓] 002250 验证通过 | 验证通过 | 来源: AKShare
22:49:09 [INFO] bt_data: [数据] 002440 使用本地缓存 002440_2025-12-02_2026-04-01_qfq.json
22:49:09 [DEBUG] strategies: [主力建仓] 002440 验证通过 | 验证通过 | 来源: AKShare
22:49:09 [INFO] bt_data: [数据] 002545 使用本地缓存 002545_2025-12-02_2026-04-01_qfq.json
22:49:09 [DEBUG] strategies: [主力建仓] 002545 验证通过 | 验证通过 | 来源: AKShare
22:49:09 [INFO] bt_data: [数据] 688136 使用本地缓存 688136_2025-12-02_2026-04-01_qfq.json
22:49:09 [DEBUG] strategies: [主力建仓] 688136 验证通过 | 验证通过 | 来源: AKShare
22:49:09 [INFO] bt_data: [数据] 002237 使用本地缓存 002237_2025-12-02_2026-04-01_qfq.json
22:49:09 [DEBUG] strategies: [主力建仓] 002237 验证通过 | 验证通过 | 来源: AKShare
22:49:09 [INFO] bt_data: [数据] 002734 使用本地缓存 002734_2025-12-02_2026-04-01_qfq.json
22:49:09 [DEBUG] strategies: [主力建仓] 002734 验证通过 | 验证通过 | 来源: AKShare
22:49:09 [INFO] bt_data: [数据] 002928 使用本地缓存 002928_2025-12-02_2026-04-01_qfq.json
22:49:09 [DEBUG] strategies: [主力建仓] 002928 验证通过 | 验证通过 | 来源: AKShare
22:49:09 [INFO] bt_data: [数据] 000600 使用本地缓存 000600_2025-12-02_2026-04-01_qfq.json
22:49:09 [DEBUG] strategies: [主力建仓] 000600 验证通过 | 验证通过 | 来源: AKShare
22:49:09 [INFO] bt_data: [数据] 603890 使用本地缓存 603890_2025-12-02_2026-04-01_qfq.json
22:49:09 [DEBUG] strategies: [主力建仓] 603890 验证通过 | 验证通过 | 来源: AKShare
22:49:09 [INFO] bt_data: [数据] 002553 使用本地缓存 002553_2025-12-02_2026-04-01_qfq.json
22:49:09 [DEBUG] strategies: [主力建仓] 002553 验证通过 | 验证通过 | 来源: AKShare
22:49:09 [INFO] bt_data: [数据] 002824 使用本地缓存 002824_2025-12-02_2026-04-01_qfq.json
22:49:09 [DEBUG] strategies: [主力建仓] 002824 验证通过 | 验证通过 | 来源: AKShare
22:49:09 [INFO] bt_data: [数据] 600685 使用本地缓存 600685_2025-12-02_2026-04-01_qfq.json
22:49:09 [DEBUG] strategies: [主力建仓] 600685 验证通过 | 验证通过 | 来源: AKShare
22:49:09 [INFO] bt_data: [数据] 600389 使用本地缓存 600389_2025-12-02_2026-04-01_qfq.json
22:49:09 [DEBUG] strategies: [主力建仓] 600389 验证通过 | 验证通过 | 来源: AKShare
22:49:09 [INFO] bt_data: [数据] 600429 使用本地缓存 600429_2025-12-02_2026-04-01_qfq.json
22:49:09 [DEBUG] strategies: [主力建仓] 600429 验证通过 | 验证通过 | 来源: AKShare
22:49:09 [INFO] bt_data: [数据] 300772 使用本地缓存 300772_2025-12-02_2026-04-01_qfq.json
22:49:09 [DEBUG] strategies: [主力建仓] 300772 验证通过 | 验证通过 | 来源: AKShare
22:49:09 [INFO] bt_data: [数据] 603612 使用本地缓存 603612_2025-12-02_2026-04-01_qfq.json
22:49:09 [DEBUG] strategies: [主力建仓] 603612 验证通过 | 验证通过 | 来源: AKShare
22:49:09 [INFO] bt_data: [数据] 002448 使用本地缓存 002448_2025-12-02_2026-04-01_qfq.json
22:49:09 [DEBUG] strategies: [主力建仓] 002448 验证通过 | 验证通过 | 来源: AKShare
22:49:09 [INFO] bt_data: [数据] 601162 使用本地缓存 601162_2025-12-02_2026-04-01_qfq.json
22:49:09 [DEBUG] strategies: [主力建仓] 601162 验证通过 | 验证通过 | 来源: AKShare
22:49:09 [INFO] bt_data: [数据] 601636 使用本地缓存 601636_2025-12-02_2026-04-01_qfq.json
22:49:09 [DEBUG] strategies: [主力建仓] 601636 验证通过 | 验证通过 | 来源: AKShare
22:49:09 [INFO] bt_data: [数据] 002170 使用本地缓存 002170_2025-12-02_2026-04-01_qfq.json
22:49:09 [DEBUG] strategies: [主力建仓] 002170 验证通过 | 验证通过 | 来源: AKShare
22:49:09 [INFO] bt_data: [数据] 300041 使用本地缓存 300041_2025-12-02_2026-04-01_qfq.json
22:49:09 [DEBUG] strategies: [主力建仓] 300041 验证通过 | 验证通过 | 来源: AKShare
22:49:09 [INFO] bt_data: [数据] 301235 使用本地缓存 301235_2025-12-02_2026-04-01_qfq.json
22:49:09 [DEBUG] strategies: [主力建仓] 301235 验证通过 | 验证通过 | 来源: AKShare
22:49:09 [INFO] bt_data: [数据] 300611 使用本地缓存 300611_2025-12-02_2026-04-01_qfq.json
22:49:09 [DEBUG] strategies: [主力建仓] 300611 验证通过 | 验证通过 | 来源: AKShare
22:49:09 [INFO] bt_data: [数据] 002010 使用本地缓存 002010_2025-12-02_2026-04-01_qfq.json
22:49:09 [DEBUG] strategies: [主力建仓] 002010 验证通过 | 验证通过 | 来源: AKShare
22:49:09 [INFO] bt_data: [数据] 688518 使用本地缓存 688518_2025-12-02_2026-04-01_qfq.json
22:49:09 [DEBUG] strategies: [主力建仓] 688518 验证通过 | 验证通过 | 来源: AKShare
22:49:09 [INFO] bt_data: [数据] 605020 使用本地缓存 605020_2025-12-02_2026-04-01_qfq.json
22:49:09 [DEBUG] strategies: [主力建仓] 605020 验证通过 | 验证通过 | 来源: AKShare
22:49:09 [INFO] bt_data: [数据] 688639 使用本地缓存 688639_2025-12-02_2026-04-01_qfq.json
22:49:09 [DEBUG] strategies: [主力建仓] 688639 验证通过 | 验证通过 | 来源: AKShare
22:49:09 [INFO] bt_data: [数据] 688117 使用本地缓存 688117_2025-12-02_2026-04-01_qfq.json
22:49:09 [DEBUG] strategies: [主力建仓] 688117 验证通过 | 验证通过 | 来源: AKShare
22:49:10 [INFO] bt_data: [数据] 300702 使用本地缓存 300702_2025-12-02_2026-04-01_qfq.json
22:49:10 [DEBUG] strategies: [主力建仓] 300702 验证通过 | 验证通过 | 来源: AKShare
22:49:10 [INFO] bt_data: [数据] 301607 使用本地缓存 301607_2025-12-02_2026-04-01_qfq.json
22:49:10 [DEBUG] strategies: [主力建仓] 301607 验证通过 | 验证通过 | 来源: AKShare
22:49:10 [INFO] bt_data: [数据] 603969 使用本地缓存 603969_2025-12-02_2026-04-01_qfq.json
22:49:10 [DEBUG] strategies: [主力建仓] 603969 验证通过 | 验证通过 | 来源: AKShare
22:49:10 [INFO] bt_data: [数据] 603997 使用本地缓存 603997_2025-12-02_2026-04-01_qfq.json
22:49:10 [DEBUG] strategies: [主力建仓] 603997 验证通过 | 验证通过 | 来源: AKShare
22:49:10 [INFO] bt_data: [数据] 002637 使用本地缓存 002637_2025-12-02_2026-04-01_qfq.json
22:49:10 [DEBUG] strategies: [主力建仓] 002637 验证通过 | 验证通过 | 来源: AKShare
22:49:10 [INFO] bt_data: [数据] 002209 使用本地缓存 002209_2025-12-02_2026-04-01_qfq.json
22:49:10 [DEBUG] strategies: [主力建仓] 002209 验证通过 | 验证通过 | 来源: AKShare
22:49:10 [INFO] bt_data: [数据] 002511 使用本地缓存 002511_2025-12-02_2026-04-01_qfq.json
22:49:10 [DEBUG] strategies: [主力建仓] 002511 验证通过 | 验证通过 | 来源: AKShare
22:49:10 [INFO] bt_data: [数据] 000876 使用本地缓存 000876_2025-12-02_2026-04-01_qfq.json
22:49:10 [DEBUG] strategies: [主力建仓] 000876 验证通过 | 验证通过 | 来源: AKShare
22:49:10 [INFO] bt_data: [数据] 002006 使用本地缓存 002006_2025-12-02_2026-04-01_qfq.json
22:49:10 [DEBUG] strategies: [主力建仓] 002006 验证通过 | 验证通过 | 来源: AKShare
22:49:10 [INFO] bt_data: [数据] 301078 使用本地缓存 301078_2025-12-02_2026-04-01_qfq.json
22:49:10 [DEBUG] strategies: [主力建仓] 301078 验证通过 | 验证通过 | 来源: AKShare
22:49:10 [INFO] bt_data: [数据] 000935 使用本地缓存 000935_2025-12-02_2026-04-01_qfq.json
22:49:10 [DEBUG] strategies: [主力建仓] 000935 验证通过 | 验证通过 | 来源: AKShare
22:49:10 [INFO] bt_data: [数据] 300681 使用本地缓存 300681_2025-12-02_2026-04-01_qfq.json
22:49:10 [DEBUG] strategies: [主力建仓] 300681 验证通过 | 验证通过 | 来源: AKShare
22:49:10 [INFO] bt_data: [数据] 688410 使用本地缓存 688410_2025-12-02_2026-04-01_qfq.json
22:49:10 [DEBUG] strategies: [主力建仓] 688410 验证通过 | 验证通过 | 来源: AKShare
22:49:10 [INFO] bt_data: [数据] 301220 使用本地缓存 301220_2025-12-02_2026-04-01_qfq.json
22:49:10 [DEBUG] strategies: [主力建仓] 301220 验证通过 | 验证通过 | 来源: AKShare
22:49:10 [INFO] bt_data: [数据] 300473 使用本地缓存 300473_2025-12-02_2026-04-01_qfq.json
22:49:10 [DEBUG] strategies: [主力建仓] 300473 验证通过 | 验证通过 | 来源: AKShare
22:49:10 [INFO] bt_data: [数据] 300790 使用本地缓存 300790_2025-12-02_2026-04-01_qfq.json
22:49:10 [DEBUG] strategies: [主力建仓] 300790 验证通过 | 验证通过 | 来源: AKShare
22:49:10 [INFO] bt_data: [数据] 001288 使用本地缓存 001288_2025-12-02_2026-04-01_qfq.json
22:49:10 [DEBUG] strategies: [主力建仓] 001288 验证通过 | 验证通过 | 来源: AKShare
22:49:10 [INFO] bt_data: [数据] 603162 使用本地缓存 603162_2025-12-02_2026-04-01_qfq.json
22:49:10 [DEBUG] strategies: [主力建仓] 603162 验证通过 | 验证通过 | 来源: AKShare
22:49:10 [INFO] bt_data: [数据] 600251 使用本地缓存 600251_2025-12-02_2026-04-01_qfq.json
22:49:10 [DEBUG] strategies: [主力建仓] 600251 验证通过 | 验证通过 | 来源: AKShare
22:49:10 [INFO] bt_data: [数据] 000803 使用本地缓存 000803_2025-12-02_2026-04-01_qfq.json
22:49:10 [DEBUG] strategies: [主力建仓] 000803 验证通过 | 验证通过 | 来源: AKShare
22:49:10 [INFO] bt_data: [数据] 003002 使用本地缓存 003002_2025-12-02_2026-04-01_qfq.json
22:49:10 [DEBUG] strategies: [主力建仓] 003002 验证通过 | 验证通过 | 来源: AKShare
22:49:10 [INFO] bt_data: [数据] 300132 使用本地缓存 300132_2025-12-02_2026-04-01_qfq.json
22:49:10 [DEBUG] strategies: [主力建仓] 300132 验证通过 | 验证通过 | 来源: AKShare
22:49:10 [INFO] bt_data: [数据] 600576 使用本地缓存 600576_2025-12-02_2026-04-01_qfq.json
22:49:10 [DEBUG] strategies: [主力建仓] 600576 验证通过 | 验证通过 | 来源: AKShare
22:49:10 [INFO] bt_data: [数据] 002225 使用本地缓存 002225_2025-12-02_2026-04-01_qfq.json
22:49:10 [DEBUG] strategies: [主力建仓] 002225 验证通过 | 验证通过 | 来源: AKShare
22:49:10 [INFO] bt_data: [数据] 300940 使用本地缓存 300940_2025-12-02_2026-04-01_qfq.json
22:49:10 [DEBUG] strategies: [主力建仓] 300940 验证通过 | 验证通过 | 来源: AKShare
22:49:10 [INFO] bt_data: [数据] 003011 使用本地缓存 003011_2025-12-02_2026-04-01_qfq.json
22:49:10 [DEBUG] strategies: [主力建仓] 003011 验证通过 | 验证通过 | 来源: AKShare
22:49:10 [INFO] bt_data: [数据] 300644 使用本地缓存 300644_2025-12-02_2026-04-01_qfq.json
22:49:10 [DEBUG] strategies: [主力建仓] 300644 验证通过 | 验证通过 | 来源: AKShare
22:49:10 [INFO] bt_data: [数据] 600195 使用本地缓存 600195_2025-12-02_2026-04-01_qfq.json
22:49:10 [DEBUG] strategies: [主力建仓] 600195 验证通过 | 验证通过 | 来源: AKShare
22:49:10 [INFO] bt_data: [数据] 301161 使用本地缓存 301161_2025-12-02_2026-04-01_qfq.json
22:49:10 [DEBUG] strategies: [主力建仓] 301161 验证通过 | 验证通过 | 来源: AKShare
22:49:10 [INFO] bt_data: [数据] 000576 使用本地缓存 000576_2025-12-02_2026-04-01_qfq.json
22:49:10 [DEBUG] strategies: [主力建仓] 000576 验证通过 | 验证通过 | 来源: AKShare
22:49:10 [INFO] bt_data: [数据] 001228 使用本地缓存 001228_2025-12-02_2026-04-01_qfq.json
22:49:10 [DEBUG] strategies: [主力建仓] 001228 验证通过 | 验证通过 | 来源: AKShare
22:49:10 [INFO] bt_data: [数据] 603081 使用本地缓存 603081_2025-12-02_2026-04-01_qfq.json
22:49:10 [DEBUG] strategies: [主力建仓] 603081 验证通过 | 验证通过 | 来源: AKShare
22:49:10 [INFO] bt_data: [数据] 003017 使用本地缓存 003017_2025-12-02_2026-04-01_qfq.json
22:49:10 [DEBUG] strategies: [主力建仓] 003017 验证通过 | 验证通过 | 来源: AKShare
22:49:10 [INFO] bt_data: [数据] 002688 使用本地缓存 002688_2025-12-02_2026-04-01_qfq.json
22:49:10 [DEBUG] strategies: [主力建仓] 002688 验证通过 | 验证通过 | 来源: AKShare
22:49:10 [INFO] bt_data: [数据] 600983 使用本地缓存 600983_2025-12-02_2026-04-01_qfq.json
22:49:10 [DEBUG] strategies: [主力建仓] 600983 验证通过 | 验证通过 | 来源: AKShare
22:49:10 [INFO] bt_data: [数据] 688379 使用本地缓存 688379_2025-12-02_2026-04-01_qfq.json
22:49:10 [DEBUG] strategies: [主力建仓] 688379 验证通过 | 验证通过 | 来源: AKShare
22:49:10 [INFO] bt_data: [数据] 301381 使用本地缓存 301381_2025-12-02_2026-04-01_qfq.json
22:49:10 [DEBUG] strategies: [主力建仓] 301381 验证通过 | 验证通过 | 来源: AKShare
22:49:10 [INFO] bt_data: [数据] 300967 使用本地缓存 300967_2025-12-02_2026-04-01_qfq.json
22:49:10 [DEBUG] strategies: [主力建仓] 300967 验证通过 | 验证通过 | 来源: AKShare
22:49:10 [INFO] bt_data: [数据] 603313 使用本地缓存 603313_2025-12-02_2026-04-01_qfq.json
22:49:10 [DEBUG] strategies: [主力建仓] 603313 验证通过 | 验证通过 | 来源: AKShare
22:49:10 [INFO] bt_data: [数据] 603566 使用本地缓存 603566_2025-12-02_2026-04-01_qfq.json
22:49:10 [DEBUG] strategies: [主力建仓] 603566 验证通过 | 验证通过 | 来源: AKShare
22:49:10 [INFO] bt_data: [数据] 688557 使用本地缓存 688557_2025-12-02_2026-04-01_qfq.json
22:49:10 [DEBUG] strategies: [主力建仓] 688557 验证通过 | 验证通过 | 来源: AKShare
22:49:10 [INFO] bt_data: [数据] 688600 使用本地缓存 688600_2025-12-02_2026-04-01_qfq.json
22:49:10 [DEBUG] strategies: [主力建仓] 688600 验证通过 | 验证通过 | 来源: AKShare
22:49:10 [INFO] bt_data: [数据] 301283 使用本地缓存 301283_2025-12-02_2026-04-01_qfq.json
22:49:10 [DEBUG] strategies: [主力建仓] 301283 验证通过 | 验证通过 | 来源: AKShare
22:49:10 [INFO] bt_data: [数据] 603151 使用本地缓存 603151_2025-12-02_2026-04-01_qfq.json
22:49:10 [DEBUG] strategies: [主力建仓] 603151 验证通过 | 验证通过 | 来源: AKShare
22:49:10 [INFO] bt_data: [数据] 603506 使用本地缓存 603506_2025-12-02_2026-04-01_qfq.json
22:49:10 [DEBUG] strategies: [主力建仓] 603506 验证通过 | 验证通过 | 来源: AKShare
22:49:10 [INFO] bt_data: [数据] 601968 使用本地缓存 601968_2025-12-02_2026-04-01_qfq.json
22:49:10 [DEBUG] strategies: [主力建仓] 601968 验证通过 | 验证通过 | 来源: AKShare
22:49:10 [INFO] bt_data: [数据] 688162 使用本地缓存 688162_2025-12-02_2026-04-01_qfq.json
22:49:10 [DEBUG] strategies: [主力建仓] 688162 验证通过 | 验证通过 | 来源: AKShare
22:49:10 [INFO] bt_data: [数据] 301356 使用本地缓存 301356_2025-12-02_2026-04-01_qfq.json
22:49:10 [DEBUG] strategies: [主力建仓] 301356 验证通过 | 验证通过 | 来源: AKShare
22:49:10 [INFO] bt_data: [数据] 688269 使用本地缓存 688269_2025-12-02_2026-04-01_qfq.json
22:49:10 [DEBUG] strategies: [主力建仓] 688269 验证通过 | 验证通过 | 来源: AKShare
22:49:10 [INFO] bt_data: [数据] 603101 使用本地缓存 603101_2025-12-02_2026-04-01_qfq.json
22:49:10 [DEBUG] strategies: [主力建仓] 603101 验证通过 | 验证通过 | 来源: AKShare
22:49:10 [INFO] bt_data: [数据] 688501 使用本地缓存 688501_2025-12-02_2026-04-01_qfq.json
22:49:10 [DEBUG] strategies: [主力建仓] 688501 验证通过 | 验证通过 | 来源: AKShare
22:49:10 [INFO] bt_data: [数据] 301446 使用本地缓存 301446_2025-12-02_2026-04-01_qfq.json
22:49:10 [DEBUG] strategies: [主力建仓] 301446 验证通过 | 验证通过 | 来源: AKShare
22:49:10 [INFO] bt_data: [数据] 688665 使用本地缓存 688665_2025-12-02_2026-04-01_qfq.json
22:49:10 [DEBUG] strategies: [主力建仓] 688665 验证通过 | 验证通过 | 来源: AKShare
22:49:10 [INFO] daily_scan: [日扫描] 命中 BUY=0 WATCH=24
22:49:10 [INFO] daily_scan:   WATCH 600143 金发科技 信号日=2026-04-01
22:49:10 [INFO] daily_scan:   WATCH 300611 美力科技 信号日=2026-04-01
22:49:10 [INFO] daily_scan:   WATCH 688117 圣诺生物 信号日=2026-04-01
22:49:10 [INFO] daily_scan:   WATCH 001228 永泰运 信号日=2026-04-01
22:49:10 [INFO] daily_scan:   WATCH 002402 和而泰 信号日=2026-03-31
22:49:10 [INFO] push: [企业微信] 成功: {'errcode': 0, 'errmsg': 'ok'}
22:49:10 [INFO] push: [推送] 完成 1/1 渠道成功
22:49:10 [INFO] daily_scan: [日扫描] 推送完成: 1/1 渠道成功
22:49:10 [INFO] scan_dao: [scan_dao] major_capital_accumulation 写入 24 条扫描结果
22:49:10 [INFO] daily_scan: [日扫描] Web 状态已更新并持久化 | BUY=0 WATCH=24
23:02:22 [INFO] mysql: [MySQL] 连接池已关闭
23:02:22 [INFO] web_app: [App] 调度器+连接池已停止
23:03:41 [INFO] mysql: [MySQL] 创建连接池...
23:03:41 [INFO] mysql: [MySQL] scan_results 新增 signal_dates 列
23:03:41 [INFO] mysql: [MySQL] 连接池就绪，表结构已检查
23:03:41 [INFO] migrate: [迁移] scan_results.json 不存在，跳过
23:03:41 [INFO] migrate: [迁移] backtest_results.json 不存在，跳过
23:03:41 [INFO] migrate: [迁移] schedule_config: enabled=True
23:03:41 [INFO] migrate: [迁移] 全部完成
23:03:41 [INFO] web_app: [App] MySQL 就绪，已恢复扫描数据
23:03:41 [INFO] web_app: [App] 调度器已启动
23:03:41 [INFO] web_app: [调度器] 启动
23:05:41 [INFO] bt_data: [数据] 600867 使用本地缓存 600867_2025-12-02_2026-04-01_qfq.json
23:05:41 [DEBUG] strategies: [主力建仓] 600867 验证通过 | 验证通过 | 来源: AKShare
23:05:56 [INFO] bt_data: [数据] 002440 使用本地缓存 002440_2025-12-02_2026-04-01_qfq.json
23:05:56 [DEBUG] strategies: [主力建仓] 002440 验证通过 | 验证通过 | 来源: AKShare
23:05:56 [INFO] bt_data: [数据] 002155 使用本地缓存 002155_2025-12-02_2026-04-01_qfq.json
23:05:56 [DEBUG] strategies: [主力建仓] 002155 验证通过 | 验证通过 | 来源: AKShare
23:07:38 [INFO] daily_scan: [日扫描] 开始 手动 主力建仓选股 @ 2026-04-01 23:07
23:07:38 [INFO] screener: [选股] 使用缓存结果 (111只, 2026-04-01T22:42:10.273738, screen_c467a87f.json)
23:07:38 [INFO] daily_scan: [日扫描] 初筛候选股 111 只
23:07:38 [INFO] bt_data: [数据] 002015 使用本地缓存 002015_2025-12-02_2026-04-01_qfq.json
23:07:38 [DEBUG] strategies: [主力建仓] 002015 验证通过 | 验证通过 | 来源: AKShare
23:07:38 [INFO] bt_data: [数据] 600711 使用本地缓存 600711_2025-12-02_2026-04-01_qfq.json
23:07:38 [DEBUG] strategies: [主力建仓] 600711 验证通过 | 验证通过 | 来源: AKShare
23:07:38 [INFO] bt_data: [数据] 002155 使用本地缓存 002155_2025-12-02_2026-04-01_qfq.json
23:07:38 [DEBUG] strategies: [主力建仓] 002155 验证通过 | 验证通过 | 来源: AKShare
23:07:38 [INFO] bt_data: [数据] 600392 使用本地缓存 600392_2025-12-02_2026-04-01_qfq.json
23:07:38 [DEBUG] strategies: [主力建仓] 600392 验证通过 | 验证通过 | 来源: AKShare
23:07:38 [INFO] bt_data: [数据] 603358 使用本地缓存 603358_2025-12-02_2026-04-01_qfq.json
23:07:38 [DEBUG] strategies: [主力建仓] 603358 验证通过 | 验证通过 | 来源: AKShare
23:07:38 [INFO] bt_data: [数据] 000688 使用本地缓存 000688_2025-12-02_2026-04-01_qfq.json
23:07:38 [DEBUG] strategies: [主力建仓] 000688 验证通过 | 验证通过 | 来源: AKShare
23:07:38 [INFO] bt_data: [数据] 300251 使用本地缓存 300251_2025-12-02_2026-04-01_qfq.json
23:07:38 [DEBUG] strategies: [主力建仓] 300251 验证通过 | 验证通过 | 来源: AKShare
23:07:38 [INFO] bt_data: [数据] 600867 使用本地缓存 600867_2025-12-02_2026-04-01_qfq.json
23:07:38 [DEBUG] strategies: [主力建仓] 600867 验证通过 | 验证通过 | 来源: AKShare
23:07:38 [INFO] bt_data: [数据] 002340 使用本地缓存 002340_2025-12-02_2026-04-01_qfq.json
23:07:38 [DEBUG] strategies: [主力建仓] 002340 验证通过 | 验证通过 | 来源: AKShare
23:07:38 [INFO] bt_data: [数据] 601233 使用本地缓存 601233_2025-12-02_2026-04-01_qfq.json
23:07:38 [DEBUG] strategies: [主力建仓] 601233 验证通过 | 验证通过 | 来源: AKShare
23:07:38 [INFO] bt_data: [数据] 300035 使用本地缓存 300035_2025-12-02_2026-04-01_qfq.json
23:07:38 [DEBUG] strategies: [主力建仓] 300035 验证通过 | 验证通过 | 来源: AKShare
23:07:38 [INFO] bt_data: [数据] 002755 使用本地缓存 002755_2025-12-02_2026-04-01_qfq.json
23:07:38 [DEBUG] strategies: [主力建仓] 002755 验证通过 | 验证通过 | 来源: AKShare
23:07:38 [INFO] bt_data: [数据] 603876 使用本地缓存 603876_2025-12-02_2026-04-01_qfq.json
23:07:38 [DEBUG] strategies: [主力建仓] 603876 验证通过 | 验证通过 | 来源: AKShare
23:07:38 [INFO] bt_data: [数据] 600143 使用本地缓存 600143_2025-12-02_2026-04-01_qfq.json
23:07:38 [DEBUG] strategies: [主力建仓] 600143 验证通过 | 验证通过 | 来源: AKShare
23:07:38 [INFO] bt_data: [数据] 001696 使用本地缓存 001696_2025-12-02_2026-04-01_qfq.json
23:07:38 [DEBUG] strategies: [主力建仓] 001696 验证通过 | 验证通过 | 来源: AKShare
23:07:38 [INFO] bt_data: [数据] 601020 使用本地缓存 601020_2025-12-02_2026-04-01_qfq.json
23:07:38 [DEBUG] strategies: [主力建仓] 601020 验证通过 | 验证通过 | 来源: AKShare
23:07:38 [INFO] bt_data: [数据] 002402 使用本地缓存 002402_2025-12-02_2026-04-01_qfq.json
23:07:38 [DEBUG] strategies: [主力建仓] 002402 验证通过 | 验证通过 | 来源: AKShare
23:07:38 [INFO] bt_data: [数据] 003010 使用本地缓存 003010_2025-12-02_2026-04-01_qfq.json
23:07:38 [DEBUG] strategies: [主力建仓] 003010 验证通过 | 验证通过 | 来源: AKShare
23:07:38 [INFO] bt_data: [数据] 600497 使用本地缓存 600497_2025-12-02_2026-04-01_qfq.json
23:07:38 [DEBUG] strategies: [主力建仓] 600497 验证通过 | 验证通过 | 来源: AKShare
23:07:38 [INFO] bt_data: [数据] 002203 使用本地缓存 002203_2025-12-02_2026-04-01_qfq.json
23:07:38 [DEBUG] strategies: [主力建仓] 002203 验证通过 | 验证通过 | 来源: AKShare
23:07:38 [INFO] bt_data: [数据] 002957 使用本地缓存 002957_2025-12-02_2026-04-01_qfq.json
23:07:38 [DEBUG] strategies: [主力建仓] 002957 验证通过 | 验证通过 | 来源: AKShare
23:07:38 [INFO] bt_data: [数据] 600595 使用本地缓存 600595_2025-12-02_2026-04-01_qfq.json
23:07:38 [DEBUG] strategies: [主力建仓] 600595 验证通过 | 验证通过 | 来源: AKShare
23:07:38 [INFO] bt_data: [数据] 300409 使用本地缓存 300409_2025-12-02_2026-04-01_qfq.json
23:07:38 [DEBUG] strategies: [主力建仓] 300409 验证通过 | 验证通过 | 来源: AKShare
23:07:38 [INFO] bt_data: [数据] 600686 使用本地缓存 600686_2025-12-02_2026-04-01_qfq.json
23:07:38 [DEBUG] strategies: [主力建仓] 600686 验证通过 | 验证通过 | 来源: AKShare
23:07:38 [INFO] bt_data: [数据] 300201 使用本地缓存 300201_2025-12-02_2026-04-01_qfq.json
23:07:38 [DEBUG] strategies: [主力建仓] 300201 验证通过 | 验证通过 | 来源: AKShare
23:07:38 [INFO] bt_data: [数据] 002396 使用本地缓存 002396_2025-12-02_2026-04-01_qfq.json
23:07:38 [DEBUG] strategies: [主力建仓] 002396 验证通过 | 验证通过 | 来源: AKShare
23:07:38 [INFO] bt_data: [数据] 600166 使用本地缓存 600166_2025-12-02_2026-04-01_qfq.json
23:07:38 [DEBUG] strategies: [主力建仓] 600166 验证通过 | 验证通过 | 来源: AKShare
23:07:38 [INFO] bt_data: [数据] 300602 使用本地缓存 300602_2025-12-02_2026-04-01_qfq.json
23:07:38 [DEBUG] strategies: [主力建仓] 300602 验证通过 | 验证通过 | 来源: AKShare
23:07:38 [INFO] bt_data: [数据] 688006 使用本地缓存 688006_2025-12-02_2026-04-01_qfq.json
23:07:38 [DEBUG] strategies: [主力建仓] 688006 验证通过 | 验证通过 | 来源: AKShare
23:07:38 [INFO] bt_data: [数据] 002171 使用本地缓存 002171_2025-12-02_2026-04-01_qfq.json
23:07:38 [DEBUG] strategies: [主力建仓] 002171 验证通过 | 验证通过 | 来源: AKShare
23:07:38 [INFO] bt_data: [数据] 002250 使用本地缓存 002250_2025-12-02_2026-04-01_qfq.json
23:07:38 [DEBUG] strategies: [主力建仓] 002250 验证通过 | 验证通过 | 来源: AKShare
23:07:38 [INFO] bt_data: [数据] 002440 使用本地缓存 002440_2025-12-02_2026-04-01_qfq.json
23:07:38 [DEBUG] strategies: [主力建仓] 002440 验证通过 | 验证通过 | 来源: AKShare
23:07:38 [INFO] bt_data: [数据] 002545 使用本地缓存 002545_2025-12-02_2026-04-01_qfq.json
23:07:38 [DEBUG] strategies: [主力建仓] 002545 验证通过 | 验证通过 | 来源: AKShare
23:07:38 [INFO] bt_data: [数据] 688136 使用本地缓存 688136_2025-12-02_2026-04-01_qfq.json
23:07:38 [DEBUG] strategies: [主力建仓] 688136 验证通过 | 验证通过 | 来源: AKShare
23:07:38 [INFO] bt_data: [数据] 002237 使用本地缓存 002237_2025-12-02_2026-04-01_qfq.json
23:07:38 [DEBUG] strategies: [主力建仓] 002237 验证通过 | 验证通过 | 来源: AKShare
23:07:38 [INFO] bt_data: [数据] 002734 使用本地缓存 002734_2025-12-02_2026-04-01_qfq.json
23:07:38 [DEBUG] strategies: [主力建仓] 002734 验证通过 | 验证通过 | 来源: AKShare
23:07:38 [INFO] bt_data: [数据] 002928 使用本地缓存 002928_2025-12-02_2026-04-01_qfq.json
23:07:38 [DEBUG] strategies: [主力建仓] 002928 验证通过 | 验证通过 | 来源: AKShare
23:07:38 [INFO] bt_data: [数据] 000600 使用本地缓存 000600_2025-12-02_2026-04-01_qfq.json
23:07:38 [DEBUG] strategies: [主力建仓] 000600 验证通过 | 验证通过 | 来源: AKShare
23:07:38 [INFO] bt_data: [数据] 603890 使用本地缓存 603890_2025-12-02_2026-04-01_qfq.json
23:07:38 [DEBUG] strategies: [主力建仓] 603890 验证通过 | 验证通过 | 来源: AKShare
23:07:38 [INFO] bt_data: [数据] 002553 使用本地缓存 002553_2025-12-02_2026-04-01_qfq.json
23:07:38 [DEBUG] strategies: [主力建仓] 002553 验证通过 | 验证通过 | 来源: AKShare
23:07:38 [INFO] bt_data: [数据] 002824 使用本地缓存 002824_2025-12-02_2026-04-01_qfq.json
23:07:38 [DEBUG] strategies: [主力建仓] 002824 验证通过 | 验证通过 | 来源: AKShare
23:07:38 [INFO] bt_data: [数据] 600685 使用本地缓存 600685_2025-12-02_2026-04-01_qfq.json
23:07:38 [DEBUG] strategies: [主力建仓] 600685 验证通过 | 验证通过 | 来源: AKShare
23:07:38 [INFO] bt_data: [数据] 600389 使用本地缓存 600389_2025-12-02_2026-04-01_qfq.json
23:07:38 [DEBUG] strategies: [主力建仓] 600389 验证通过 | 验证通过 | 来源: AKShare
23:07:38 [INFO] bt_data: [数据] 600429 使用本地缓存 600429_2025-12-02_2026-04-01_qfq.json
23:07:38 [DEBUG] strategies: [主力建仓] 600429 验证通过 | 验证通过 | 来源: AKShare
23:07:38 [INFO] bt_data: [数据] 300772 使用本地缓存 300772_2025-12-02_2026-04-01_qfq.json
23:07:38 [DEBUG] strategies: [主力建仓] 300772 验证通过 | 验证通过 | 来源: AKShare
23:07:38 [INFO] bt_data: [数据] 603612 使用本地缓存 603612_2025-12-02_2026-04-01_qfq.json
23:07:38 [DEBUG] strategies: [主力建仓] 603612 验证通过 | 验证通过 | 来源: AKShare
23:07:38 [INFO] bt_data: [数据] 002448 使用本地缓存 002448_2025-12-02_2026-04-01_qfq.json
23:07:38 [DEBUG] strategies: [主力建仓] 002448 验证通过 | 验证通过 | 来源: AKShare
23:07:38 [INFO] bt_data: [数据] 601162 使用本地缓存 601162_2025-12-02_2026-04-01_qfq.json
23:07:38 [DEBUG] strategies: [主力建仓] 601162 验证通过 | 验证通过 | 来源: AKShare
23:07:38 [INFO] bt_data: [数据] 601636 使用本地缓存 601636_2025-12-02_2026-04-01_qfq.json
23:07:38 [DEBUG] strategies: [主力建仓] 601636 验证通过 | 验证通过 | 来源: AKShare
23:07:38 [INFO] bt_data: [数据] 002170 使用本地缓存 002170_2025-12-02_2026-04-01_qfq.json
23:07:38 [DEBUG] strategies: [主力建仓] 002170 验证通过 | 验证通过 | 来源: AKShare
23:07:38 [INFO] bt_data: [数据] 300041 使用本地缓存 300041_2025-12-02_2026-04-01_qfq.json
23:07:38 [DEBUG] strategies: [主力建仓] 300041 验证通过 | 验证通过 | 来源: AKShare
23:07:38 [INFO] bt_data: [数据] 301235 使用本地缓存 301235_2025-12-02_2026-04-01_qfq.json
23:07:38 [DEBUG] strategies: [主力建仓] 301235 验证通过 | 验证通过 | 来源: AKShare
23:07:38 [INFO] bt_data: [数据] 300611 使用本地缓存 300611_2025-12-02_2026-04-01_qfq.json
23:07:38 [DEBUG] strategies: [主力建仓] 300611 验证通过 | 验证通过 | 来源: AKShare
23:07:38 [INFO] bt_data: [数据] 002010 使用本地缓存 002010_2025-12-02_2026-04-01_qfq.json
23:07:38 [DEBUG] strategies: [主力建仓] 002010 验证通过 | 验证通过 | 来源: AKShare
23:07:38 [INFO] bt_data: [数据] 688518 使用本地缓存 688518_2025-12-02_2026-04-01_qfq.json
23:07:38 [DEBUG] strategies: [主力建仓] 688518 验证通过 | 验证通过 | 来源: AKShare
23:07:38 [INFO] bt_data: [数据] 605020 使用本地缓存 605020_2025-12-02_2026-04-01_qfq.json
23:07:38 [DEBUG] strategies: [主力建仓] 605020 验证通过 | 验证通过 | 来源: AKShare
23:07:38 [INFO] bt_data: [数据] 688639 使用本地缓存 688639_2025-12-02_2026-04-01_qfq.json
23:07:38 [DEBUG] strategies: [主力建仓] 688639 验证通过 | 验证通过 | 来源: AKShare
23:07:38 [INFO] bt_data: [数据] 688117 使用本地缓存 688117_2025-12-02_2026-04-01_qfq.json
23:07:38 [DEBUG] strategies: [主力建仓] 688117 验证通过 | 验证通过 | 来源: AKShare
23:07:38 [INFO] bt_data: [数据] 300702 使用本地缓存 300702_2025-12-02_2026-04-01_qfq.json
23:07:38 [DEBUG] strategies: [主力建仓] 300702 验证通过 | 验证通过 | 来源: AKShare
23:07:38 [INFO] bt_data: [数据] 301607 使用本地缓存 301607_2025-12-02_2026-04-01_qfq.json
23:07:38 [DEBUG] strategies: [主力建仓] 301607 验证通过 | 验证通过 | 来源: AKShare
23:07:38 [INFO] bt_data: [数据] 603969 使用本地缓存 603969_2025-12-02_2026-04-01_qfq.json
23:07:38 [DEBUG] strategies: [主力建仓] 603969 验证通过 | 验证通过 | 来源: AKShare
23:07:38 [INFO] bt_data: [数据] 603997 使用本地缓存 603997_2025-12-02_2026-04-01_qfq.json
23:07:38 [DEBUG] strategies: [主力建仓] 603997 验证通过 | 验证通过 | 来源: AKShare
23:07:38 [INFO] bt_data: [数据] 002637 使用本地缓存 002637_2025-12-02_2026-04-01_qfq.json
23:07:38 [DEBUG] strategies: [主力建仓] 002637 验证通过 | 验证通过 | 来源: AKShare
23:07:38 [INFO] bt_data: [数据] 002209 使用本地缓存 002209_2025-12-02_2026-04-01_qfq.json
23:07:38 [DEBUG] strategies: [主力建仓] 002209 验证通过 | 验证通过 | 来源: AKShare
23:07:38 [INFO] bt_data: [数据] 002511 使用本地缓存 002511_2025-12-02_2026-04-01_qfq.json
23:07:38 [DEBUG] strategies: [主力建仓] 002511 验证通过 | 验证通过 | 来源: AKShare
23:07:38 [INFO] bt_data: [数据] 000876 使用本地缓存 000876_2025-12-02_2026-04-01_qfq.json
23:07:38 [DEBUG] strategies: [主力建仓] 000876 验证通过 | 验证通过 | 来源: AKShare
23:07:38 [INFO] bt_data: [数据] 002006 使用本地缓存 002006_2025-12-02_2026-04-01_qfq.json
23:07:38 [DEBUG] strategies: [主力建仓] 002006 验证通过 | 验证通过 | 来源: AKShare
23:07:38 [INFO] bt_data: [数据] 301078 使用本地缓存 301078_2025-12-02_2026-04-01_qfq.json
23:07:38 [DEBUG] strategies: [主力建仓] 301078 验证通过 | 验证通过 | 来源: AKShare
23:07:38 [INFO] bt_data: [数据] 000935 使用本地缓存 000935_2025-12-02_2026-04-01_qfq.json
23:07:38 [DEBUG] strategies: [主力建仓] 000935 验证通过 | 验证通过 | 来源: AKShare
23:07:38 [INFO] bt_data: [数据] 300681 使用本地缓存 300681_2025-12-02_2026-04-01_qfq.json
23:07:38 [DEBUG] strategies: [主力建仓] 300681 验证通过 | 验证通过 | 来源: AKShare
23:07:38 [INFO] bt_data: [数据] 688410 使用本地缓存 688410_2025-12-02_2026-04-01_qfq.json
23:07:38 [DEBUG] strategies: [主力建仓] 688410 验证通过 | 验证通过 | 来源: AKShare
23:07:38 [INFO] bt_data: [数据] 301220 使用本地缓存 301220_2025-12-02_2026-04-01_qfq.json
23:07:38 [DEBUG] strategies: [主力建仓] 301220 验证通过 | 验证通过 | 来源: AKShare
23:07:38 [INFO] bt_data: [数据] 300473 使用本地缓存 300473_2025-12-02_2026-04-01_qfq.json
23:07:38 [DEBUG] strategies: [主力建仓] 300473 验证通过 | 验证通过 | 来源: AKShare
23:07:38 [INFO] bt_data: [数据] 300790 使用本地缓存 300790_2025-12-02_2026-04-01_qfq.json
23:07:38 [DEBUG] strategies: [主力建仓] 300790 验证通过 | 验证通过 | 来源: AKShare
23:07:38 [INFO] bt_data: [数据] 001288 使用本地缓存 001288_2025-12-02_2026-04-01_qfq.json
23:07:38 [DEBUG] strategies: [主力建仓] 001288 验证通过 | 验证通过 | 来源: AKShare
23:07:38 [INFO] bt_data: [数据] 603162 使用本地缓存 603162_2025-12-02_2026-04-01_qfq.json
23:07:38 [DEBUG] strategies: [主力建仓] 603162 验证通过 | 验证通过 | 来源: AKShare
23:07:38 [INFO] bt_data: [数据] 600251 使用本地缓存 600251_2025-12-02_2026-04-01_qfq.json
23:07:38 [DEBUG] strategies: [主力建仓] 600251 验证通过 | 验证通过 | 来源: AKShare
23:07:38 [INFO] bt_data: [数据] 000803 使用本地缓存 000803_2025-12-02_2026-04-01_qfq.json
23:07:38 [DEBUG] strategies: [主力建仓] 000803 验证通过 | 验证通过 | 来源: AKShare
23:07:38 [INFO] bt_data: [数据] 003002 使用本地缓存 003002_2025-12-02_2026-04-01_qfq.json
23:07:38 [DEBUG] strategies: [主力建仓] 003002 验证通过 | 验证通过 | 来源: AKShare
23:07:38 [INFO] bt_data: [数据] 300132 使用本地缓存 300132_2025-12-02_2026-04-01_qfq.json
23:07:38 [DEBUG] strategies: [主力建仓] 300132 验证通过 | 验证通过 | 来源: AKShare
23:07:38 [INFO] bt_data: [数据] 600576 使用本地缓存 600576_2025-12-02_2026-04-01_qfq.json
23:07:38 [DEBUG] strategies: [主力建仓] 600576 验证通过 | 验证通过 | 来源: AKShare
23:07:38 [INFO] bt_data: [数据] 002225 使用本地缓存 002225_2025-12-02_2026-04-01_qfq.json
23:07:38 [DEBUG] strategies: [主力建仓] 002225 验证通过 | 验证通过 | 来源: AKShare
23:07:38 [INFO] bt_data: [数据] 300940 使用本地缓存 300940_2025-12-02_2026-04-01_qfq.json
23:07:38 [DEBUG] strategies: [主力建仓] 300940 验证通过 | 验证通过 | 来源: AKShare
23:07:38 [INFO] bt_data: [数据] 003011 使用本地缓存 003011_2025-12-02_2026-04-01_qfq.json
23:07:38 [DEBUG] strategies: [主力建仓] 003011 验证通过 | 验证通过 | 来源: AKShare
23:07:38 [INFO] bt_data: [数据] 300644 使用本地缓存 300644_2025-12-02_2026-04-01_qfq.json
23:07:38 [DEBUG] strategies: [主力建仓] 300644 验证通过 | 验证通过 | 来源: AKShare
23:07:38 [INFO] bt_data: [数据] 600195 使用本地缓存 600195_2025-12-02_2026-04-01_qfq.json
23:07:38 [DEBUG] strategies: [主力建仓] 600195 验证通过 | 验证通过 | 来源: AKShare
23:07:38 [INFO] bt_data: [数据] 301161 使用本地缓存 301161_2025-12-02_2026-04-01_qfq.json
23:07:38 [DEBUG] strategies: [主力建仓] 301161 验证通过 | 验证通过 | 来源: AKShare
23:07:38 [INFO] bt_data: [数据] 000576 使用本地缓存 000576_2025-12-02_2026-04-01_qfq.json
23:07:38 [DEBUG] strategies: [主力建仓] 000576 验证通过 | 验证通过 | 来源: AKShare
23:07:38 [INFO] bt_data: [数据] 001228 使用本地缓存 001228_2025-12-02_2026-04-01_qfq.json
23:07:38 [DEBUG] strategies: [主力建仓] 001228 验证通过 | 验证通过 | 来源: AKShare
23:07:38 [INFO] bt_data: [数据] 603081 使用本地缓存 603081_2025-12-02_2026-04-01_qfq.json
23:07:38 [DEBUG] strategies: [主力建仓] 603081 验证通过 | 验证通过 | 来源: AKShare
23:07:38 [INFO] bt_data: [数据] 003017 使用本地缓存 003017_2025-12-02_2026-04-01_qfq.json
23:07:38 [DEBUG] strategies: [主力建仓] 003017 验证通过 | 验证通过 | 来源: AKShare
23:07:38 [INFO] bt_data: [数据] 002688 使用本地缓存 002688_2025-12-02_2026-04-01_qfq.json
23:07:38 [DEBUG] strategies: [主力建仓] 002688 验证通过 | 验证通过 | 来源: AKShare
23:07:38 [INFO] bt_data: [数据] 600983 使用本地缓存 600983_2025-12-02_2026-04-01_qfq.json
23:07:38 [DEBUG] strategies: [主力建仓] 600983 验证通过 | 验证通过 | 来源: AKShare
23:07:38 [INFO] bt_data: [数据] 688379 使用本地缓存 688379_2025-12-02_2026-04-01_qfq.json
23:07:38 [DEBUG] strategies: [主力建仓] 688379 验证通过 | 验证通过 | 来源: AKShare
23:07:38 [INFO] bt_data: [数据] 301381 使用本地缓存 301381_2025-12-02_2026-04-01_qfq.json
23:07:38 [DEBUG] strategies: [主力建仓] 301381 验证通过 | 验证通过 | 来源: AKShare
23:07:38 [INFO] bt_data: [数据] 300967 使用本地缓存 300967_2025-12-02_2026-04-01_qfq.json
23:07:38 [DEBUG] strategies: [主力建仓] 300967 验证通过 | 验证通过 | 来源: AKShare
23:07:38 [INFO] bt_data: [数据] 603313 使用本地缓存 603313_2025-12-02_2026-04-01_qfq.json
23:07:38 [DEBUG] strategies: [主力建仓] 603313 验证通过 | 验证通过 | 来源: AKShare
23:07:38 [INFO] bt_data: [数据] 603566 使用本地缓存 603566_2025-12-02_2026-04-01_qfq.json
23:07:38 [DEBUG] strategies: [主力建仓] 603566 验证通过 | 验证通过 | 来源: AKShare
23:07:38 [INFO] bt_data: [数据] 688557 使用本地缓存 688557_2025-12-02_2026-04-01_qfq.json
23:07:38 [DEBUG] strategies: [主力建仓] 688557 验证通过 | 验证通过 | 来源: AKShare
23:07:38 [INFO] bt_data: [数据] 688600 使用本地缓存 688600_2025-12-02_2026-04-01_qfq.json
23:07:38 [DEBUG] strategies: [主力建仓] 688600 验证通过 | 验证通过 | 来源: AKShare
23:07:38 [INFO] bt_data: [数据] 301283 使用本地缓存 301283_2025-12-02_2026-04-01_qfq.json
23:07:38 [DEBUG] strategies: [主力建仓] 301283 验证通过 | 验证通过 | 来源: AKShare
23:07:38 [INFO] bt_data: [数据] 603151 使用本地缓存 603151_2025-12-02_2026-04-01_qfq.json
23:07:38 [DEBUG] strategies: [主力建仓] 603151 验证通过 | 验证通过 | 来源: AKShare
23:07:38 [INFO] bt_data: [数据] 603506 使用本地缓存 603506_2025-12-02_2026-04-01_qfq.json
23:07:38 [DEBUG] strategies: [主力建仓] 603506 验证通过 | 验证通过 | 来源: AKShare
23:07:38 [INFO] bt_data: [数据] 601968 使用本地缓存 601968_2025-12-02_2026-04-01_qfq.json
23:07:38 [DEBUG] strategies: [主力建仓] 601968 验证通过 | 验证通过 | 来源: AKShare
23:07:38 [INFO] bt_data: [数据] 688162 使用本地缓存 688162_2025-12-02_2026-04-01_qfq.json
23:07:38 [DEBUG] strategies: [主力建仓] 688162 验证通过 | 验证通过 | 来源: AKShare
23:07:38 [INFO] bt_data: [数据] 301356 使用本地缓存 301356_2025-12-02_2026-04-01_qfq.json
23:07:38 [DEBUG] strategies: [主力建仓] 301356 验证通过 | 验证通过 | 来源: AKShare
23:07:38 [INFO] bt_data: [数据] 688269 使用本地缓存 688269_2025-12-02_2026-04-01_qfq.json
23:07:38 [DEBUG] strategies: [主力建仓] 688269 验证通过 | 验证通过 | 来源: AKShare
23:07:38 [INFO] bt_data: [数据] 603101 使用本地缓存 603101_2025-12-02_2026-04-01_qfq.json
23:07:38 [DEBUG] strategies: [主力建仓] 603101 验证通过 | 验证通过 | 来源: AKShare
23:07:38 [INFO] bt_data: [数据] 688501 使用本地缓存 688501_2025-12-02_2026-04-01_qfq.json
23:07:38 [DEBUG] strategies: [主力建仓] 688501 验证通过 | 验证通过 | 来源: AKShare
23:07:38 [INFO] bt_data: [数据] 301446 使用本地缓存 301446_2025-12-02_2026-04-01_qfq.json
23:07:38 [DEBUG] strategies: [主力建仓] 301446 验证通过 | 验证通过 | 来源: AKShare
23:07:38 [INFO] bt_data: [数据] 688665 使用本地缓存 688665_2025-12-02_2026-04-01_qfq.json
23:07:38 [DEBUG] strategies: [主力建仓] 688665 验证通过 | 验证通过 | 来源: AKShare
23:07:38 [INFO] daily_scan: [日扫描] 命中 BUY=0 WATCH=24
23:07:38 [INFO] daily_scan:   WATCH 600143 金发科技 信号日=2026-04-01
23:07:38 [INFO] daily_scan:   WATCH 300611 美力科技 信号日=2026-04-01
23:07:38 [INFO] daily_scan:   WATCH 688117 圣诺生物 信号日=2026-04-01
23:07:38 [INFO] daily_scan:   WATCH 001228 永泰运 信号日=2026-04-01
23:07:38 [INFO] daily_scan:   WATCH 002402 和而泰 信号日=2026-03-31
23:07:38 [INFO] push: [企业微信] 成功: {'errcode': 0, 'errmsg': 'ok'}
23:07:38 [INFO] push: [推送] 完成 1/1 渠道成功
23:07:38 [INFO] daily_scan: [日扫描] 推送完成: 1/1 渠道成功
23:07:38 [INFO] scan_dao: [scan_dao] major_capital_accumulation 写入 24 条扫描结果
23:07:38 [INFO] daily_scan: [日扫描] Web 状态已更新并持久化 | BUY=0 WATCH=24
23:13:37 [INFO] mysql: [MySQL] 连接池已关闭
23:13:37 [INFO] web_app: [App] 调度器+连接池已停止
23:13:38 [INFO] mysql: [MySQL] 创建连接池...
23:13:38 [INFO] mysql: [MySQL] 连接池就绪，表结构已检查
23:13:38 [INFO] migrate: [迁移] scan_results.json 不存在，跳过
23:13:38 [INFO] migrate: [迁移] backtest_results.json 不存在，跳过
23:13:38 [INFO] migrate: [迁移] schedule_config: enabled=True
23:13:38 [INFO] migrate: [迁移] 全部完成
23:13:38 [INFO] web_app: [App] MySQL 就绪，已恢复扫描数据
23:13:38 [INFO] web_app: [App] 调度器已启动
23:13:38 [INFO] web_app: [调度器] 启动
23:14:25 [INFO] daily_scan: [日扫描] 开始 手动 主力建仓选股 @ 2026-04-01 23:14
23:14:25 [INFO] screener: [选股] 使用缓存结果 (111只, 2026-04-01T22:42:10.273738, screen_c467a87f.json)
23:14:25 [INFO] daily_scan: [日扫描] 初筛候选股 111 只
23:14:25 [INFO] bt_data: [数据] 002015 使用本地缓存 002015_2025-12-02_2026-04-01_qfq.json
23:14:25 [DEBUG] strategies: [主力建仓] 002015 验证通过 | 验证通过 | 来源: AKShare
23:14:25 [INFO] bt_data: [数据] 600711 使用本地缓存 600711_2025-12-02_2026-04-01_qfq.json
23:14:25 [DEBUG] strategies: [主力建仓] 600711 验证通过 | 验证通过 | 来源: AKShare
23:14:25 [INFO] bt_data: [数据] 002155 使用本地缓存 002155_2025-12-02_2026-04-01_qfq.json
23:14:25 [DEBUG] strategies: [主力建仓] 002155 验证通过 | 验证通过 | 来源: AKShare
23:14:25 [INFO] bt_data: [数据] 600392 使用本地缓存 600392_2025-12-02_2026-04-01_qfq.json
23:14:25 [DEBUG] strategies: [主力建仓] 600392 验证通过 | 验证通过 | 来源: AKShare
23:14:25 [INFO] bt_data: [数据] 603358 使用本地缓存 603358_2025-12-02_2026-04-01_qfq.json
23:14:25 [DEBUG] strategies: [主力建仓] 603358 验证通过 | 验证通过 | 来源: AKShare
23:14:25 [INFO] bt_data: [数据] 000688 使用本地缓存 000688_2025-12-02_2026-04-01_qfq.json
23:14:25 [DEBUG] strategies: [主力建仓] 000688 验证通过 | 验证通过 | 来源: AKShare
23:14:25 [INFO] bt_data: [数据] 300251 使用本地缓存 300251_2025-12-02_2026-04-01_qfq.json
23:14:25 [DEBUG] strategies: [主力建仓] 300251 验证通过 | 验证通过 | 来源: AKShare
23:14:25 [INFO] bt_data: [数据] 600867 使用本地缓存 600867_2025-12-02_2026-04-01_qfq.json
23:14:25 [DEBUG] strategies: [主力建仓] 600867 验证通过 | 验证通过 | 来源: AKShare
23:14:25 [INFO] bt_data: [数据] 002340 使用本地缓存 002340_2025-12-02_2026-04-01_qfq.json
23:14:25 [DEBUG] strategies: [主力建仓] 002340 验证通过 | 验证通过 | 来源: AKShare
23:14:25 [INFO] bt_data: [数据] 601233 使用本地缓存 601233_2025-12-02_2026-04-01_qfq.json
23:14:25 [DEBUG] strategies: [主力建仓] 601233 验证通过 | 验证通过 | 来源: AKShare
23:14:25 [INFO] bt_data: [数据] 300035 使用本地缓存 300035_2025-12-02_2026-04-01_qfq.json
23:14:25 [DEBUG] strategies: [主力建仓] 300035 验证通过 | 验证通过 | 来源: AKShare
23:14:25 [INFO] bt_data: [数据] 002755 使用本地缓存 002755_2025-12-02_2026-04-01_qfq.json
23:14:25 [DEBUG] strategies: [主力建仓] 002755 验证通过 | 验证通过 | 来源: AKShare
23:14:25 [INFO] bt_data: [数据] 603876 使用本地缓存 603876_2025-12-02_2026-04-01_qfq.json
23:14:25 [DEBUG] strategies: [主力建仓] 603876 验证通过 | 验证通过 | 来源: AKShare
23:14:25 [INFO] bt_data: [数据] 600143 使用本地缓存 600143_2025-12-02_2026-04-01_qfq.json
23:14:25 [DEBUG] strategies: [主力建仓] 600143 验证通过 | 验证通过 | 来源: AKShare
23:14:25 [INFO] bt_data: [数据] 001696 使用本地缓存 001696_2025-12-02_2026-04-01_qfq.json
23:14:25 [DEBUG] strategies: [主力建仓] 001696 验证通过 | 验证通过 | 来源: AKShare
23:14:25 [INFO] bt_data: [数据] 601020 使用本地缓存 601020_2025-12-02_2026-04-01_qfq.json
23:14:25 [DEBUG] strategies: [主力建仓] 601020 验证通过 | 验证通过 | 来源: AKShare
23:14:25 [INFO] bt_data: [数据] 002402 使用本地缓存 002402_2025-12-02_2026-04-01_qfq.json
23:14:25 [DEBUG] strategies: [主力建仓] 002402 验证通过 | 验证通过 | 来源: AKShare
23:14:25 [INFO] bt_data: [数据] 003010 使用本地缓存 003010_2025-12-02_2026-04-01_qfq.json
23:14:25 [DEBUG] strategies: [主力建仓] 003010 验证通过 | 验证通过 | 来源: AKShare
23:14:25 [INFO] bt_data: [数据] 600497 使用本地缓存 600497_2025-12-02_2026-04-01_qfq.json
23:14:25 [DEBUG] strategies: [主力建仓] 600497 验证通过 | 验证通过 | 来源: AKShare
23:14:25 [INFO] bt_data: [数据] 002203 使用本地缓存 002203_2025-12-02_2026-04-01_qfq.json
23:14:25 [DEBUG] strategies: [主力建仓] 002203 验证通过 | 验证通过 | 来源: AKShare
23:14:25 [INFO] bt_data: [数据] 002957 使用本地缓存 002957_2025-12-02_2026-04-01_qfq.json
23:14:25 [DEBUG] strategies: [主力建仓] 002957 验证通过 | 验证通过 | 来源: AKShare
23:14:25 [INFO] bt_data: [数据] 600595 使用本地缓存 600595_2025-12-02_2026-04-01_qfq.json
23:14:25 [DEBUG] strategies: [主力建仓] 600595 验证通过 | 验证通过 | 来源: AKShare
23:14:25 [INFO] bt_data: [数据] 300409 使用本地缓存 300409_2025-12-02_2026-04-01_qfq.json
23:14:25 [DEBUG] strategies: [主力建仓] 300409 验证通过 | 验证通过 | 来源: AKShare
23:14:25 [INFO] bt_data: [数据] 600686 使用本地缓存 600686_2025-12-02_2026-04-01_qfq.json
23:14:25 [DEBUG] strategies: [主力建仓] 600686 验证通过 | 验证通过 | 来源: AKShare
23:14:25 [INFO] bt_data: [数据] 300201 使用本地缓存 300201_2025-12-02_2026-04-01_qfq.json
23:14:25 [DEBUG] strategies: [主力建仓] 300201 验证通过 | 验证通过 | 来源: AKShare
23:14:25 [INFO] bt_data: [数据] 002396 使用本地缓存 002396_2025-12-02_2026-04-01_qfq.json
23:14:25 [DEBUG] strategies: [主力建仓] 002396 验证通过 | 验证通过 | 来源: AKShare
23:14:25 [INFO] bt_data: [数据] 600166 使用本地缓存 600166_2025-12-02_2026-04-01_qfq.json
23:14:25 [DEBUG] strategies: [主力建仓] 600166 验证通过 | 验证通过 | 来源: AKShare
23:14:25 [INFO] bt_data: [数据] 300602 使用本地缓存 300602_2025-12-02_2026-04-01_qfq.json
23:14:25 [DEBUG] strategies: [主力建仓] 300602 验证通过 | 验证通过 | 来源: AKShare
23:14:25 [INFO] bt_data: [数据] 688006 使用本地缓存 688006_2025-12-02_2026-04-01_qfq.json
23:14:25 [DEBUG] strategies: [主力建仓] 688006 验证通过 | 验证通过 | 来源: AKShare
23:14:25 [INFO] bt_data: [数据] 002171 使用本地缓存 002171_2025-12-02_2026-04-01_qfq.json
23:14:25 [DEBUG] strategies: [主力建仓] 002171 验证通过 | 验证通过 | 来源: AKShare
23:14:25 [INFO] bt_data: [数据] 002250 使用本地缓存 002250_2025-12-02_2026-04-01_qfq.json
23:14:25 [DEBUG] strategies: [主力建仓] 002250 验证通过 | 验证通过 | 来源: AKShare
23:14:25 [INFO] bt_data: [数据] 002440 使用本地缓存 002440_2025-12-02_2026-04-01_qfq.json
23:14:25 [DEBUG] strategies: [主力建仓] 002440 验证通过 | 验证通过 | 来源: AKShare
23:14:25 [INFO] bt_data: [数据] 002545 使用本地缓存 002545_2025-12-02_2026-04-01_qfq.json
23:14:25 [DEBUG] strategies: [主力建仓] 002545 验证通过 | 验证通过 | 来源: AKShare
23:14:25 [INFO] bt_data: [数据] 688136 使用本地缓存 688136_2025-12-02_2026-04-01_qfq.json
23:14:25 [DEBUG] strategies: [主力建仓] 688136 验证通过 | 验证通过 | 来源: AKShare
23:14:25 [INFO] bt_data: [数据] 002237 使用本地缓存 002237_2025-12-02_2026-04-01_qfq.json
23:14:25 [DEBUG] strategies: [主力建仓] 002237 验证通过 | 验证通过 | 来源: AKShare
23:14:25 [INFO] bt_data: [数据] 002734 使用本地缓存 002734_2025-12-02_2026-04-01_qfq.json
23:14:25 [DEBUG] strategies: [主力建仓] 002734 验证通过 | 验证通过 | 来源: AKShare
23:14:25 [INFO] bt_data: [数据] 002928 使用本地缓存 002928_2025-12-02_2026-04-01_qfq.json
23:14:25 [DEBUG] strategies: [主力建仓] 002928 验证通过 | 验证通过 | 来源: AKShare
23:14:25 [INFO] bt_data: [数据] 000600 使用本地缓存 000600_2025-12-02_2026-04-01_qfq.json
23:14:25 [DEBUG] strategies: [主力建仓] 000600 验证通过 | 验证通过 | 来源: AKShare
23:14:25 [INFO] bt_data: [数据] 603890 使用本地缓存 603890_2025-12-02_2026-04-01_qfq.json
23:14:25 [DEBUG] strategies: [主力建仓] 603890 验证通过 | 验证通过 | 来源: AKShare
23:14:25 [INFO] bt_data: [数据] 002553 使用本地缓存 002553_2025-12-02_2026-04-01_qfq.json
23:14:25 [DEBUG] strategies: [主力建仓] 002553 验证通过 | 验证通过 | 来源: AKShare
23:14:25 [INFO] bt_data: [数据] 002824 使用本地缓存 002824_2025-12-02_2026-04-01_qfq.json
23:14:25 [DEBUG] strategies: [主力建仓] 002824 验证通过 | 验证通过 | 来源: AKShare
23:14:25 [INFO] bt_data: [数据] 600685 使用本地缓存 600685_2025-12-02_2026-04-01_qfq.json
23:14:25 [DEBUG] strategies: [主力建仓] 600685 验证通过 | 验证通过 | 来源: AKShare
23:14:25 [INFO] bt_data: [数据] 600389 使用本地缓存 600389_2025-12-02_2026-04-01_qfq.json
23:14:25 [DEBUG] strategies: [主力建仓] 600389 验证通过 | 验证通过 | 来源: AKShare
23:14:25 [INFO] bt_data: [数据] 600429 使用本地缓存 600429_2025-12-02_2026-04-01_qfq.json
23:14:25 [DEBUG] strategies: [主力建仓] 600429 验证通过 | 验证通过 | 来源: AKShare
23:14:25 [INFO] bt_data: [数据] 300772 使用本地缓存 300772_2025-12-02_2026-04-01_qfq.json
23:14:25 [DEBUG] strategies: [主力建仓] 300772 验证通过 | 验证通过 | 来源: AKShare
23:14:25 [INFO] bt_data: [数据] 603612 使用本地缓存 603612_2025-12-02_2026-04-01_qfq.json
23:14:25 [DEBUG] strategies: [主力建仓] 603612 验证通过 | 验证通过 | 来源: AKShare
23:14:25 [INFO] bt_data: [数据] 002448 使用本地缓存 002448_2025-12-02_2026-04-01_qfq.json
23:14:25 [DEBUG] strategies: [主力建仓] 002448 验证通过 | 验证通过 | 来源: AKShare
23:14:25 [INFO] bt_data: [数据] 601162 使用本地缓存 601162_2025-12-02_2026-04-01_qfq.json
23:14:25 [DEBUG] strategies: [主力建仓] 601162 验证通过 | 验证通过 | 来源: AKShare
23:14:25 [INFO] bt_data: [数据] 601636 使用本地缓存 601636_2025-12-02_2026-04-01_qfq.json
23:14:25 [DEBUG] strategies: [主力建仓] 601636 验证通过 | 验证通过 | 来源: AKShare
23:14:25 [INFO] bt_data: [数据] 002170 使用本地缓存 002170_2025-12-02_2026-04-01_qfq.json
23:14:25 [DEBUG] strategies: [主力建仓] 002170 验证通过 | 验证通过 | 来源: AKShare
23:14:25 [INFO] bt_data: [数据] 300041 使用本地缓存 300041_2025-12-02_2026-04-01_qfq.json
23:14:25 [DEBUG] strategies: [主力建仓] 300041 验证通过 | 验证通过 | 来源: AKShare
23:14:25 [INFO] bt_data: [数据] 301235 使用本地缓存 301235_2025-12-02_2026-04-01_qfq.json
23:14:25 [DEBUG] strategies: [主力建仓] 301235 验证通过 | 验证通过 | 来源: AKShare
23:14:25 [INFO] bt_data: [数据] 300611 使用本地缓存 300611_2025-12-02_2026-04-01_qfq.json
23:14:25 [DEBUG] strategies: [主力建仓] 300611 验证通过 | 验证通过 | 来源: AKShare
23:14:25 [INFO] bt_data: [数据] 002010 使用本地缓存 002010_2025-12-02_2026-04-01_qfq.json
23:14:25 [DEBUG] strategies: [主力建仓] 002010 验证通过 | 验证通过 | 来源: AKShare
23:14:25 [INFO] bt_data: [数据] 688518 使用本地缓存 688518_2025-12-02_2026-04-01_qfq.json
23:14:25 [DEBUG] strategies: [主力建仓] 688518 验证通过 | 验证通过 | 来源: AKShare
23:14:25 [INFO] bt_data: [数据] 605020 使用本地缓存 605020_2025-12-02_2026-04-01_qfq.json
23:14:25 [DEBUG] strategies: [主力建仓] 605020 验证通过 | 验证通过 | 来源: AKShare
23:14:25 [INFO] bt_data: [数据] 688639 使用本地缓存 688639_2025-12-02_2026-04-01_qfq.json
23:14:25 [DEBUG] strategies: [主力建仓] 688639 验证通过 | 验证通过 | 来源: AKShare
23:14:25 [INFO] bt_data: [数据] 688117 使用本地缓存 688117_2025-12-02_2026-04-01_qfq.json
23:14:25 [DEBUG] strategies: [主力建仓] 688117 验证通过 | 验证通过 | 来源: AKShare
23:14:25 [INFO] bt_data: [数据] 300702 使用本地缓存 300702_2025-12-02_2026-04-01_qfq.json
23:14:25 [DEBUG] strategies: [主力建仓] 300702 验证通过 | 验证通过 | 来源: AKShare
23:14:25 [INFO] bt_data: [数据] 301607 使用本地缓存 301607_2025-12-02_2026-04-01_qfq.json
23:14:25 [DEBUG] strategies: [主力建仓] 301607 验证通过 | 验证通过 | 来源: AKShare
23:14:25 [INFO] bt_data: [数据] 603969 使用本地缓存 603969_2025-12-02_2026-04-01_qfq.json
23:14:25 [DEBUG] strategies: [主力建仓] 603969 验证通过 | 验证通过 | 来源: AKShare
23:14:25 [INFO] bt_data: [数据] 603997 使用本地缓存 603997_2025-12-02_2026-04-01_qfq.json
23:14:25 [DEBUG] strategies: [主力建仓] 603997 验证通过 | 验证通过 | 来源: AKShare
23:14:25 [INFO] bt_data: [数据] 002637 使用本地缓存 002637_2025-12-02_2026-04-01_qfq.json
23:14:25 [DEBUG] strategies: [主力建仓] 002637 验证通过 | 验证通过 | 来源: AKShare
23:14:25 [INFO] bt_data: [数据] 002209 使用本地缓存 002209_2025-12-02_2026-04-01_qfq.json
23:14:25 [DEBUG] strategies: [主力建仓] 002209 验证通过 | 验证通过 | 来源: AKShare
23:14:25 [INFO] bt_data: [数据] 002511 使用本地缓存 002511_2025-12-02_2026-04-01_qfq.json
23:14:25 [DEBUG] strategies: [主力建仓] 002511 验证通过 | 验证通过 | 来源: AKShare
23:14:25 [INFO] bt_data: [数据] 000876 使用本地缓存 000876_2025-12-02_2026-04-01_qfq.json
23:14:25 [DEBUG] strategies: [主力建仓] 000876 验证通过 | 验证通过 | 来源: AKShare
23:14:25 [INFO] bt_data: [数据] 002006 使用本地缓存 002006_2025-12-02_2026-04-01_qfq.json
23:14:25 [DEBUG] strategies: [主力建仓] 002006 验证通过 | 验证通过 | 来源: AKShare
23:14:25 [INFO] bt_data: [数据] 301078 使用本地缓存 301078_2025-12-02_2026-04-01_qfq.json
23:14:25 [DEBUG] strategies: [主力建仓] 301078 验证通过 | 验证通过 | 来源: AKShare
23:14:25 [INFO] bt_data: [数据] 000935 使用本地缓存 000935_2025-12-02_2026-04-01_qfq.json
23:14:25 [DEBUG] strategies: [主力建仓] 000935 验证通过 | 验证通过 | 来源: AKShare
23:14:25 [INFO] bt_data: [数据] 300681 使用本地缓存 300681_2025-12-02_2026-04-01_qfq.json
23:14:25 [DEBUG] strategies: [主力建仓] 300681 验证通过 | 验证通过 | 来源: AKShare
23:14:25 [INFO] bt_data: [数据] 688410 使用本地缓存 688410_2025-12-02_2026-04-01_qfq.json
23:14:25 [DEBUG] strategies: [主力建仓] 688410 验证通过 | 验证通过 | 来源: AKShare
23:14:25 [INFO] bt_data: [数据] 301220 使用本地缓存 301220_2025-12-02_2026-04-01_qfq.json
23:14:25 [DEBUG] strategies: [主力建仓] 301220 验证通过 | 验证通过 | 来源: AKShare
23:14:25 [INFO] bt_data: [数据] 300473 使用本地缓存 300473_2025-12-02_2026-04-01_qfq.json
23:14:25 [DEBUG] strategies: [主力建仓] 300473 验证通过 | 验证通过 | 来源: AKShare
23:14:25 [INFO] bt_data: [数据] 300790 使用本地缓存 300790_2025-12-02_2026-04-01_qfq.json
23:14:25 [DEBUG] strategies: [主力建仓] 300790 验证通过 | 验证通过 | 来源: AKShare
23:14:25 [INFO] bt_data: [数据] 001288 使用本地缓存 001288_2025-12-02_2026-04-01_qfq.json
23:14:25 [DEBUG] strategies: [主力建仓] 001288 验证通过 | 验证通过 | 来源: AKShare
23:14:25 [INFO] bt_data: [数据] 603162 使用本地缓存 603162_2025-12-02_2026-04-01_qfq.json
23:14:25 [DEBUG] strategies: [主力建仓] 603162 验证通过 | 验证通过 | 来源: AKShare
23:14:25 [INFO] bt_data: [数据] 600251 使用本地缓存 600251_2025-12-02_2026-04-01_qfq.json
23:14:25 [DEBUG] strategies: [主力建仓] 600251 验证通过 | 验证通过 | 来源: AKShare
23:14:25 [INFO] bt_data: [数据] 000803 使用本地缓存 000803_2025-12-02_2026-04-01_qfq.json
23:14:25 [DEBUG] strategies: [主力建仓] 000803 验证通过 | 验证通过 | 来源: AKShare
23:14:25 [INFO] bt_data: [数据] 003002 使用本地缓存 003002_2025-12-02_2026-04-01_qfq.json
23:14:25 [DEBUG] strategies: [主力建仓] 003002 验证通过 | 验证通过 | 来源: AKShare
23:14:25 [INFO] bt_data: [数据] 300132 使用本地缓存 300132_2025-12-02_2026-04-01_qfq.json
23:14:25 [DEBUG] strategies: [主力建仓] 300132 验证通过 | 验证通过 | 来源: AKShare
23:14:25 [INFO] bt_data: [数据] 600576 使用本地缓存 600576_2025-12-02_2026-04-01_qfq.json
23:14:25 [DEBUG] strategies: [主力建仓] 600576 验证通过 | 验证通过 | 来源: AKShare
23:14:25 [INFO] bt_data: [数据] 002225 使用本地缓存 002225_2025-12-02_2026-04-01_qfq.json
23:14:25 [DEBUG] strategies: [主力建仓] 002225 验证通过 | 验证通过 | 来源: AKShare
23:14:25 [INFO] bt_data: [数据] 300940 使用本地缓存 300940_2025-12-02_2026-04-01_qfq.json
23:14:25 [DEBUG] strategies: [主力建仓] 300940 验证通过 | 验证通过 | 来源: AKShare
23:14:25 [INFO] bt_data: [数据] 003011 使用本地缓存 003011_2025-12-02_2026-04-01_qfq.json
23:14:25 [DEBUG] strategies: [主力建仓] 003011 验证通过 | 验证通过 | 来源: AKShare
23:14:25 [INFO] bt_data: [数据] 300644 使用本地缓存 300644_2025-12-02_2026-04-01_qfq.json
23:14:25 [DEBUG] strategies: [主力建仓] 300644 验证通过 | 验证通过 | 来源: AKShare
23:14:25 [INFO] bt_data: [数据] 600195 使用本地缓存 600195_2025-12-02_2026-04-01_qfq.json
23:14:25 [DEBUG] strategies: [主力建仓] 600195 验证通过 | 验证通过 | 来源: AKShare
23:14:25 [INFO] bt_data: [数据] 301161 使用本地缓存 301161_2025-12-02_2026-04-01_qfq.json
23:14:25 [DEBUG] strategies: [主力建仓] 301161 验证通过 | 验证通过 | 来源: AKShare
23:14:25 [INFO] bt_data: [数据] 000576 使用本地缓存 000576_2025-12-02_2026-04-01_qfq.json
23:14:25 [DEBUG] strategies: [主力建仓] 000576 验证通过 | 验证通过 | 来源: AKShare
23:14:25 [INFO] bt_data: [数据] 001228 使用本地缓存 001228_2025-12-02_2026-04-01_qfq.json
23:14:25 [DEBUG] strategies: [主力建仓] 001228 验证通过 | 验证通过 | 来源: AKShare
23:14:25 [INFO] bt_data: [数据] 603081 使用本地缓存 603081_2025-12-02_2026-04-01_qfq.json
23:14:25 [DEBUG] strategies: [主力建仓] 603081 验证通过 | 验证通过 | 来源: AKShare
23:14:25 [INFO] bt_data: [数据] 003017 使用本地缓存 003017_2025-12-02_2026-04-01_qfq.json
23:14:25 [DEBUG] strategies: [主力建仓] 003017 验证通过 | 验证通过 | 来源: AKShare
23:14:25 [INFO] bt_data: [数据] 002688 使用本地缓存 002688_2025-12-02_2026-04-01_qfq.json
23:14:25 [DEBUG] strategies: [主力建仓] 002688 验证通过 | 验证通过 | 来源: AKShare
23:14:25 [INFO] bt_data: [数据] 600983 使用本地缓存 600983_2025-12-02_2026-04-01_qfq.json
23:14:25 [DEBUG] strategies: [主力建仓] 600983 验证通过 | 验证通过 | 来源: AKShare
23:14:25 [INFO] bt_data: [数据] 688379 使用本地缓存 688379_2025-12-02_2026-04-01_qfq.json
23:14:25 [DEBUG] strategies: [主力建仓] 688379 验证通过 | 验证通过 | 来源: AKShare
23:14:25 [INFO] bt_data: [数据] 301381 使用本地缓存 301381_2025-12-02_2026-04-01_qfq.json
23:14:25 [DEBUG] strategies: [主力建仓] 301381 验证通过 | 验证通过 | 来源: AKShare
23:14:25 [INFO] bt_data: [数据] 300967 使用本地缓存 300967_2025-12-02_2026-04-01_qfq.json
23:14:25 [DEBUG] strategies: [主力建仓] 300967 验证通过 | 验证通过 | 来源: AKShare
23:14:25 [INFO] bt_data: [数据] 603313 使用本地缓存 603313_2025-12-02_2026-04-01_qfq.json
23:14:25 [DEBUG] strategies: [主力建仓] 603313 验证通过 | 验证通过 | 来源: AKShare
23:14:25 [INFO] bt_data: [数据] 603566 使用本地缓存 603566_2025-12-02_2026-04-01_qfq.json
23:14:25 [DEBUG] strategies: [主力建仓] 603566 验证通过 | 验证通过 | 来源: AKShare
23:14:25 [INFO] bt_data: [数据] 688557 使用本地缓存 688557_2025-12-02_2026-04-01_qfq.json
23:14:25 [DEBUG] strategies: [主力建仓] 688557 验证通过 | 验证通过 | 来源: AKShare
23:14:25 [INFO] bt_data: [数据] 688600 使用本地缓存 688600_2025-12-02_2026-04-01_qfq.json
23:14:25 [DEBUG] strategies: [主力建仓] 688600 验证通过 | 验证通过 | 来源: AKShare
23:14:25 [INFO] bt_data: [数据] 301283 使用本地缓存 301283_2025-12-02_2026-04-01_qfq.json
23:14:25 [DEBUG] strategies: [主力建仓] 301283 验证通过 | 验证通过 | 来源: AKShare
23:14:25 [INFO] bt_data: [数据] 603151 使用本地缓存 603151_2025-12-02_2026-04-01_qfq.json
23:14:25 [DEBUG] strategies: [主力建仓] 603151 验证通过 | 验证通过 | 来源: AKShare
23:14:25 [INFO] bt_data: [数据] 603506 使用本地缓存 603506_2025-12-02_2026-04-01_qfq.json
23:14:25 [DEBUG] strategies: [主力建仓] 603506 验证通过 | 验证通过 | 来源: AKShare
23:14:25 [INFO] bt_data: [数据] 601968 使用本地缓存 601968_2025-12-02_2026-04-01_qfq.json
23:14:25 [DEBUG] strategies: [主力建仓] 601968 验证通过 | 验证通过 | 来源: AKShare
23:14:25 [INFO] bt_data: [数据] 688162 使用本地缓存 688162_2025-12-02_2026-04-01_qfq.json
23:14:25 [DEBUG] strategies: [主力建仓] 688162 验证通过 | 验证通过 | 来源: AKShare
23:14:25 [INFO] bt_data: [数据] 301356 使用本地缓存 301356_2025-12-02_2026-04-01_qfq.json
23:14:25 [DEBUG] strategies: [主力建仓] 301356 验证通过 | 验证通过 | 来源: AKShare
23:14:25 [INFO] bt_data: [数据] 688269 使用本地缓存 688269_2025-12-02_2026-04-01_qfq.json
23:14:25 [DEBUG] strategies: [主力建仓] 688269 验证通过 | 验证通过 | 来源: AKShare
23:14:25 [INFO] bt_data: [数据] 603101 使用本地缓存 603101_2025-12-02_2026-04-01_qfq.json
23:14:25 [DEBUG] strategies: [主力建仓] 603101 验证通过 | 验证通过 | 来源: AKShare
23:14:25 [INFO] bt_data: [数据] 688501 使用本地缓存 688501_2025-12-02_2026-04-01_qfq.json
23:14:25 [DEBUG] strategies: [主力建仓] 688501 验证通过 | 验证通过 | 来源: AKShare
23:14:25 [INFO] bt_data: [数据] 301446 使用本地缓存 301446_2025-12-02_2026-04-01_qfq.json
23:14:25 [DEBUG] strategies: [主力建仓] 301446 验证通过 | 验证通过 | 来源: AKShare
23:14:25 [INFO] bt_data: [数据] 688665 使用本地缓存 688665_2025-12-02_2026-04-01_qfq.json
23:14:25 [DEBUG] strategies: [主力建仓] 688665 验证通过 | 验证通过 | 来源: AKShare
23:14:25 [INFO] daily_scan: [日扫描] 命中 BUY=0 WATCH=24
23:14:25 [INFO] daily_scan:   WATCH 600143 金发科技 信号日=2026-04-01
23:14:25 [INFO] daily_scan:   WATCH 300611 美力科技 信号日=2026-04-01
23:14:25 [INFO] daily_scan:   WATCH 688117 圣诺生物 信号日=2026-04-01
23:14:25 [INFO] daily_scan:   WATCH 001228 永泰运 信号日=2026-04-01
23:14:25 [INFO] daily_scan:   WATCH 002402 和而泰 信号日=2026-03-31
23:14:25 [INFO] scan_dao: [scan_dao] major_capital_accumulation 写入 24 条扫描结果
23:14:25 [INFO] daily_scan: [日扫描] Web 状态已更新并持久化 | BUY=0 WATCH=24
10:48:59 [INFO] mysql: [MySQL] 连接池已关闭
10:48:59 [INFO] web_app: [App] 调度器+连接池已停止
